<?xml version="1.0" encoding="UTF-8"?>
<coverage generated="1561730752881" clover="3.2.0">
  <project timestamp="1561730752881" name="All files">
    <metrics statements="1" coveredstatements="1" conditionals="295" coveredconditionals="166" methods="129" coveredmethods="96" elements="425" coveredelements="263" complexity="0" loc="1" ncloc="1" packages="1" files="1" classes="1"/>
    <file name="focusFlow.es.js" path="F:\code\demo\npm\focus-flow\dist\focusFlow.es.js">
      <metrics statements="1" coveredstatements="1" conditionals="295" coveredconditionals="166" methods="129" coveredmethods="96"/>
      <line num="1" count="148" type="cond" truecount="166" falsecount="129"/>
    </file>
  </project>
</coverage>
