{"F:\\code\\demo\\npm\\focus-flow\\dist\\focusFlow.es.js": {"path":"F:\\code\\demo\\npm\\focus-flow\\dist\\focusFlow.es.js","statementMap":{"0":{"start":{"line":1,"column":35},"end":{"line":1,"column":81}},"1":{"start":{"line":1,"column":125},"end":{"line":1,"column":179}},"2":{"start":{"line":1,"column":135},"end":{"line":1,"column":142}},"3":{"start":{"line":1,"column":145},"end":{"line":1,"column":152}},"4":{"start":{"line":1,"column":162},"end":{"line":1,"column":178}},"5":{"start":{"line":1,"column":179},"end":{"line":1,"column":219}},"6":{"start":{"line":1,"column":250},"end":{"line":1,"column":462}},"7":{"start":{"line":1,"column":274},"end":{"line":1,"column":278}},"8":{"start":{"line":1,"column":281},"end":{"line":1,"column":290}},"9":{"start":{"line":1,"column":291},"end":{"line":1,"column":461}},"10":{"start":{"line":1,"column":338},"end":{"line":1,"column":376}},"11":{"start":{"line":1,"column":391},"end":{"line":1,"column":430}},"12":{"start":{"line":1,"column":437},"end":{"line":1,"column":449}},"13":{"start":{"line":1,"column":450},"end":{"line":1,"column":459}},"14":{"start":{"line":1,"column":493},"end":{"line":1,"column":570}},"15":{"start":{"line":1,"column":514},"end":{"line":1,"column":570}},"16":{"start":{"line":1,"column":603},"end":{"line":1,"column":752}},"17":{"start":{"line":1,"column":613},"end":{"line":1,"column":614}},"18":{"start":{"line":1,"column":637},"end":{"line":1,"column":641}},"19":{"start":{"line":1,"column":642},"end":{"line":1,"column":751}},"20":{"start":{"line":1,"column":782},"end":{"line":1,"column":852}},"21":{"start":{"line":1,"column":885},"end":{"line":1,"column":986}},"22":{"start":{"line":1,"column":1001},"end":{"line":1,"column":7215}},"23":{"start":{"line":1,"column":1040},"end":{"line":1,"column":7138}},"24":{"start":{"line":1,"column":1078},"end":{"line":1,"column":1109}},"25":{"start":{"line":1,"column":1112},"end":{"line":1,"column":1138}},"26":{"start":{"line":1,"column":1141},"end":{"line":1,"column":1153}},"27":{"start":{"line":1,"column":1154},"end":{"line":1,"column":1181}},"28":{"start":{"line":1,"column":1200},"end":{"line":1,"column":1278}},"29":{"start":{"line":1,"column":1204},"end":{"line":1,"column":1241}},"30":{"start":{"line":1,"column":1251},"end":{"line":1,"column":1277}},"31":{"start":{"line":1,"column":1335},"end":{"line":1,"column":1425}},"32":{"start":{"line":1,"column":1381},"end":{"line":1,"column":1423}},"33":{"start":{"line":1,"column":1398},"end":{"line":1,"column":1422}},"34":{"start":{"line":1,"column":1466},"end":{"line":1,"column":1477}},"35":{"start":{"line":1,"column":1478},"end":{"line":1,"column":1753}},"36":{"start":{"line":1,"column":1505},"end":{"line":1,"column":1510}},"37":{"start":{"line":1,"column":1513},"end":{"line":1,"column":1520}},"38":{"start":{"line":1,"column":1521},"end":{"line":1,"column":1752}},"39":{"start":{"line":1,"column":1615},"end":{"line":1,"column":1630}},"40":{"start":{"line":1,"column":1644},"end":{"line":1,"column":1660}},"41":{"start":{"line":1,"column":1699},"end":{"line":1,"column":1713}},"42":{"start":{"line":1,"column":1727},"end":{"line":1,"column":1750}},"43":{"start":{"line":1,"column":1753},"end":{"line":1,"column":1761}},"44":{"start":{"line":1,"column":1791},"end":{"line":1,"column":1836}},"45":{"start":{"line":1,"column":1824},"end":{"line":1,"column":1834}},"46":{"start":{"line":1,"column":1837},"end":{"line":1,"column":1863}},"47":{"start":{"line":1,"column":1870},"end":{"line":1,"column":1884}},"48":{"start":{"line":1,"column":1909},"end":{"line":1,"column":1910}},"49":{"start":{"line":1,"column":1911},"end":{"line":1,"column":2459}},"50":{"start":{"line":1,"column":1932},"end":{"line":1,"column":1985}},"51":{"start":{"line":1,"column":1941},"end":{"line":1,"column":1985}},"52":{"start":{"line":1,"column":1985},"end":{"line":1,"column":2029}},"53":{"start":{"line":1,"column":1995},"end":{"line":1,"column":2018}},"54":{"start":{"line":1,"column":2010},"end":{"line":1,"column":2018}},"55":{"start":{"line":1,"column":2018},"end":{"line":1,"column":2028}},"56":{"start":{"line":1,"column":2029},"end":{"line":1,"column":2458}},"57":{"start":{"line":1,"column":2061},"end":{"line":1,"column":2071}},"58":{"start":{"line":1,"column":2072},"end":{"line":1,"column":2125}},"59":{"start":{"line":1,"column":2084},"end":{"line":1,"column":2090}},"60":{"start":{"line":1,"column":2091},"end":{"line":1,"column":2124}},"61":{"start":{"line":1,"column":2097},"end":{"line":1,"column":2115}},"62":{"start":{"line":1,"column":2106},"end":{"line":1,"column":2115}},"63":{"start":{"line":1,"column":2115},"end":{"line":1,"column":2123}},"64":{"start":{"line":1,"column":2125},"end":{"line":1,"column":2297}},"65":{"start":{"line":1,"column":2146},"end":{"line":1,"column":2167}},"66":{"start":{"line":1,"column":2172},"end":{"line":1,"column":2297}},"67":{"start":{"line":1,"column":2195},"end":{"line":1,"column":2220}},"68":{"start":{"line":1,"column":2204},"end":{"line":1,"column":2220}},"69":{"start":{"line":1,"column":2220},"end":{"line":1,"column":2246}},"70":{"start":{"line":1,"column":2251},"end":{"line":1,"column":2297}},"71":{"start":{"line":1,"column":2297},"end":{"line":1,"column":2301}},"72":{"start":{"line":1,"column":2307},"end":{"line":1,"column":2315}},"73":{"start":{"line":1,"column":2316},"end":{"line":1,"column":2405}},"74":{"start":{"line":1,"column":2338},"end":{"line":1,"column":2373}},"75":{"start":{"line":1,"column":2364},"end":{"line":1,"column":2373}},"76":{"start":{"line":1,"column":2373},"end":{"line":1,"column":2404}},"77":{"start":{"line":1,"column":2405},"end":{"line":1,"column":2457}},"78":{"start":{"line":1,"column":2482},"end":{"line":1,"column":2502}},"79":{"start":{"line":1,"column":2503},"end":{"line":1,"column":2733}},"80":{"start":{"line":1,"column":2513},"end":{"line":1,"column":2724}},"81":{"start":{"line":1,"column":2552},"end":{"line":1,"column":2637}},"82":{"start":{"line":1,"column":2628},"end":{"line":1,"column":2637}},"83":{"start":{"line":1,"column":2637},"end":{"line":1,"column":2723}},"84":{"start":{"line":1,"column":2724},"end":{"line":1,"column":2732}},"85":{"start":{"line":1,"column":2739},"end":{"line":1,"column":2760}},"86":{"start":{"line":1,"column":2761},"end":{"line":1,"column":2835}},"87":{"start":{"line":1,"column":2781},"end":{"line":1,"column":2835}},"88":{"start":{"line":1,"column":2841},"end":{"line":1,"column":2846}},"89":{"start":{"line":1,"column":2847},"end":{"line":1,"column":3065}},"90":{"start":{"line":1,"column":3086},"end":{"line":1,"column":3099}},"91":{"start":{"line":1,"column":3100},"end":{"line":1,"column":3193}},"92":{"start":{"line":1,"column":3214},"end":{"line":1,"column":3230}},"93":{"start":{"line":1,"column":3231},"end":{"line":1,"column":3274}},"94":{"start":{"line":1,"column":3289},"end":{"line":1,"column":3355}},"95":{"start":{"line":1,"column":3370},"end":{"line":1,"column":3605}},"96":{"start":{"line":1,"column":3382},"end":{"line":1,"column":3386}},"97":{"start":{"line":1,"column":3387},"end":{"line":1,"column":3409}},"98":{"start":{"line":1,"column":3392},"end":{"line":1,"column":3409}},"99":{"start":{"line":1,"column":3409},"end":{"line":1,"column":3447}},"100":{"start":{"line":1,"column":3438},"end":{"line":1,"column":3447}},"101":{"start":{"line":1,"column":3447},"end":{"line":1,"column":3604}},"102":{"start":{"line":1,"column":3474},"end":{"line":1,"column":3476}},"103":{"start":{"line":1,"column":3479},"end":{"line":1,"column":3587}},"104":{"start":{"line":1,"column":3492},"end":{"line":1,"column":3558}},"105":{"start":{"line":1,"column":3511},"end":{"line":1,"column":3558}},"106":{"start":{"line":1,"column":3526},"end":{"line":1,"column":3558}},"107":{"start":{"line":1,"column":3558},"end":{"line":1,"column":3586}},"108":{"start":{"line":1,"column":3588},"end":{"line":1,"column":3603}},"109":{"start":{"line":1,"column":3605},"end":{"line":1,"column":3619}},"110":{"start":{"line":1,"column":3633},"end":{"line":1,"column":3656}},"111":{"start":{"line":1,"column":3665},"end":{"line":1,"column":3681}},"112":{"start":{"line":1,"column":3684},"end":{"line":1,"column":3700}},"113":{"start":{"line":1,"column":3703},"end":{"line":1,"column":3738}},"114":{"start":{"line":1,"column":3741},"end":{"line":1,"column":3765}},"115":{"start":{"line":1,"column":3768},"end":{"line":1,"column":3802}},"116":{"start":{"line":1,"column":3805},"end":{"line":1,"column":3835}},"117":{"start":{"line":1,"column":3836},"end":{"line":1,"column":3845}},"118":{"start":{"line":1,"column":3851},"end":{"line":1,"column":3867}},"119":{"start":{"line":1,"column":3870},"end":{"line":1,"column":3886}},"120":{"start":{"line":1,"column":3889},"end":{"line":1,"column":3900}},"121":{"start":{"line":1,"column":3903},"end":{"line":1,"column":3914}},"122":{"start":{"line":1,"column":3917},"end":{"line":1,"column":3919}},"123":{"start":{"line":1,"column":3922},"end":{"line":1,"column":3924}},"124":{"start":{"line":1,"column":3925},"end":{"line":1,"column":3954}},"125":{"start":{"line":1,"column":3941},"end":{"line":1,"column":3952}},"126":{"start":{"line":1,"column":3960},"end":{"line":1,"column":3981}},"127":{"start":{"line":1,"column":3984},"end":{"line":1,"column":3998}},"128":{"start":{"line":1,"column":3999},"end":{"line":1,"column":4028}},"129":{"start":{"line":1,"column":4034},"end":{"line":1,"column":4074}},"130":{"start":{"line":1,"column":4075},"end":{"line":1,"column":7126}},"131":{"start":{"line":1,"column":4205},"end":{"line":1,"column":4240}},"132":{"start":{"line":1,"column":4241},"end":{"line":1,"column":4306}},"133":{"start":{"line":1,"column":4327},"end":{"line":1,"column":4464}},"134":{"start":{"line":1,"column":4486},"end":{"line":1,"column":4503}},"135":{"start":{"line":1,"column":4546},"end":{"line":1,"column":4557}},"136":{"start":{"line":1,"column":4609},"end":{"line":1,"column":4626}},"137":{"start":{"line":1,"column":4627},"end":{"line":1,"column":4719}},"138":{"start":{"line":1,"column":4687},"end":{"line":1,"column":4717}},"139":{"start":{"line":1,"column":4759},"end":{"line":1,"column":4770}},"140":{"start":{"line":1,"column":4794},"end":{"line":1,"column":4820}},"141":{"start":{"line":1,"column":4847},"end":{"line":1,"column":4849}},"142":{"start":{"line":1,"column":4850},"end":{"line":1,"column":4875}},"143":{"start":{"line":1,"column":4865},"end":{"line":1,"column":4875}},"144":{"start":{"line":1,"column":4875},"end":{"line":1,"column":4995}},"145":{"start":{"line":1,"column":4907},"end":{"line":1,"column":4976}},"146":{"start":{"line":1,"column":4929},"end":{"line":1,"column":4936}},"147":{"start":{"line":1,"column":4937},"end":{"line":1,"column":4975}},"148":{"start":{"line":1,"column":4947},"end":{"line":1,"column":4975}},"149":{"start":{"line":1,"column":4976},"end":{"line":1,"column":4994}},"150":{"start":{"line":1,"column":5053},"end":{"line":1,"column":5280}},"151":{"start":{"line":1,"column":5195},"end":{"line":1,"column":5280}},"152":{"start":{"line":1,"column":5213},"end":{"line":1,"column":5280}},"153":{"start":{"line":1,"column":5298},"end":{"line":1,"column":5311}},"154":{"start":{"line":1,"column":5317},"end":{"line":1,"column":5346}},"155":{"start":{"line":1,"column":5347},"end":{"line":1,"column":5379}},"156":{"start":{"line":1,"column":5367},"end":{"line":1,"column":5379}},"157":{"start":{"line":1,"column":5379},"end":{"line":1,"column":5395}},"158":{"start":{"line":1,"column":5443},"end":{"line":1,"column":5514}},"159":{"start":{"line":1,"column":5515},"end":{"line":1,"column":5536}},"160":{"start":{"line":1,"column":5528},"end":{"line":1,"column":5536}},"161":{"start":{"line":1,"column":5536},"end":{"line":1,"column":6022}},"162":{"start":{"line":1,"column":5546},"end":{"line":1,"column":5550}},"163":{"start":{"line":1,"column":5553},"end":{"line":1,"column":5577}},"164":{"start":{"line":1,"column":5594},"end":{"line":1,"column":5612}},"165":{"start":{"line":1,"column":5615},"end":{"line":1,"column":5627}},"166":{"start":{"line":1,"column":5628},"end":{"line":1,"column":5665}},"167":{"start":{"line":1,"column":5649},"end":{"line":1,"column":5665}},"168":{"start":{"line":1,"column":5665},"end":{"line":1,"column":6021}},"169":{"start":{"line":1,"column":5695},"end":{"line":1,"column":5715}},"170":{"start":{"line":1,"column":5718},"end":{"line":1,"column":5740}},"171":{"start":{"line":1,"column":5741},"end":{"line":1,"column":6020}},"172":{"start":{"line":1,"column":5750},"end":{"line":1,"column":5798}},"173":{"start":{"line":1,"column":5774},"end":{"line":1,"column":5798}},"174":{"start":{"line":1,"column":5798},"end":{"line":1,"column":5846}},"175":{"start":{"line":1,"column":5824},"end":{"line":1,"column":5846}},"176":{"start":{"line":1,"column":5852},"end":{"line":1,"column":6020}},"177":{"start":{"line":1,"column":5858},"end":{"line":1,"column":5905}},"178":{"start":{"line":1,"column":5882},"end":{"line":1,"column":5905}},"179":{"start":{"line":1,"column":5911},"end":{"line":1,"column":5971}},"180":{"start":{"line":1,"column":5917},"end":{"line":1,"column":5971}},"181":{"start":{"line":1,"column":5971},"end":{"line":1,"column":6019}},"182":{"start":{"line":1,"column":5997},"end":{"line":1,"column":6019}},"183":{"start":{"line":1,"column":6045},"end":{"line":1,"column":6202}},"184":{"start":{"line":1,"column":6055},"end":{"line":1,"column":6079}},"185":{"start":{"line":1,"column":6096},"end":{"line":1,"column":6114}},"186":{"start":{"line":1,"column":6115},"end":{"line":1,"column":6201}},"187":{"start":{"line":1,"column":6193},"end":{"line":1,"column":6194}},"188":{"start":{"line":1,"column":6195},"end":{"line":1,"column":6200}},"189":{"start":{"line":1,"column":6202},"end":{"line":1,"column":6272}},"190":{"start":{"line":1,"column":6278},"end":{"line":1,"column":6295}},"191":{"start":{"line":1,"column":6296},"end":{"line":1,"column":6384}},"192":{"start":{"line":1,"column":6409},"end":{"line":1,"column":6441}},"193":{"start":{"line":1,"column":6429},"end":{"line":1,"column":6441}},"194":{"start":{"line":1,"column":6441},"end":{"line":1,"column":6620}},"195":{"start":{"line":1,"column":6641},"end":{"line":1,"column":6784}},"196":{"start":{"line":1,"column":6651},"end":{"line":1,"column":6675}},"197":{"start":{"line":1,"column":6692},"end":{"line":1,"column":6710}},"198":{"start":{"line":1,"column":6711},"end":{"line":1,"column":6783}},"199":{"start":{"line":1,"column":6731},"end":{"line":1,"column":6783}},"200":{"start":{"line":1,"column":6804},"end":{"line":1,"column":6958}},"201":{"start":{"line":1,"column":6814},"end":{"line":1,"column":6838}},"202":{"start":{"line":1,"column":6855},"end":{"line":1,"column":6873}},"203":{"start":{"line":1,"column":6874},"end":{"line":1,"column":6957}},"204":{"start":{"line":1,"column":6897},"end":{"line":1,"column":6909}},"205":{"start":{"line":1,"column":6910},"end":{"line":1,"column":6948}},"206":{"start":{"line":1,"column":6937},"end":{"line":1,"column":6942}},"207":{"start":{"line":1,"column":6943},"end":{"line":1,"column":6947}},"208":{"start":{"line":1,"column":6948},"end":{"line":1,"column":6956}},"209":{"start":{"line":1,"column":6958},"end":{"line":1,"column":6994}},"210":{"start":{"line":1,"column":7026},"end":{"line":1,"column":7122}},"211":{"start":{"line":1,"column":7139},"end":{"line":1,"column":7213}},"212":{"start":{"line":1,"column":7143},"end":{"line":1,"column":7163}},"213":{"start":{"line":1,"column":7173},"end":{"line":1,"column":7212}},"214":{"start":{"line":1,"column":7228},"end":{"line":1,"column":7237}},"215":{"start":{"line":1,"column":7255},"end":{"line":1,"column":7272}},"216":{"start":{"line":1,"column":7283},"end":{"line":1,"column":7787}},"217":{"start":{"line":1,"column":7330},"end":{"line":1,"column":7544}},"218":{"start":{"line":1,"column":7411},"end":{"line":1,"column":7426}},"219":{"start":{"line":1,"column":7440},"end":{"line":1,"column":7539}},"220":{"start":{"line":1,"column":7559},"end":{"line":1,"column":7773}},"221":{"start":{"line":1,"column":7647},"end":{"line":1,"column":7658}},"222":{"start":{"line":1,"column":7672},"end":{"line":1,"column":7767}},"223":{"start":{"line":1,"column":7774},"end":{"line":1,"column":7785}},"224":{"start":{"line":1,"column":7803},"end":{"line":1,"column":7818}},"225":{"start":{"line":1,"column":7831},"end":{"line":1,"column":7843}},"226":{"start":{"line":1,"column":7859},"end":{"line":1,"column":7874}},"227":{"start":{"line":1,"column":7882},"end":{"line":1,"column":9066}},"228":{"start":{"line":1,"column":7909},"end":{"line":1,"column":8053}},"229":{"start":{"line":1,"column":8054},"end":{"line":1,"column":9063}},"230":{"start":{"line":1,"column":8116},"end":{"line":1,"column":8149}},"231":{"start":{"line":1,"column":8150},"end":{"line":1,"column":8213}},"232":{"start":{"line":1,"column":8261},"end":{"line":1,"column":8291}},"233":{"start":{"line":1,"column":8298},"end":{"line":1,"column":8819}},"234":{"start":{"line":1,"column":8354},"end":{"line":1,"column":8816}},"235":{"start":{"line":1,"column":8390},"end":{"line":1,"column":8807}},"236":{"start":{"line":1,"column":8397},"end":{"line":1,"column":8807}},"237":{"start":{"line":1,"column":8426},"end":{"line":1,"column":8471}},"238":{"start":{"line":1,"column":8456},"end":{"line":1,"column":8465}},"239":{"start":{"line":1,"column":8465},"end":{"line":1,"column":8470}},"240":{"start":{"line":1,"column":8471},"end":{"line":1,"column":8512}},"241":{"start":{"line":1,"column":8519},"end":{"line":1,"column":8592}},"242":{"start":{"line":1,"column":8577},"end":{"line":1,"column":8586}},"243":{"start":{"line":1,"column":8586},"end":{"line":1,"column":8591}},"244":{"start":{"line":1,"column":8592},"end":{"line":1,"column":8622}},"245":{"start":{"line":1,"column":8629},"end":{"line":1,"column":8639}},"246":{"start":{"line":1,"column":8639},"end":{"line":1,"column":8645}},"247":{"start":{"line":1,"column":8652},"end":{"line":1,"column":8675}},"248":{"start":{"line":1,"column":8659},"end":{"line":1,"column":8669}},"249":{"start":{"line":1,"column":8669},"end":{"line":1,"column":8674}},"250":{"start":{"line":1,"column":8675},"end":{"line":1,"column":8712}},"251":{"start":{"line":1,"column":8720},"end":{"line":1,"column":8730}},"252":{"start":{"line":1,"column":8730},"end":{"line":1,"column":8736}},"253":{"start":{"line":1,"column":8744},"end":{"line":1,"column":8773}},"254":{"start":{"line":1,"column":8791},"end":{"line":1,"column":8806}},"255":{"start":{"line":1,"column":8820},"end":{"line":1,"column":8828}},"256":{"start":{"line":1,"column":8865},"end":{"line":1,"column":8909}},"257":{"start":{"line":1,"column":8949},"end":{"line":1,"column":8963}},"258":{"start":{"line":1,"column":8964},"end":{"line":1,"column":8999}},"259":{"start":{"line":1,"column":9032},"end":{"line":1,"column":9057}},"260":{"start":{"line":1,"column":9077},"end":{"line":1,"column":13986}},"261":{"start":{"line":1,"column":9107},"end":{"line":1,"column":9164}},"262":{"start":{"line":1,"column":9165},"end":{"line":1,"column":9249}},"263":{"start":{"line":1,"column":9250},"end":{"line":1,"column":13983}},"264":{"start":{"line":1,"column":9312},"end":{"line":1,"column":9354}},"265":{"start":{"line":1,"column":9355},"end":{"line":1,"column":9386}},"266":{"start":{"line":1,"column":9438},"end":{"line":1,"column":9441}},"267":{"start":{"line":1,"column":9442},"end":{"line":1,"column":9532}},"268":{"start":{"line":1,"column":9479},"end":{"line":1,"column":9493}},"269":{"start":{"line":1,"column":9568},"end":{"line":1,"column":9718}},"270":{"start":{"line":1,"column":9592},"end":{"line":1,"column":9624}},"271":{"start":{"line":1,"column":9629},"end":{"line":1,"column":9718}},"272":{"start":{"line":1,"column":9651},"end":{"line":1,"column":9670}},"273":{"start":{"line":1,"column":9675},"end":{"line":1,"column":9718}},"274":{"start":{"line":1,"column":9693},"end":{"line":1,"column":9718}},"275":{"start":{"line":1,"column":9718},"end":{"line":1,"column":9786}},"276":{"start":{"line":1,"column":9829},"end":{"line":1,"column":9901}},"277":{"start":{"line":1,"column":9902},"end":{"line":1,"column":9953}},"278":{"start":{"line":1,"column":9993},"end":{"line":1,"column":10003}},"279":{"start":{"line":1,"column":10006},"end":{"line":1,"column":10323}},"280":{"start":{"line":1,"column":10023},"end":{"line":1,"column":10267}},"281":{"start":{"line":1,"column":10073},"end":{"line":1,"column":10264}},"282":{"start":{"line":1,"column":10109},"end":{"line":1,"column":10260}},"283":{"start":{"line":1,"column":10116},"end":{"line":1,"column":10260}},"284":{"start":{"line":1,"column":10145},"end":{"line":1,"column":10172}},"285":{"start":{"line":1,"column":10179},"end":{"line":1,"column":10227}},"286":{"start":{"line":1,"column":10244},"end":{"line":1,"column":10259}},"287":{"start":{"line":1,"column":10268},"end":{"line":1,"column":10320}},"288":{"start":{"line":1,"column":10289},"end":{"line":1,"column":10319}},"289":{"start":{"line":1,"column":10324},"end":{"line":1,"column":10345}},"290":{"start":{"line":1,"column":10381},"end":{"line":1,"column":10413}},"291":{"start":{"line":1,"column":10446},"end":{"line":1,"column":10475}},"292":{"start":{"line":1,"column":10513},"end":{"line":1,"column":10517}},"293":{"start":{"line":1,"column":10520},"end":{"line":1,"column":10530}},"294":{"start":{"line":1,"column":10533},"end":{"line":1,"column":10806}},"295":{"start":{"line":1,"column":10550},"end":{"line":1,"column":10752}},"296":{"start":{"line":1,"column":10598},"end":{"line":1,"column":10749}},"297":{"start":{"line":1,"column":10634},"end":{"line":1,"column":10745}},"298":{"start":{"line":1,"column":10641},"end":{"line":1,"column":10745}},"299":{"start":{"line":1,"column":10670},"end":{"line":1,"column":10712}},"300":{"start":{"line":1,"column":10729},"end":{"line":1,"column":10744}},"301":{"start":{"line":1,"column":10753},"end":{"line":1,"column":10803}},"302":{"start":{"line":1,"column":10772},"end":{"line":1,"column":10802}},"303":{"start":{"line":1,"column":10807},"end":{"line":1,"column":10826}},"304":{"start":{"line":1,"column":10878},"end":{"line":1,"column":10908}},"305":{"start":{"line":1,"column":10922},"end":{"line":1,"column":11179}},"306":{"start":{"line":1,"column":10979},"end":{"line":1,"column":11153}},"307":{"start":{"line":1,"column":11015},"end":{"line":1,"column":11149}},"308":{"start":{"line":1,"column":11022},"end":{"line":1,"column":11149}},"309":{"start":{"line":1,"column":11051},"end":{"line":1,"column":11116}},"310":{"start":{"line":1,"column":11133},"end":{"line":1,"column":11148}},"311":{"start":{"line":1,"column":11180},"end":{"line":1,"column":11218}},"312":{"start":{"line":1,"column":11267},"end":{"line":1,"column":11297}},"313":{"start":{"line":1,"column":11304},"end":{"line":1,"column":11687}},"314":{"start":{"line":1,"column":11362},"end":{"line":1,"column":11684}},"315":{"start":{"line":1,"column":11398},"end":{"line":1,"column":11675}},"316":{"start":{"line":1,"column":11405},"end":{"line":1,"column":11675}},"317":{"start":{"line":1,"column":11434},"end":{"line":1,"column":11469}},"318":{"start":{"line":1,"column":11454},"end":{"line":1,"column":11463}},"319":{"start":{"line":1,"column":11463},"end":{"line":1,"column":11468}},"320":{"start":{"line":1,"column":11469},"end":{"line":1,"column":11500}},"321":{"start":{"line":1,"column":11507},"end":{"line":1,"column":11604}},"322":{"start":{"line":1,"column":11611},"end":{"line":1,"column":11642}},"323":{"start":{"line":1,"column":11659},"end":{"line":1,"column":11674}},"324":{"start":{"line":1,"column":11688},"end":{"line":1,"column":11696}},"325":{"start":{"line":1,"column":11733},"end":{"line":1,"column":11763}},"326":{"start":{"line":1,"column":11816},"end":{"line":1,"column":11846}},"327":{"start":{"line":1,"column":11853},"end":{"line":1,"column":12120}},"328":{"start":{"line":1,"column":11909},"end":{"line":1,"column":12117}},"329":{"start":{"line":1,"column":11945},"end":{"line":1,"column":12108}},"330":{"start":{"line":1,"column":11952},"end":{"line":1,"column":12108}},"331":{"start":{"line":1,"column":11981},"end":{"line":1,"column":12075}},"332":{"start":{"line":1,"column":12092},"end":{"line":1,"column":12107}},"333":{"start":{"line":1,"column":12121},"end":{"line":1,"column":12129}},"334":{"start":{"line":1,"column":12178},"end":{"line":1,"column":12208}},"335":{"start":{"line":1,"column":12215},"end":{"line":1,"column":12927}},"336":{"start":{"line":1,"column":12275},"end":{"line":1,"column":12924}},"337":{"start":{"line":1,"column":12311},"end":{"line":1,"column":12906}},"338":{"start":{"line":1,"column":12318},"end":{"line":1,"column":12906}},"339":{"start":{"line":1,"column":12347},"end":{"line":1,"column":12441}},"340":{"start":{"line":1,"column":12426},"end":{"line":1,"column":12435}},"341":{"start":{"line":1,"column":12435},"end":{"line":1,"column":12440}},"342":{"start":{"line":1,"column":12441},"end":{"line":1,"column":12475}},"343":{"start":{"line":1,"column":12482},"end":{"line":1,"column":12492}},"344":{"start":{"line":1,"column":12492},"end":{"line":1,"column":12498}},"345":{"start":{"line":1,"column":12505},"end":{"line":1,"column":12532}},"346":{"start":{"line":1,"column":12516},"end":{"line":1,"column":12526}},"347":{"start":{"line":1,"column":12526},"end":{"line":1,"column":12531}},"348":{"start":{"line":1,"column":12532},"end":{"line":1,"column":12568}},"349":{"start":{"line":1,"column":12576},"end":{"line":1,"column":12586}},"350":{"start":{"line":1,"column":12586},"end":{"line":1,"column":12592}},"351":{"start":{"line":1,"column":12600},"end":{"line":1,"column":12630}},"352":{"start":{"line":1,"column":12614},"end":{"line":1,"column":12624}},"353":{"start":{"line":1,"column":12624},"end":{"line":1,"column":12629}},"354":{"start":{"line":1,"column":12630},"end":{"line":1,"column":12669}},"355":{"start":{"line":1,"column":12677},"end":{"line":1,"column":12687}},"356":{"start":{"line":1,"column":12687},"end":{"line":1,"column":12693}},"357":{"start":{"line":1,"column":12701},"end":{"line":1,"column":12724}},"358":{"start":{"line":1,"column":12708},"end":{"line":1,"column":12718}},"359":{"start":{"line":1,"column":12718},"end":{"line":1,"column":12723}},"360":{"start":{"line":1,"column":12724},"end":{"line":1,"column":12789}},"361":{"start":{"line":1,"column":12797},"end":{"line":1,"column":12807}},"362":{"start":{"line":1,"column":12807},"end":{"line":1,"column":12813}},"363":{"start":{"line":1,"column":12821},"end":{"line":1,"column":12872}},"364":{"start":{"line":1,"column":12890},"end":{"line":1,"column":12905}},"365":{"start":{"line":1,"column":12928},"end":{"line":1,"column":12936}},"366":{"start":{"line":1,"column":12971},"end":{"line":1,"column":13005}},"367":{"start":{"line":1,"column":13037},"end":{"line":1,"column":13071}},"368":{"start":{"line":1,"column":13108},"end":{"line":1,"column":13186}},"369":{"start":{"line":1,"column":13167},"end":{"line":1,"column":13184}},"370":{"start":{"line":1,"column":13233},"end":{"line":1,"column":13251}},"371":{"start":{"line":1,"column":13252},"end":{"line":1,"column":13281}},"372":{"start":{"line":1,"column":13327},"end":{"line":1,"column":13376}},"373":{"start":{"line":1,"column":13362},"end":{"line":1,"column":13374}},"374":{"start":{"line":1,"column":13377},"end":{"line":1,"column":13403}},"375":{"start":{"line":1,"column":13443},"end":{"line":1,"column":13470}},"376":{"start":{"line":1,"column":13509},"end":{"line":1,"column":13528}},"377":{"start":{"line":1,"column":13529},"end":{"line":1,"column":13627}},"378":{"start":{"line":1,"column":13581},"end":{"line":1,"column":13615}},"379":{"start":{"line":1,"column":13669},"end":{"line":1,"column":13673}},"380":{"start":{"line":1,"column":13676},"end":{"line":1,"column":13748}},"381":{"start":{"line":1,"column":13749},"end":{"line":1,"column":13823}},"382":{"start":{"line":1,"column":13783},"end":{"line":1,"column":13816}},"383":{"start":{"line":1,"column":13855},"end":{"line":1,"column":13878}},"384":{"start":{"line":1,"column":13907},"end":{"line":1,"column":13977}},"385":{"start":{"line":1,"column":13987},"end":{"line":1,"column":14021}}},"fnMap":{"0":{"name":"createCommonjsModule","decl":{"start":{"line":1,"column":9},"end":{"line":1,"column":29}},"loc":{"start":{"line":1,"column":34},"end":{"line":1,"column":82}},"line":1},"1":{"name":"asyncGeneratorStep","decl":{"start":{"line":1,"column":91},"end":{"line":1,"column":109}},"loc":{"start":{"line":1,"column":124},"end":{"line":1,"column":220}},"line":1},"2":{"name":"_asyncToGenerator","decl":{"start":{"line":1,"column":229},"end":{"line":1,"column":246}},"loc":{"start":{"line":1,"column":249},"end":{"line":1,"column":463}},"line":1},"3":{"name":"(anonymous_3)","decl":{"start":{"line":1,"column":257},"end":{"line":1,"column":258}},"loc":{"start":{"line":1,"column":267},"end":{"line":1,"column":462}},"line":1},"4":{"name":"(anonymous_4)","decl":{"start":{"line":1,"column":310},"end":{"line":1,"column":311}},"loc":{"start":{"line":1,"column":323},"end":{"line":1,"column":460}},"line":1},"5":{"name":"i","decl":{"start":{"line":1,"column":333},"end":{"line":1,"column":334}},"loc":{"start":{"line":1,"column":337},"end":{"line":1,"column":377}},"line":1},"6":{"name":"a","decl":{"start":{"line":1,"column":386},"end":{"line":1,"column":387}},"loc":{"start":{"line":1,"column":390},"end":{"line":1,"column":431}},"line":1},"7":{"name":"_classCallCheck","decl":{"start":{"line":1,"column":472},"end":{"line":1,"column":487}},"loc":{"start":{"line":1,"column":492},"end":{"line":1,"column":571}},"line":1},"8":{"name":"_defineProperties","decl":{"start":{"line":1,"column":580},"end":{"line":1,"column":597}},"loc":{"start":{"line":1,"column":602},"end":{"line":1,"column":753}},"line":1},"9":{"name":"_createClass","decl":{"start":{"line":1,"column":762},"end":{"line":1,"column":774}},"loc":{"start":{"line":1,"column":781},"end":{"line":1,"column":853}},"line":1},"10":{"name":"_defineProperty","decl":{"start":{"line":1,"column":862},"end":{"line":1,"column":877}},"loc":{"start":{"line":1,"column":884},"end":{"line":1,"column":987}},"line":1},"11":{"name":"(anonymous_11)","decl":{"start":{"line":1,"column":1022},"end":{"line":1,"column":1023}},"loc":{"start":{"line":1,"column":1033},"end":{"line":1,"column":7214}},"line":1},"12":{"name":"(anonymous_12)","decl":{"start":{"line":1,"column":1040},"end":{"line":1,"column":1041}},"loc":{"start":{"line":1,"column":1051},"end":{"line":1,"column":7127}},"line":1},"13":{"name":"e","decl":{"start":{"line":1,"column":1061},"end":{"line":1,"column":1062}},"loc":{"start":{"line":1,"column":1071},"end":{"line":1,"column":1182}},"line":1},"14":{"name":"r","decl":{"start":{"line":1,"column":1191},"end":{"line":1,"column":1192}},"loc":{"start":{"line":1,"column":1199},"end":{"line":1,"column":1279}},"line":1},"15":{"name":"n","decl":{"start":{"line":1,"column":1288},"end":{"line":1,"column":1289}},"loc":{"start":{"line":1,"column":1291},"end":{"line":1,"column":1293}},"line":1},"16":{"name":"o","decl":{"start":{"line":1,"column":1302},"end":{"line":1,"column":1303}},"loc":{"start":{"line":1,"column":1305},"end":{"line":1,"column":1307}},"line":1},"17":{"name":"i","decl":{"start":{"line":1,"column":1316},"end":{"line":1,"column":1317}},"loc":{"start":{"line":1,"column":1319},"end":{"line":1,"column":1321}},"line":1},"18":{"name":"a","decl":{"start":{"line":1,"column":1330},"end":{"line":1,"column":1331}},"loc":{"start":{"line":1,"column":1334},"end":{"line":1,"column":1426}},"line":1},"19":{"name":"(anonymous_19)","decl":{"start":{"line":1,"column":1369},"end":{"line":1,"column":1370}},"loc":{"start":{"line":1,"column":1380},"end":{"line":1,"column":1424}},"line":1},"20":{"name":"(anonymous_20)","decl":{"start":{"line":1,"column":1386},"end":{"line":1,"column":1387}},"loc":{"start":{"line":1,"column":1397},"end":{"line":1,"column":1423}},"line":1},"21":{"name":"c","decl":{"start":{"line":1,"column":1435},"end":{"line":1,"column":1436}},"loc":{"start":{"line":1,"column":1439},"end":{"line":1,"column":1885}},"line":1},"22":{"name":"e","decl":{"start":{"line":1,"column":1449},"end":{"line":1,"column":1450}},"loc":{"start":{"line":1,"column":1459},"end":{"line":1,"column":1762}},"line":1},"23":{"name":"(anonymous_23)","decl":{"start":{"line":1,"column":1603},"end":{"line":1,"column":1604}},"loc":{"start":{"line":1,"column":1614},"end":{"line":1,"column":1631}},"line":1},"24":{"name":"(anonymous_24)","decl":{"start":{"line":1,"column":1632},"end":{"line":1,"column":1633}},"loc":{"start":{"line":1,"column":1643},"end":{"line":1,"column":1661}},"line":1},"25":{"name":"(anonymous_25)","decl":{"start":{"line":1,"column":1687},"end":{"line":1,"column":1688}},"loc":{"start":{"line":1,"column":1698},"end":{"line":1,"column":1714}},"line":1},"26":{"name":"(anonymous_26)","decl":{"start":{"line":1,"column":1715},"end":{"line":1,"column":1716}},"loc":{"start":{"line":1,"column":1726},"end":{"line":1,"column":1751}},"line":1},"27":{"name":"n","decl":{"start":{"line":1,"column":1771},"end":{"line":1,"column":1772}},"loc":{"start":{"line":1,"column":1777},"end":{"line":1,"column":1864}},"line":1},"28":{"name":"n","decl":{"start":{"line":1,"column":1787},"end":{"line":1,"column":1788}},"loc":{"start":{"line":1,"column":1790},"end":{"line":1,"column":1837}},"line":1},"29":{"name":"(anonymous_29)","decl":{"start":{"line":1,"column":1810},"end":{"line":1,"column":1811}},"loc":{"start":{"line":1,"column":1823},"end":{"line":1,"column":1835}},"line":1},"30":{"name":"s","decl":{"start":{"line":1,"column":1894},"end":{"line":1,"column":1895}},"loc":{"start":{"line":1,"column":1902},"end":{"line":1,"column":2460}},"line":1},"31":{"name":"(anonymous_31)","decl":{"start":{"line":1,"column":1918},"end":{"line":1,"column":1919}},"loc":{"start":{"line":1,"column":1931},"end":{"line":1,"column":2459}},"line":1},"32":{"name":"u","decl":{"start":{"line":1,"column":2469},"end":{"line":1,"column":2470}},"loc":{"start":{"line":1,"column":2475},"end":{"line":1,"column":3066}},"line":1},"33":{"name":"f","decl":{"start":{"line":1,"column":3075},"end":{"line":1,"column":3076}},"loc":{"start":{"line":1,"column":3079},"end":{"line":1,"column":3194}},"line":1},"34":{"name":"h","decl":{"start":{"line":1,"column":3203},"end":{"line":1,"column":3204}},"loc":{"start":{"line":1,"column":3207},"end":{"line":1,"column":3275}},"line":1},"35":{"name":"l","decl":{"start":{"line":1,"column":3284},"end":{"line":1,"column":3285}},"loc":{"start":{"line":1,"column":3288},"end":{"line":1,"column":3356}},"line":1},"36":{"name":"p","decl":{"start":{"line":1,"column":3365},"end":{"line":1,"column":3366}},"loc":{"start":{"line":1,"column":3369},"end":{"line":1,"column":3620}},"line":1},"37":{"name":"e","decl":{"start":{"line":1,"column":3488},"end":{"line":1,"column":3489}},"loc":{"start":{"line":1,"column":3491},"end":{"line":1,"column":3587}},"line":1},"38":{"name":"y","decl":{"start":{"line":1,"column":3629},"end":{"line":1,"column":3630}},"loc":{"start":{"line":1,"column":3632},"end":{"line":1,"column":3657}},"line":1},"39":{"name":"(anonymous_39)","decl":{"start":{"line":1,"column":3930},"end":{"line":1,"column":3931}},"loc":{"start":{"line":1,"column":3940},"end":{"line":1,"column":3953}},"line":1},"40":{"name":"(anonymous_40)","decl":{"start":{"line":1,"column":4187},"end":{"line":1,"column":4188}},"loc":{"start":{"line":1,"column":4198},"end":{"line":1,"column":4307}},"line":1},"41":{"name":"(anonymous_41)","decl":{"start":{"line":1,"column":4315},"end":{"line":1,"column":4316}},"loc":{"start":{"line":1,"column":4326},"end":{"line":1,"column":4465}},"line":1},"42":{"name":"(anonymous_42)","decl":{"start":{"line":1,"column":4474},"end":{"line":1,"column":4475}},"loc":{"start":{"line":1,"column":4485},"end":{"line":1,"column":4504}},"line":1},"43":{"name":"(anonymous_43)","decl":{"start":{"line":1,"column":4535},"end":{"line":1,"column":4536}},"loc":{"start":{"line":1,"column":4545},"end":{"line":1,"column":4558}},"line":1},"44":{"name":"(anonymous_44)","decl":{"start":{"line":1,"column":4585},"end":{"line":1,"column":4586}},"loc":{"start":{"line":1,"column":4602},"end":{"line":1,"column":4720}},"line":1},"45":{"name":"(anonymous_45)","decl":{"start":{"line":1,"column":4675},"end":{"line":1,"column":4676}},"loc":{"start":{"line":1,"column":4686},"end":{"line":1,"column":4718}},"line":1},"46":{"name":"(anonymous_46)","decl":{"start":{"line":1,"column":4748},"end":{"line":1,"column":4749}},"loc":{"start":{"line":1,"column":4758},"end":{"line":1,"column":4771}},"line":1},"47":{"name":"(anonymous_47)","decl":{"start":{"line":1,"column":4783},"end":{"line":1,"column":4784}},"loc":{"start":{"line":1,"column":4793},"end":{"line":1,"column":4821}},"line":1},"48":{"name":"(anonymous_48)","decl":{"start":{"line":1,"column":4829},"end":{"line":1,"column":4830}},"loc":{"start":{"line":1,"column":4840},"end":{"line":1,"column":4996}},"line":1},"49":{"name":"r","decl":{"start":{"line":1,"column":4903},"end":{"line":1,"column":4904}},"loc":{"start":{"line":1,"column":4906},"end":{"line":1,"column":4995}},"line":1},"50":{"name":"(anonymous_50)","decl":{"start":{"line":1,"column":5041},"end":{"line":1,"column":5042}},"loc":{"start":{"line":1,"column":5052},"end":{"line":1,"column":5281}},"line":1},"51":{"name":"(anonymous_51)","decl":{"start":{"line":1,"column":5287},"end":{"line":1,"column":5288}},"loc":{"start":{"line":1,"column":5297},"end":{"line":1,"column":5396}},"line":1},"52":{"name":"(anonymous_52)","decl":{"start":{"line":1,"column":5415},"end":{"line":1,"column":5416}},"loc":{"start":{"line":1,"column":5426},"end":{"line":1,"column":6023}},"line":1},"53":{"name":"e","decl":{"start":{"line":1,"column":5436},"end":{"line":1,"column":5437}},"loc":{"start":{"line":1,"column":5442},"end":{"line":1,"column":5515}},"line":1},"54":{"name":"(anonymous_54)","decl":{"start":{"line":1,"column":6031},"end":{"line":1,"column":6032}},"loc":{"start":{"line":1,"column":6044},"end":{"line":1,"column":6385}},"line":1},"55":{"name":"(anonymous_55)","decl":{"start":{"line":1,"column":6395},"end":{"line":1,"column":6396}},"loc":{"start":{"line":1,"column":6408},"end":{"line":1,"column":6621}},"line":1},"56":{"name":"(anonymous_56)","decl":{"start":{"line":1,"column":6629},"end":{"line":1,"column":6630}},"loc":{"start":{"line":1,"column":6640},"end":{"line":1,"column":6785}},"line":1},"57":{"name":"(anonymous_57)","decl":{"start":{"line":1,"column":6792},"end":{"line":1,"column":6793}},"loc":{"start":{"line":1,"column":6803},"end":{"line":1,"column":6995}},"line":1},"58":{"name":"(anonymous_58)","decl":{"start":{"line":1,"column":7010},"end":{"line":1,"column":7011}},"loc":{"start":{"line":1,"column":7025},"end":{"line":1,"column":7123}},"line":1},"59":{"name":"(anonymous_59)","decl":{"start":{"line":1,"column":7304},"end":{"line":1,"column":7305}},"loc":{"start":{"line":1,"column":7315},"end":{"line":1,"column":7786}},"line":1},"60":{"name":"e","decl":{"start":{"line":1,"column":7325},"end":{"line":1,"column":7326}},"loc":{"start":{"line":1,"column":7329},"end":{"line":1,"column":7545}},"line":1},"61":{"name":"(anonymous_61)","decl":{"start":{"line":1,"column":7399},"end":{"line":1,"column":7400}},"loc":{"start":{"line":1,"column":7410},"end":{"line":1,"column":7427}},"line":1},"62":{"name":"(anonymous_62)","decl":{"start":{"line":1,"column":7428},"end":{"line":1,"column":7429}},"loc":{"start":{"line":1,"column":7439},"end":{"line":1,"column":7540}},"line":1},"63":{"name":"r","decl":{"start":{"line":1,"column":7554},"end":{"line":1,"column":7555}},"loc":{"start":{"line":1,"column":7558},"end":{"line":1,"column":7774}},"line":1},"64":{"name":"(anonymous_64)","decl":{"start":{"line":1,"column":7635},"end":{"line":1,"column":7636}},"loc":{"start":{"line":1,"column":7646},"end":{"line":1,"column":7659}},"line":1},"65":{"name":"(anonymous_65)","decl":{"start":{"line":1,"column":7660},"end":{"line":1,"column":7661}},"loc":{"start":{"line":1,"column":7671},"end":{"line":1,"column":7768}},"line":1},"66":{"name":"(anonymous_66)","decl":{"start":{"line":1,"column":7882},"end":{"line":1,"column":7883}},"loc":{"start":{"line":1,"column":7892},"end":{"line":1,"column":9064}},"line":1},"67":{"name":"t","decl":{"start":{"line":1,"column":7902},"end":{"line":1,"column":7903}},"loc":{"start":{"line":1,"column":7908},"end":{"line":1,"column":8054}},"line":1},"68":{"name":"(anonymous_68)","decl":{"start":{"line":1,"column":8098},"end":{"line":1,"column":8099}},"loc":{"start":{"line":1,"column":8109},"end":{"line":1,"column":8214}},"line":1},"69":{"name":"(anonymous_69)","decl":{"start":{"line":1,"column":8234},"end":{"line":1,"column":8235}},"loc":{"start":{"line":1,"column":8244},"end":{"line":1,"column":8829}},"line":1},"70":{"name":"t","decl":{"start":{"line":1,"column":8254},"end":{"line":1,"column":8255}},"loc":{"start":{"line":1,"column":8260},"end":{"line":1,"column":8292}},"line":1},"71":{"name":"t","decl":{"start":{"line":1,"column":8341},"end":{"line":1,"column":8342}},"loc":{"start":{"line":1,"column":8347},"end":{"line":1,"column":8817}},"line":1},"72":{"name":"(anonymous_72)","decl":{"start":{"line":1,"column":8378},"end":{"line":1,"column":8379}},"loc":{"start":{"line":1,"column":8389},"end":{"line":1,"column":8808}},"line":1},"73":{"name":"(anonymous_73)","decl":{"start":{"line":1,"column":8851},"end":{"line":1,"column":8852}},"loc":{"start":{"line":1,"column":8864},"end":{"line":1,"column":8910}},"line":1},"74":{"name":"(anonymous_74)","decl":{"start":{"line":1,"column":8932},"end":{"line":1,"column":8933}},"loc":{"start":{"line":1,"column":8942},"end":{"line":1,"column":9000}},"line":1},"75":{"name":"(anonymous_75)","decl":{"start":{"line":1,"column":9021},"end":{"line":1,"column":9022}},"loc":{"start":{"line":1,"column":9031},"end":{"line":1,"column":9058}},"line":1},"76":{"name":"(anonymous_76)","decl":{"start":{"line":1,"column":9077},"end":{"line":1,"column":9078}},"loc":{"start":{"line":1,"column":9087},"end":{"line":1,"column":13984}},"line":1},"77":{"name":"t","decl":{"start":{"line":1,"column":9097},"end":{"line":1,"column":9098}},"loc":{"start":{"line":1,"column":9100},"end":{"line":1,"column":9250}},"line":1},"78":{"name":"(anonymous_78)","decl":{"start":{"line":1,"column":9294},"end":{"line":1,"column":9295}},"loc":{"start":{"line":1,"column":9305},"end":{"line":1,"column":9387}},"line":1},"79":{"name":"(anonymous_79)","decl":{"start":{"line":1,"column":9411},"end":{"line":1,"column":9412}},"loc":{"start":{"line":1,"column":9421},"end":{"line":1,"column":9533}},"line":1},"80":{"name":"t","decl":{"start":{"line":1,"column":9431},"end":{"line":1,"column":9432}},"loc":{"start":{"line":1,"column":9437},"end":{"line":1,"column":9442}},"line":1},"81":{"name":"(anonymous_81)","decl":{"start":{"line":1,"column":9467},"end":{"line":1,"column":9468}},"loc":{"start":{"line":1,"column":9478},"end":{"line":1,"column":9494}},"line":1},"82":{"name":"(anonymous_82)","decl":{"start":{"line":1,"column":9519},"end":{"line":1,"column":9520}},"loc":{"start":{"line":1,"column":9529},"end":{"line":1,"column":9531}},"line":1},"83":{"name":"(anonymous_83)","decl":{"start":{"line":1,"column":9552},"end":{"line":1,"column":9553}},"loc":{"start":{"line":1,"column":9567},"end":{"line":1,"column":9787}},"line":1},"84":{"name":"(anonymous_84)","decl":{"start":{"line":1,"column":9811},"end":{"line":1,"column":9812}},"loc":{"start":{"line":1,"column":9822},"end":{"line":1,"column":9954}},"line":1},"85":{"name":"(anonymous_85)","decl":{"start":{"line":1,"column":9975},"end":{"line":1,"column":9976}},"loc":{"start":{"line":1,"column":9986},"end":{"line":1,"column":10346}},"line":1},"86":{"name":"(anonymous_86)","decl":{"start":{"line":1,"column":10006},"end":{"line":1,"column":10007}},"loc":{"start":{"line":1,"column":10016},"end":{"line":1,"column":10321}},"line":1},"87":{"name":"r","decl":{"start":{"line":1,"column":10066},"end":{"line":1,"column":10067}},"loc":{"start":{"line":1,"column":10072},"end":{"line":1,"column":10265}},"line":1},"88":{"name":"(anonymous_88)","decl":{"start":{"line":1,"column":10097},"end":{"line":1,"column":10098}},"loc":{"start":{"line":1,"column":10108},"end":{"line":1,"column":10261}},"line":1},"89":{"name":"(anonymous_89)","decl":{"start":{"line":1,"column":10275},"end":{"line":1,"column":10276}},"loc":{"start":{"line":1,"column":10288},"end":{"line":1,"column":10320}},"line":1},"90":{"name":"(anonymous_90)","decl":{"start":{"line":1,"column":10369},"end":{"line":1,"column":10370}},"loc":{"start":{"line":1,"column":10380},"end":{"line":1,"column":10414}},"line":1},"91":{"name":"(anonymous_91)","decl":{"start":{"line":1,"column":10434},"end":{"line":1,"column":10435}},"loc":{"start":{"line":1,"column":10445},"end":{"line":1,"column":10476}},"line":1},"92":{"name":"(anonymous_92)","decl":{"start":{"line":1,"column":10495},"end":{"line":1,"column":10496}},"loc":{"start":{"line":1,"column":10506},"end":{"line":1,"column":10827}},"line":1},"93":{"name":"(anonymous_93)","decl":{"start":{"line":1,"column":10533},"end":{"line":1,"column":10534}},"loc":{"start":{"line":1,"column":10543},"end":{"line":1,"column":10804}},"line":1},"94":{"name":"r","decl":{"start":{"line":1,"column":10593},"end":{"line":1,"column":10594}},"loc":{"start":{"line":1,"column":10597},"end":{"line":1,"column":10750}},"line":1},"95":{"name":"(anonymous_95)","decl":{"start":{"line":1,"column":10622},"end":{"line":1,"column":10623}},"loc":{"start":{"line":1,"column":10633},"end":{"line":1,"column":10746}},"line":1},"96":{"name":"(anonymous_96)","decl":{"start":{"line":1,"column":10760},"end":{"line":1,"column":10761}},"loc":{"start":{"line":1,"column":10771},"end":{"line":1,"column":10803}},"line":1},"97":{"name":"(anonymous_97)","decl":{"start":{"line":1,"column":10850},"end":{"line":1,"column":10851}},"loc":{"start":{"line":1,"column":10863},"end":{"line":1,"column":11219}},"line":1},"98":{"name":"r","decl":{"start":{"line":1,"column":10873},"end":{"line":1,"column":10874}},"loc":{"start":{"line":1,"column":10877},"end":{"line":1,"column":10909}},"line":1},"99":{"name":"n","decl":{"start":{"line":1,"column":10918},"end":{"line":1,"column":10919}},"loc":{"start":{"line":1,"column":10921},"end":{"line":1,"column":11180}},"line":1},"100":{"name":"t","decl":{"start":{"line":1,"column":10974},"end":{"line":1,"column":10975}},"loc":{"start":{"line":1,"column":10978},"end":{"line":1,"column":11154}},"line":1},"101":{"name":"(anonymous_101)","decl":{"start":{"line":1,"column":11003},"end":{"line":1,"column":11004}},"loc":{"start":{"line":1,"column":11014},"end":{"line":1,"column":11150}},"line":1},"102":{"name":"(anonymous_102)","decl":{"start":{"line":1,"column":11240},"end":{"line":1,"column":11241}},"loc":{"start":{"line":1,"column":11250},"end":{"line":1,"column":11697}},"line":1},"103":{"name":"t","decl":{"start":{"line":1,"column":11260},"end":{"line":1,"column":11261}},"loc":{"start":{"line":1,"column":11266},"end":{"line":1,"column":11298}},"line":1},"104":{"name":"t","decl":{"start":{"line":1,"column":11347},"end":{"line":1,"column":11348}},"loc":{"start":{"line":1,"column":11353},"end":{"line":1,"column":11685}},"line":1},"105":{"name":"(anonymous_105)","decl":{"start":{"line":1,"column":11386},"end":{"line":1,"column":11387}},"loc":{"start":{"line":1,"column":11397},"end":{"line":1,"column":11676}},"line":1},"106":{"name":"(anonymous_106)","decl":{"start":{"line":1,"column":11722},"end":{"line":1,"column":11723}},"loc":{"start":{"line":1,"column":11732},"end":{"line":1,"column":11764}},"line":1},"107":{"name":"(anonymous_107)","decl":{"start":{"line":1,"column":11789},"end":{"line":1,"column":11790}},"loc":{"start":{"line":1,"column":11799},"end":{"line":1,"column":12130}},"line":1},"108":{"name":"t","decl":{"start":{"line":1,"column":11809},"end":{"line":1,"column":11810}},"loc":{"start":{"line":1,"column":11815},"end":{"line":1,"column":11847}},"line":1},"109":{"name":"t","decl":{"start":{"line":1,"column":11896},"end":{"line":1,"column":11897}},"loc":{"start":{"line":1,"column":11902},"end":{"line":1,"column":12118}},"line":1},"110":{"name":"(anonymous_110)","decl":{"start":{"line":1,"column":11933},"end":{"line":1,"column":11934}},"loc":{"start":{"line":1,"column":11944},"end":{"line":1,"column":12109}},"line":1},"111":{"name":"(anonymous_111)","decl":{"start":{"line":1,"column":12151},"end":{"line":1,"column":12152}},"loc":{"start":{"line":1,"column":12161},"end":{"line":1,"column":12937}},"line":1},"112":{"name":"t","decl":{"start":{"line":1,"column":12171},"end":{"line":1,"column":12172}},"loc":{"start":{"line":1,"column":12177},"end":{"line":1,"column":12209}},"line":1},"113":{"name":"t","decl":{"start":{"line":1,"column":12258},"end":{"line":1,"column":12259}},"loc":{"start":{"line":1,"column":12264},"end":{"line":1,"column":12925}},"line":1},"114":{"name":"(anonymous_114)","decl":{"start":{"line":1,"column":12299},"end":{"line":1,"column":12300}},"loc":{"start":{"line":1,"column":12310},"end":{"line":1,"column":12907}},"line":1},"115":{"name":"(anonymous_115)","decl":{"start":{"line":1,"column":12960},"end":{"line":1,"column":12961}},"loc":{"start":{"line":1,"column":12970},"end":{"line":1,"column":13006}},"line":1},"116":{"name":"(anonymous_116)","decl":{"start":{"line":1,"column":13026},"end":{"line":1,"column":13027}},"loc":{"start":{"line":1,"column":13036},"end":{"line":1,"column":13072}},"line":1},"117":{"name":"(anonymous_117)","decl":{"start":{"line":1,"column":13096},"end":{"line":1,"column":13097}},"loc":{"start":{"line":1,"column":13107},"end":{"line":1,"column":13187}},"line":1},"118":{"name":"(anonymous_118)","decl":{"start":{"line":1,"column":13155},"end":{"line":1,"column":13156}},"loc":{"start":{"line":1,"column":13166},"end":{"line":1,"column":13185}},"line":1},"119":{"name":"(anonymous_119)","decl":{"start":{"line":1,"column":13215},"end":{"line":1,"column":13216}},"loc":{"start":{"line":1,"column":13226},"end":{"line":1,"column":13282}},"line":1},"120":{"name":"(anonymous_120)","decl":{"start":{"line":1,"column":13309},"end":{"line":1,"column":13310}},"loc":{"start":{"line":1,"column":13320},"end":{"line":1,"column":13404}},"line":1},"121":{"name":"(anonymous_121)","decl":{"start":{"line":1,"column":13350},"end":{"line":1,"column":13351}},"loc":{"start":{"line":1,"column":13361},"end":{"line":1,"column":13375}},"line":1},"122":{"name":"(anonymous_122)","decl":{"start":{"line":1,"column":13432},"end":{"line":1,"column":13433}},"loc":{"start":{"line":1,"column":13442},"end":{"line":1,"column":13471}},"line":1},"123":{"name":"(anonymous_123)","decl":{"start":{"line":1,"column":13492},"end":{"line":1,"column":13493}},"loc":{"start":{"line":1,"column":13502},"end":{"line":1,"column":13628}},"line":1},"124":{"name":"(anonymous_124)","decl":{"start":{"line":1,"column":13569},"end":{"line":1,"column":13570}},"loc":{"start":{"line":1,"column":13580},"end":{"line":1,"column":13616}},"line":1},"125":{"name":"(anonymous_125)","decl":{"start":{"line":1,"column":13651},"end":{"line":1,"column":13652}},"loc":{"start":{"line":1,"column":13662},"end":{"line":1,"column":13824}},"line":1},"126":{"name":"(anonymous_126)","decl":{"start":{"line":1,"column":13771},"end":{"line":1,"column":13772}},"loc":{"start":{"line":1,"column":13782},"end":{"line":1,"column":13817}},"line":1},"127":{"name":"(anonymous_127)","decl":{"start":{"line":1,"column":13844},"end":{"line":1,"column":13845}},"loc":{"start":{"line":1,"column":13854},"end":{"line":1,"column":13879}},"line":1},"128":{"name":"(anonymous_128)","decl":{"start":{"line":1,"column":13896},"end":{"line":1,"column":13897}},"loc":{"start":{"line":1,"column":13906},"end":{"line":1,"column":13978}},"line":1}},"branchMap":{"0":{"loc":{"start":{"line":1,"column":179},"end":{"line":1,"column":219}},"type":"cond-expr","locations":[{"start":{"line":1,"column":186},"end":{"line":1,"column":190}},{"start":{"line":1,"column":191},"end":{"line":1,"column":219}}],"line":1},"1":{"loc":{"start":{"line":1,"column":493},"end":{"line":1,"column":570}},"type":"if","locations":[{"start":{"line":1,"column":493},"end":{"line":1,"column":570}},{"start":{"line":1,"column":493},"end":{"line":1,"column":570}}],"line":1},"2":{"loc":{"start":{"line":1,"column":655},"end":{"line":1,"column":671}},"type":"binary-expr","locations":[{"start":{"line":1,"column":655},"end":{"line":1,"column":667}},{"start":{"line":1,"column":669},"end":{"line":1,"column":671}}],"line":1},"3":{"loc":{"start":{"line":1,"column":690},"end":{"line":1,"column":718}},"type":"binary-expr","locations":[{"start":{"line":1,"column":690},"end":{"line":1,"column":701}},{"start":{"line":1,"column":704},"end":{"line":1,"column":717}}],"line":1},"4":{"loc":{"start":{"line":1,"column":789},"end":{"line":1,"column":824}},"type":"binary-expr","locations":[{"start":{"line":1,"column":789},"end":{"line":1,"column":790}},{"start":{"line":1,"column":792},"end":{"line":1,"column":824}}],"line":1},"5":{"loc":{"start":{"line":1,"column":825},"end":{"line":1,"column":850}},"type":"binary-expr","locations":[{"start":{"line":1,"column":825},"end":{"line":1,"column":826}},{"start":{"line":1,"column":828},"end":{"line":1,"column":850}}],"line":1},"6":{"loc":{"start":{"line":1,"column":892},"end":{"line":1,"column":984}},"type":"cond-expr","locations":[{"start":{"line":1,"column":899},"end":{"line":1,"column":977}},{"start":{"line":1,"column":978},"end":{"line":1,"column":984}}],"line":1},"7":{"loc":{"start":{"line":1,"column":1078},"end":{"line":1,"column":1109}},"type":"cond-expr","locations":[{"start":{"line":1,"column":1106},"end":{"line":1,"column":1107}},{"start":{"line":1,"column":1108},"end":{"line":1,"column":1109}}],"line":1},"8":{"loc":{"start":{"line":1,"column":1078},"end":{"line":1,"column":1105}},"type":"binary-expr","locations":[{"start":{"line":1,"column":1078},"end":{"line":1,"column":1079}},{"start":{"line":1,"column":1081},"end":{"line":1,"column":1105}}],"line":1},"9":{"loc":{"start":{"line":1,"column":1147},"end":{"line":1,"column":1152}},"type":"binary-expr","locations":[{"start":{"line":1,"column":1147},"end":{"line":1,"column":1148}},{"start":{"line":1,"column":1150},"end":{"line":1,"column":1152}}],"line":1},"10":{"loc":{"start":{"line":1,"column":1478},"end":{"line":1,"column":1753}},"type":"if","locations":[{"start":{"line":1,"column":1478},"end":{"line":1,"column":1753}},{"start":{"line":1,"column":1478},"end":{"line":1,"column":1753}}],"line":1},"11":{"loc":{"start":{"line":1,"column":1528},"end":{"line":1,"column":1752}},"type":"cond-expr","locations":[{"start":{"line":1,"column":1571},"end":{"line":1,"column":1662}},{"start":{"line":1,"column":1663},"end":{"line":1,"column":1752}}],"line":1},"12":{"loc":{"start":{"line":1,"column":1528},"end":{"line":1,"column":1570}},"type":"binary-expr","locations":[{"start":{"line":1,"column":1528},"end":{"line":1,"column":1529}},{"start":{"line":1,"column":1531},"end":{"line":1,"column":1549}},{"start":{"line":1,"column":1551},"end":{"line":1,"column":1570}}],"line":1},"13":{"loc":{"start":{"line":1,"column":1846},"end":{"line":1,"column":1863}},"type":"cond-expr","locations":[{"start":{"line":1,"column":1848},"end":{"line":1,"column":1859}},{"start":{"line":1,"column":1860},"end":{"line":1,"column":1863}}],"line":1},"14":{"loc":{"start":{"line":1,"column":1932},"end":{"line":1,"column":1985}},"type":"if","locations":[{"start":{"line":1,"column":1932},"end":{"line":1,"column":1985}},{"start":{"line":1,"column":1932},"end":{"line":1,"column":1985}}],"line":1},"15":{"loc":{"start":{"line":1,"column":1985},"end":{"line":1,"column":2029}},"type":"if","locations":[{"start":{"line":1,"column":1985},"end":{"line":1,"column":2029}},{"start":{"line":1,"column":1985},"end":{"line":1,"column":2029}}],"line":1},"16":{"loc":{"start":{"line":1,"column":1995},"end":{"line":1,"column":2018}},"type":"if","locations":[{"start":{"line":1,"column":1995},"end":{"line":1,"column":2018}},{"start":{"line":1,"column":1995},"end":{"line":1,"column":2018}}],"line":1},"17":{"loc":{"start":{"line":1,"column":2072},"end":{"line":1,"column":2125}},"type":"if","locations":[{"start":{"line":1,"column":2072},"end":{"line":1,"column":2125}},{"start":{"line":1,"column":2072},"end":{"line":1,"column":2125}}],"line":1},"18":{"loc":{"start":{"line":1,"column":2091},"end":{"line":1,"column":2124}},"type":"if","locations":[{"start":{"line":1,"column":2091},"end":{"line":1,"column":2124}},{"start":{"line":1,"column":2091},"end":{"line":1,"column":2124}}],"line":1},"19":{"loc":{"start":{"line":1,"column":2097},"end":{"line":1,"column":2115}},"type":"if","locations":[{"start":{"line":1,"column":2097},"end":{"line":1,"column":2115}},{"start":{"line":1,"column":2097},"end":{"line":1,"column":2115}}],"line":1},"20":{"loc":{"start":{"line":1,"column":2125},"end":{"line":1,"column":2297}},"type":"if","locations":[{"start":{"line":1,"column":2125},"end":{"line":1,"column":2297}},{"start":{"line":1,"column":2125},"end":{"line":1,"column":2297}}],"line":1},"21":{"loc":{"start":{"line":1,"column":2172},"end":{"line":1,"column":2297}},"type":"if","locations":[{"start":{"line":1,"column":2172},"end":{"line":1,"column":2297}},{"start":{"line":1,"column":2172},"end":{"line":1,"column":2297}}],"line":1},"22":{"loc":{"start":{"line":1,"column":2195},"end":{"line":1,"column":2220}},"type":"if","locations":[{"start":{"line":1,"column":2195},"end":{"line":1,"column":2220}},{"start":{"line":1,"column":2195},"end":{"line":1,"column":2220}}],"line":1},"23":{"loc":{"start":{"line":1,"column":2251},"end":{"line":1,"column":2296}},"type":"binary-expr","locations":[{"start":{"line":1,"column":2251},"end":{"line":1,"column":2270}},{"start":{"line":1,"column":2272},"end":{"line":1,"column":2296}}],"line":1},"24":{"loc":{"start":{"line":1,"column":2316},"end":{"line":1,"column":2405}},"type":"if","locations":[{"start":{"line":1,"column":2316},"end":{"line":1,"column":2405}},{"start":{"line":1,"column":2316},"end":{"line":1,"column":2405}}],"line":1},"25":{"loc":{"start":{"line":1,"column":2338},"end":{"line":1,"column":2373}},"type":"if","locations":[{"start":{"line":1,"column":2338},"end":{"line":1,"column":2373}},{"start":{"line":1,"column":2338},"end":{"line":1,"column":2373}}],"line":1},"26":{"loc":{"start":{"line":1,"column":2343},"end":{"line":1,"column":2353}},"type":"cond-expr","locations":[{"start":{"line":1,"column":2350},"end":{"line":1,"column":2351}},{"start":{"line":1,"column":2352},"end":{"line":1,"column":2353}}],"line":1},"27":{"loc":{"start":{"line":1,"column":2405},"end":{"line":1,"column":2457}},"type":"binary-expr","locations":[{"start":{"line":1,"column":2405},"end":{"line":1,"column":2421}},{"start":{"line":1,"column":2424},"end":{"line":1,"column":2456}}],"line":1},"28":{"loc":{"start":{"line":1,"column":2503},"end":{"line":1,"column":2733}},"type":"if","locations":[{"start":{"line":1,"column":2503},"end":{"line":1,"column":2733}},{"start":{"line":1,"column":2503},"end":{"line":1,"column":2733}}],"line":1},"29":{"loc":{"start":{"line":1,"column":2513},"end":{"line":1,"column":2724}},"type":"if","locations":[{"start":{"line":1,"column":2513},"end":{"line":1,"column":2724}},{"start":{"line":1,"column":2513},"end":{"line":1,"column":2724}}],"line":1},"30":{"loc":{"start":{"line":1,"column":2552},"end":{"line":1,"column":2637}},"type":"if","locations":[{"start":{"line":1,"column":2552},"end":{"line":1,"column":2637}},{"start":{"line":1,"column":2552},"end":{"line":1,"column":2637}}],"line":1},"31":{"loc":{"start":{"line":1,"column":2555},"end":{"line":1,"column":2627}},"type":"binary-expr","locations":[{"start":{"line":1,"column":2555},"end":{"line":1,"column":2572}},{"start":{"line":1,"column":2575},"end":{"line":1,"column":2626}}],"line":1},"32":{"loc":{"start":{"line":1,"column":2761},"end":{"line":1,"column":2835}},"type":"if","locations":[{"start":{"line":1,"column":2761},"end":{"line":1,"column":2835}},{"start":{"line":1,"column":2761},"end":{"line":1,"column":2835}}],"line":1},"33":{"loc":{"start":{"line":1,"column":2854},"end":{"line":1,"column":3065}},"type":"cond-expr","locations":[{"start":{"line":1,"column":2856},"end":{"line":1,"column":2972}},{"start":{"line":1,"column":2974},"end":{"line":1,"column":3064}}],"line":1},"34":{"loc":{"start":{"line":1,"column":2856},"end":{"line":1,"column":2972}},"type":"cond-expr","locations":[{"start":{"line":1,"column":2864},"end":{"line":1,"column":2969}},{"start":{"line":1,"column":2971},"end":{"line":1,"column":2972}}],"line":1},"35":{"loc":{"start":{"line":1,"column":2905},"end":{"line":1,"column":2951}},"type":"binary-expr","locations":[{"start":{"line":1,"column":2905},"end":{"line":1,"column":2924}},{"start":{"line":1,"column":2927},"end":{"line":1,"column":2950}}],"line":1},"36":{"loc":{"start":{"line":1,"column":3100},"end":{"line":1,"column":3125}},"type":"binary-expr","locations":[{"start":{"line":1,"column":3100},"end":{"line":1,"column":3106}},{"start":{"line":1,"column":3109},"end":{"line":1,"column":3124}}],"line":1},"37":{"loc":{"start":{"line":1,"column":3126},"end":{"line":1,"column":3169}},"type":"binary-expr","locations":[{"start":{"line":1,"column":3126},"end":{"line":1,"column":3132}},{"start":{"line":1,"column":3135},"end":{"line":1,"column":3168}}],"line":1},"38":{"loc":{"start":{"line":1,"column":3214},"end":{"line":1,"column":3230}},"type":"binary-expr","locations":[{"start":{"line":1,"column":3214},"end":{"line":1,"column":3226}},{"start":{"line":1,"column":3228},"end":{"line":1,"column":3230}}],"line":1},"39":{"loc":{"start":{"line":1,"column":3370},"end":{"line":1,"column":3605}},"type":"if","locations":[{"start":{"line":1,"column":3370},"end":{"line":1,"column":3605}},{"start":{"line":1,"column":3370},"end":{"line":1,"column":3605}}],"line":1},"40":{"loc":{"start":{"line":1,"column":3387},"end":{"line":1,"column":3409}},"type":"if","locations":[{"start":{"line":1,"column":3387},"end":{"line":1,"column":3409}},{"start":{"line":1,"column":3387},"end":{"line":1,"column":3409}}],"line":1},"41":{"loc":{"start":{"line":1,"column":3409},"end":{"line":1,"column":3447}},"type":"if","locations":[{"start":{"line":1,"column":3409},"end":{"line":1,"column":3447}},{"start":{"line":1,"column":3409},"end":{"line":1,"column":3447}}],"line":1},"42":{"loc":{"start":{"line":1,"column":3447},"end":{"line":1,"column":3604}},"type":"if","locations":[{"start":{"line":1,"column":3447},"end":{"line":1,"column":3604}},{"start":{"line":1,"column":3447},"end":{"line":1,"column":3604}}],"line":1},"43":{"loc":{"start":{"line":1,"column":3511},"end":{"line":1,"column":3558}},"type":"if","locations":[{"start":{"line":1,"column":3511},"end":{"line":1,"column":3558}},{"start":{"line":1,"column":3511},"end":{"line":1,"column":3558}}],"line":1},"44":{"loc":{"start":{"line":1,"column":3703},"end":{"line":1,"column":3738}},"type":"cond-expr","locations":[{"start":{"line":1,"column":3729},"end":{"line":1,"column":3735}},{"start":{"line":1,"column":3736},"end":{"line":1,"column":3738}}],"line":1},"45":{"loc":{"start":{"line":1,"column":3741},"end":{"line":1,"column":3765}},"type":"binary-expr","locations":[{"start":{"line":1,"column":3741},"end":{"line":1,"column":3751}},{"start":{"line":1,"column":3753},"end":{"line":1,"column":3765}}],"line":1},"46":{"loc":{"start":{"line":1,"column":3768},"end":{"line":1,"column":3802}},"type":"binary-expr","locations":[{"start":{"line":1,"column":3768},"end":{"line":1,"column":3783}},{"start":{"line":1,"column":3785},"end":{"line":1,"column":3802}}],"line":1},"47":{"loc":{"start":{"line":1,"column":3805},"end":{"line":1,"column":3835}},"type":"binary-expr","locations":[{"start":{"line":1,"column":3805},"end":{"line":1,"column":3818}},{"start":{"line":1,"column":3820},"end":{"line":1,"column":3835}}],"line":1},"48":{"loc":{"start":{"line":1,"column":3984},"end":{"line":1,"column":3998}},"type":"binary-expr","locations":[{"start":{"line":1,"column":3984},"end":{"line":1,"column":3985}},{"start":{"line":1,"column":3987},"end":{"line":1,"column":3998}}],"line":1},"49":{"loc":{"start":{"line":1,"column":3999},"end":{"line":1,"column":4027}},"type":"binary-expr","locations":[{"start":{"line":1,"column":3999},"end":{"line":1,"column":4000}},{"start":{"line":1,"column":4002},"end":{"line":1,"column":4007}},{"start":{"line":1,"column":4009},"end":{"line":1,"column":4020}},{"start":{"line":1,"column":4023},"end":{"line":1,"column":4026}}],"line":1},"50":{"loc":{"start":{"line":1,"column":4205},"end":{"line":1,"column":4240}},"type":"binary-expr","locations":[{"start":{"line":1,"column":4205},"end":{"line":1,"column":4225}},{"start":{"line":1,"column":4227},"end":{"line":1,"column":4240}}],"line":1},"51":{"loc":{"start":{"line":1,"column":4247},"end":{"line":1,"column":4306}},"type":"binary-expr","locations":[{"start":{"line":1,"column":4247},"end":{"line":1,"column":4250}},{"start":{"line":1,"column":4253},"end":{"line":1,"column":4258}},{"start":{"line":1,"column":4260},"end":{"line":1,"column":4305}}],"line":1},"52":{"loc":{"start":{"line":1,"column":4283},"end":{"line":1,"column":4304}},"type":"binary-expr","locations":[{"start":{"line":1,"column":4283},"end":{"line":1,"column":4296}},{"start":{"line":1,"column":4298},"end":{"line":1,"column":4304}}],"line":1},"53":{"loc":{"start":{"line":1,"column":4334},"end":{"line":1,"column":4433}},"type":"cond-expr","locations":[{"start":{"line":1,"column":4356},"end":{"line":1,"column":4382}},{"start":{"line":1,"column":4384},"end":{"line":1,"column":4432}}],"line":1},"54":{"loc":{"start":{"line":1,"column":4398},"end":{"line":1,"column":4432}},"type":"binary-expr","locations":[{"start":{"line":1,"column":4398},"end":{"line":1,"column":4404}},{"start":{"line":1,"column":4407},"end":{"line":1,"column":4431}}],"line":1},"55":{"loc":{"start":{"line":1,"column":4634},"end":{"line":1,"column":4719}},"type":"cond-expr","locations":[{"start":{"line":1,"column":4659},"end":{"line":1,"column":4660}},{"start":{"line":1,"column":4661},"end":{"line":1,"column":4719}}],"line":1},"56":{"loc":{"start":{"line":1,"column":4694},"end":{"line":1,"column":4717}},"type":"cond-expr","locations":[{"start":{"line":1,"column":4701},"end":{"line":1,"column":4708}},{"start":{"line":1,"column":4709},"end":{"line":1,"column":4717}}],"line":1},"57":{"loc":{"start":{"line":1,"column":4937},"end":{"line":1,"column":4975}},"type":"if","locations":[{"start":{"line":1,"column":4937},"end":{"line":1,"column":4975}},{"start":{"line":1,"column":4937},"end":{"line":1,"column":4975}}],"line":1},"58":{"loc":{"start":{"line":1,"column":5053},"end":{"line":1,"column":5280}},"type":"if","locations":[{"start":{"line":1,"column":5053},"end":{"line":1,"column":5280}},{"start":{"line":1,"column":5053},"end":{"line":1,"column":5280}}],"line":1},"59":{"loc":{"start":{"line":1,"column":5213},"end":{"line":1,"column":5280}},"type":"binary-expr","locations":[{"start":{"line":1,"column":5213},"end":{"line":1,"column":5230}},{"start":{"line":1,"column":5232},"end":{"line":1,"column":5246}},{"start":{"line":1,"column":5248},"end":{"line":1,"column":5267}},{"start":{"line":1,"column":5270},"end":{"line":1,"column":5279}}],"line":1},"60":{"loc":{"start":{"line":1,"column":5347},"end":{"line":1,"column":5379}},"type":"if","locations":[{"start":{"line":1,"column":5347},"end":{"line":1,"column":5379}},{"start":{"line":1,"column":5347},"end":{"line":1,"column":5379}}],"line":1},"61":{"loc":{"start":{"line":1,"column":5482},"end":{"line":1,"column":5510}},"type":"binary-expr","locations":[{"start":{"line":1,"column":5482},"end":{"line":1,"column":5483}},{"start":{"line":1,"column":5486},"end":{"line":1,"column":5509}}],"line":1},"62":{"loc":{"start":{"line":1,"column":5515},"end":{"line":1,"column":5536}},"type":"if","locations":[{"start":{"line":1,"column":5515},"end":{"line":1,"column":5536}},{"start":{"line":1,"column":5515},"end":{"line":1,"column":5536}}],"line":1},"63":{"loc":{"start":{"line":1,"column":5628},"end":{"line":1,"column":5665}},"type":"if","locations":[{"start":{"line":1,"column":5628},"end":{"line":1,"column":5665}},{"start":{"line":1,"column":5628},"end":{"line":1,"column":5665}}],"line":1},"64":{"loc":{"start":{"line":1,"column":5665},"end":{"line":1,"column":6021}},"type":"if","locations":[{"start":{"line":1,"column":5665},"end":{"line":1,"column":6021}},{"start":{"line":1,"column":5665},"end":{"line":1,"column":6021}}],"line":1},"65":{"loc":{"start":{"line":1,"column":5741},"end":{"line":1,"column":6020}},"type":"if","locations":[{"start":{"line":1,"column":5741},"end":{"line":1,"column":6020}},{"start":{"line":1,"column":5741},"end":{"line":1,"column":6020}}],"line":1},"66":{"loc":{"start":{"line":1,"column":5744},"end":{"line":1,"column":5748}},"type":"binary-expr","locations":[{"start":{"line":1,"column":5744},"end":{"line":1,"column":5745}},{"start":{"line":1,"column":5747},"end":{"line":1,"column":5748}}],"line":1},"67":{"loc":{"start":{"line":1,"column":5750},"end":{"line":1,"column":5798}},"type":"if","locations":[{"start":{"line":1,"column":5750},"end":{"line":1,"column":5798}},{"start":{"line":1,"column":5750},"end":{"line":1,"column":5798}}],"line":1},"68":{"loc":{"start":{"line":1,"column":5798},"end":{"line":1,"column":5846}},"type":"if","locations":[{"start":{"line":1,"column":5798},"end":{"line":1,"column":5846}},{"start":{"line":1,"column":5798},"end":{"line":1,"column":5846}}],"line":1},"69":{"loc":{"start":{"line":1,"column":5852},"end":{"line":1,"column":6020}},"type":"if","locations":[{"start":{"line":1,"column":5852},"end":{"line":1,"column":6020}},{"start":{"line":1,"column":5852},"end":{"line":1,"column":6020}}],"line":1},"70":{"loc":{"start":{"line":1,"column":5858},"end":{"line":1,"column":5905}},"type":"if","locations":[{"start":{"line":1,"column":5858},"end":{"line":1,"column":5905}},{"start":{"line":1,"column":5858},"end":{"line":1,"column":5905}}],"line":1},"71":{"loc":{"start":{"line":1,"column":5911},"end":{"line":1,"column":5971}},"type":"if","locations":[{"start":{"line":1,"column":5911},"end":{"line":1,"column":5971}},{"start":{"line":1,"column":5911},"end":{"line":1,"column":5971}}],"line":1},"72":{"loc":{"start":{"line":1,"column":5971},"end":{"line":1,"column":6019}},"type":"if","locations":[{"start":{"line":1,"column":5971},"end":{"line":1,"column":6019}},{"start":{"line":1,"column":5971},"end":{"line":1,"column":6019}}],"line":1},"73":{"loc":{"start":{"line":1,"column":6115},"end":{"line":1,"column":6201}},"type":"if","locations":[{"start":{"line":1,"column":6115},"end":{"line":1,"column":6201}},{"start":{"line":1,"column":6115},"end":{"line":1,"column":6201}}],"line":1},"74":{"loc":{"start":{"line":1,"column":6118},"end":{"line":1,"column":6185}},"type":"binary-expr","locations":[{"start":{"line":1,"column":6118},"end":{"line":1,"column":6137}},{"start":{"line":1,"column":6139},"end":{"line":1,"column":6161}},{"start":{"line":1,"column":6163},"end":{"line":1,"column":6185}}],"line":1},"75":{"loc":{"start":{"line":1,"column":6202},"end":{"line":1,"column":6271}},"type":"binary-expr","locations":[{"start":{"line":1,"column":6202},"end":{"line":1,"column":6204}},{"start":{"line":1,"column":6206},"end":{"line":1,"column":6217}},{"start":{"line":1,"column":6219},"end":{"line":1,"column":6233}},{"start":{"line":1,"column":6235},"end":{"line":1,"column":6245}},{"start":{"line":1,"column":6247},"end":{"line":1,"column":6261}},{"start":{"line":1,"column":6264},"end":{"line":1,"column":6270}}],"line":1},"76":{"loc":{"start":{"line":1,"column":6278},"end":{"line":1,"column":6295}},"type":"cond-expr","locations":[{"start":{"line":1,"column":6280},"end":{"line":1,"column":6292}},{"start":{"line":1,"column":6293},"end":{"line":1,"column":6295}}],"line":1},"77":{"loc":{"start":{"line":1,"column":6320},"end":{"line":1,"column":6384}},"type":"cond-expr","locations":[{"start":{"line":1,"column":6323},"end":{"line":1,"column":6366}},{"start":{"line":1,"column":6368},"end":{"line":1,"column":6384}}],"line":1},"78":{"loc":{"start":{"line":1,"column":6409},"end":{"line":1,"column":6441}},"type":"if","locations":[{"start":{"line":1,"column":6409},"end":{"line":1,"column":6441}},{"start":{"line":1,"column":6409},"end":{"line":1,"column":6441}}],"line":1},"79":{"loc":{"start":{"line":1,"column":6447},"end":{"line":1,"column":6618}},"type":"cond-expr","locations":[{"start":{"line":1,"column":6485},"end":{"line":1,"column":6500}},{"start":{"line":1,"column":6501},"end":{"line":1,"column":6618}}],"line":1},"80":{"loc":{"start":{"line":1,"column":6447},"end":{"line":1,"column":6484}},"type":"binary-expr","locations":[{"start":{"line":1,"column":6447},"end":{"line":1,"column":6463}},{"start":{"line":1,"column":6465},"end":{"line":1,"column":6484}}],"line":1},"81":{"loc":{"start":{"line":1,"column":6501},"end":{"line":1,"column":6618}},"type":"cond-expr","locations":[{"start":{"line":1,"column":6520},"end":{"line":1,"column":6581}},{"start":{"line":1,"column":6583},"end":{"line":1,"column":6618}}],"line":1},"82":{"loc":{"start":{"line":1,"column":6583},"end":{"line":1,"column":6618}},"type":"binary-expr","locations":[{"start":{"line":1,"column":6583},"end":{"line":1,"column":6600}},{"start":{"line":1,"column":6602},"end":{"line":1,"column":6603}},{"start":{"line":1,"column":6606},"end":{"line":1,"column":6617}}],"line":1},"83":{"loc":{"start":{"line":1,"column":6711},"end":{"line":1,"column":6783}},"type":"if","locations":[{"start":{"line":1,"column":6711},"end":{"line":1,"column":6783}},{"start":{"line":1,"column":6711},"end":{"line":1,"column":6783}}],"line":1},"84":{"loc":{"start":{"line":1,"column":6874},"end":{"line":1,"column":6957}},"type":"if","locations":[{"start":{"line":1,"column":6874},"end":{"line":1,"column":6957}},{"start":{"line":1,"column":6874},"end":{"line":1,"column":6957}}],"line":1},"85":{"loc":{"start":{"line":1,"column":6910},"end":{"line":1,"column":6948}},"type":"if","locations":[{"start":{"line":1,"column":6910},"end":{"line":1,"column":6948}},{"start":{"line":1,"column":6910},"end":{"line":1,"column":6948}}],"line":1},"86":{"loc":{"start":{"line":1,"column":7086},"end":{"line":1,"column":7120}},"type":"binary-expr","locations":[{"start":{"line":1,"column":7086},"end":{"line":1,"column":7106}},{"start":{"line":1,"column":7109},"end":{"line":1,"column":7119}}],"line":1},"87":{"loc":{"start":{"line":1,"column":7339},"end":{"line":1,"column":7540}},"type":"cond-expr","locations":[{"start":{"line":1,"column":7399},"end":{"line":1,"column":7427}},{"start":{"line":1,"column":7428},"end":{"line":1,"column":7540}}],"line":1},"88":{"loc":{"start":{"line":1,"column":7339},"end":{"line":1,"column":7398}},"type":"binary-expr","locations":[{"start":{"line":1,"column":7339},"end":{"line":1,"column":7364}},{"start":{"line":1,"column":7366},"end":{"line":1,"column":7398}}],"line":1},"89":{"loc":{"start":{"line":1,"column":7447},"end":{"line":1,"column":7539}},"type":"cond-expr","locations":[{"start":{"line":1,"column":7522},"end":{"line":1,"column":7530}},{"start":{"line":1,"column":7531},"end":{"line":1,"column":7539}}],"line":1},"90":{"loc":{"start":{"line":1,"column":7447},"end":{"line":1,"column":7521}},"type":"binary-expr","locations":[{"start":{"line":1,"column":7447},"end":{"line":1,"column":7448}},{"start":{"line":1,"column":7450},"end":{"line":1,"column":7475}},{"start":{"line":1,"column":7477},"end":{"line":1,"column":7499}},{"start":{"line":1,"column":7501},"end":{"line":1,"column":7521}}],"line":1},"91":{"loc":{"start":{"line":1,"column":7578},"end":{"line":1,"column":7768}},"type":"cond-expr","locations":[{"start":{"line":1,"column":7635},"end":{"line":1,"column":7659}},{"start":{"line":1,"column":7660},"end":{"line":1,"column":7768}}],"line":1},"92":{"loc":{"start":{"line":1,"column":7578},"end":{"line":1,"column":7634}},"type":"binary-expr","locations":[{"start":{"line":1,"column":7578},"end":{"line":1,"column":7603}},{"start":{"line":1,"column":7605},"end":{"line":1,"column":7634}}],"line":1},"93":{"loc":{"start":{"line":1,"column":7679},"end":{"line":1,"column":7767}},"type":"cond-expr","locations":[{"start":{"line":1,"column":7754},"end":{"line":1,"column":7762}},{"start":{"line":1,"column":7763},"end":{"line":1,"column":7767}}],"line":1},"94":{"loc":{"start":{"line":1,"column":7679},"end":{"line":1,"column":7753}},"type":"binary-expr","locations":[{"start":{"line":1,"column":7679},"end":{"line":1,"column":7680}},{"start":{"line":1,"column":7682},"end":{"line":1,"column":7707}},{"start":{"line":1,"column":7709},"end":{"line":1,"column":7731}},{"start":{"line":1,"column":7733},"end":{"line":1,"column":7753}}],"line":1},"95":{"loc":{"start":{"line":1,"column":8397},"end":{"line":1,"column":8807}},"type":"switch","locations":[{"start":{"line":1,"column":8419},"end":{"line":1,"column":8512}},{"start":{"line":1,"column":8512},"end":{"line":1,"column":8622}},{"start":{"line":1,"column":8622},"end":{"line":1,"column":8645}},{"start":{"line":1,"column":8645},"end":{"line":1,"column":8712}},{"start":{"line":1,"column":8712},"end":{"line":1,"column":8736}},{"start":{"line":1,"column":8736},"end":{"line":1,"column":8773}},{"start":{"line":1,"column":8773},"end":{"line":1,"column":8781}},{"start":{"line":1,"column":8781},"end":{"line":1,"column":8806}}],"line":1},"96":{"loc":{"start":{"line":1,"column":8426},"end":{"line":1,"column":8471}},"type":"if","locations":[{"start":{"line":1,"column":8426},"end":{"line":1,"column":8471}},{"start":{"line":1,"column":8426},"end":{"line":1,"column":8471}}],"line":1},"97":{"loc":{"start":{"line":1,"column":8519},"end":{"line":1,"column":8592}},"type":"if","locations":[{"start":{"line":1,"column":8519},"end":{"line":1,"column":8592}},{"start":{"line":1,"column":8519},"end":{"line":1,"column":8592}}],"line":1},"98":{"loc":{"start":{"line":1,"column":8652},"end":{"line":1,"column":8675}},"type":"if","locations":[{"start":{"line":1,"column":8652},"end":{"line":1,"column":8675}},{"start":{"line":1,"column":8652},"end":{"line":1,"column":8675}}],"line":1},"99":{"loc":{"start":{"line":1,"column":9107},"end":{"line":1,"column":9164}},"type":"cond-expr","locations":[{"start":{"line":1,"column":9149},"end":{"line":1,"column":9161}},{"start":{"line":1,"column":9162},"end":{"line":1,"column":9164}}],"line":1},"100":{"loc":{"start":{"line":1,"column":9107},"end":{"line":1,"column":9148}},"type":"binary-expr","locations":[{"start":{"line":1,"column":9107},"end":{"line":1,"column":9125}},{"start":{"line":1,"column":9127},"end":{"line":1,"column":9148}}],"line":1},"101":{"loc":{"start":{"line":1,"column":9568},"end":{"line":1,"column":9718}},"type":"if","locations":[{"start":{"line":1,"column":9568},"end":{"line":1,"column":9718}},{"start":{"line":1,"column":9568},"end":{"line":1,"column":9718}}],"line":1},"102":{"loc":{"start":{"line":1,"column":9592},"end":{"line":1,"column":9600}},"type":"binary-expr","locations":[{"start":{"line":1,"column":9592},"end":{"line":1,"column":9593}},{"start":{"line":1,"column":9596},"end":{"line":1,"column":9599}}],"line":1},"103":{"loc":{"start":{"line":1,"column":9629},"end":{"line":1,"column":9718}},"type":"if","locations":[{"start":{"line":1,"column":9629},"end":{"line":1,"column":9718}},{"start":{"line":1,"column":9629},"end":{"line":1,"column":9718}}],"line":1},"104":{"loc":{"start":{"line":1,"column":9675},"end":{"line":1,"column":9718}},"type":"if","locations":[{"start":{"line":1,"column":9675},"end":{"line":1,"column":9718}},{"start":{"line":1,"column":9675},"end":{"line":1,"column":9718}}],"line":1},"105":{"loc":{"start":{"line":1,"column":9829},"end":{"line":1,"column":9901}},"type":"cond-expr","locations":[{"start":{"line":1,"column":9871},"end":{"line":1,"column":9883}},{"start":{"line":1,"column":9884},"end":{"line":1,"column":9901}}],"line":1},"106":{"loc":{"start":{"line":1,"column":9829},"end":{"line":1,"column":9870}},"type":"binary-expr","locations":[{"start":{"line":1,"column":9829},"end":{"line":1,"column":9847}},{"start":{"line":1,"column":9849},"end":{"line":1,"column":9870}}],"line":1},"107":{"loc":{"start":{"line":1,"column":9908},"end":{"line":1,"column":9953}},"type":"cond-expr","locations":[{"start":{"line":1,"column":9942},"end":{"line":1,"column":9951}},{"start":{"line":1,"column":9952},"end":{"line":1,"column":9953}}],"line":1},"108":{"loc":{"start":{"line":1,"column":9908},"end":{"line":1,"column":9941}},"type":"binary-expr","locations":[{"start":{"line":1,"column":9908},"end":{"line":1,"column":9931}},{"start":{"line":1,"column":9933},"end":{"line":1,"column":9941}}],"line":1},"109":{"loc":{"start":{"line":1,"column":10116},"end":{"line":1,"column":10260}},"type":"switch","locations":[{"start":{"line":1,"column":10138},"end":{"line":1,"column":10172}},{"start":{"line":1,"column":10172},"end":{"line":1,"column":10227}},{"start":{"line":1,"column":10227},"end":{"line":1,"column":10234}},{"start":{"line":1,"column":10234},"end":{"line":1,"column":10259}}],"line":1},"110":{"loc":{"start":{"line":1,"column":10641},"end":{"line":1,"column":10745}},"type":"switch","locations":[{"start":{"line":1,"column":10663},"end":{"line":1,"column":10712}},{"start":{"line":1,"column":10712},"end":{"line":1,"column":10719}},{"start":{"line":1,"column":10719},"end":{"line":1,"column":10744}}],"line":1},"111":{"loc":{"start":{"line":1,"column":11022},"end":{"line":1,"column":11149}},"type":"switch","locations":[{"start":{"line":1,"column":11044},"end":{"line":1,"column":11116}},{"start":{"line":1,"column":11116},"end":{"line":1,"column":11123}},{"start":{"line":1,"column":11123},"end":{"line":1,"column":11148}}],"line":1},"112":{"loc":{"start":{"line":1,"column":11405},"end":{"line":1,"column":11675}},"type":"switch","locations":[{"start":{"line":1,"column":11427},"end":{"line":1,"column":11500}},{"start":{"line":1,"column":11500},"end":{"line":1,"column":11604}},{"start":{"line":1,"column":11604},"end":{"line":1,"column":11642}},{"start":{"line":1,"column":11642},"end":{"line":1,"column":11649}},{"start":{"line":1,"column":11649},"end":{"line":1,"column":11674}}],"line":1},"113":{"loc":{"start":{"line":1,"column":11434},"end":{"line":1,"column":11469}},"type":"if","locations":[{"start":{"line":1,"column":11434},"end":{"line":1,"column":11469}},{"start":{"line":1,"column":11434},"end":{"line":1,"column":11469}}],"line":1},"114":{"loc":{"start":{"line":1,"column":11513},"end":{"line":1,"column":11561}},"type":"binary-expr","locations":[{"start":{"line":1,"column":11513},"end":{"line":1,"column":11536}},{"start":{"line":1,"column":11539},"end":{"line":1,"column":11560}}],"line":1},"115":{"loc":{"start":{"line":1,"column":11739},"end":{"line":1,"column":11763}},"type":"binary-expr","locations":[{"start":{"line":1,"column":11739},"end":{"line":1,"column":11748}},{"start":{"line":1,"column":11750},"end":{"line":1,"column":11763}}],"line":1},"116":{"loc":{"start":{"line":1,"column":11952},"end":{"line":1,"column":12108}},"type":"switch","locations":[{"start":{"line":1,"column":11974},"end":{"line":1,"column":12075}},{"start":{"line":1,"column":12075},"end":{"line":1,"column":12082}},{"start":{"line":1,"column":12082},"end":{"line":1,"column":12107}}],"line":1},"117":{"loc":{"start":{"line":1,"column":12007},"end":{"line":1,"column":12053}},"type":"cond-expr","locations":[{"start":{"line":1,"column":12014},"end":{"line":1,"column":12033}},{"start":{"line":1,"column":12034},"end":{"line":1,"column":12053}}],"line":1},"118":{"loc":{"start":{"line":1,"column":12318},"end":{"line":1,"column":12906}},"type":"switch","locations":[{"start":{"line":1,"column":12340},"end":{"line":1,"column":12475}},{"start":{"line":1,"column":12475},"end":{"line":1,"column":12498}},{"start":{"line":1,"column":12498},"end":{"line":1,"column":12568}},{"start":{"line":1,"column":12568},"end":{"line":1,"column":12592}},{"start":{"line":1,"column":12592},"end":{"line":1,"column":12669}},{"start":{"line":1,"column":12669},"end":{"line":1,"column":12693}},{"start":{"line":1,"column":12693},"end":{"line":1,"column":12789}},{"start":{"line":1,"column":12789},"end":{"line":1,"column":12813}},{"start":{"line":1,"column":12813},"end":{"line":1,"column":12872}},{"start":{"line":1,"column":12872},"end":{"line":1,"column":12880}},{"start":{"line":1,"column":12880},"end":{"line":1,"column":12905}}],"line":1},"119":{"loc":{"start":{"line":1,"column":12347},"end":{"line":1,"column":12441}},"type":"if","locations":[{"start":{"line":1,"column":12347},"end":{"line":1,"column":12441}},{"start":{"line":1,"column":12347},"end":{"line":1,"column":12441}}],"line":1},"120":{"loc":{"start":{"line":1,"column":12505},"end":{"line":1,"column":12532}},"type":"if","locations":[{"start":{"line":1,"column":12505},"end":{"line":1,"column":12532}},{"start":{"line":1,"column":12505},"end":{"line":1,"column":12532}}],"line":1},"121":{"loc":{"start":{"line":1,"column":12600},"end":{"line":1,"column":12630}},"type":"if","locations":[{"start":{"line":1,"column":12600},"end":{"line":1,"column":12630}},{"start":{"line":1,"column":12600},"end":{"line":1,"column":12630}}],"line":1},"122":{"loc":{"start":{"line":1,"column":12603},"end":{"line":1,"column":12612}},"type":"binary-expr","locations":[{"start":{"line":1,"column":12603},"end":{"line":1,"column":12604}},{"start":{"line":1,"column":12606},"end":{"line":1,"column":12612}}],"line":1},"123":{"loc":{"start":{"line":1,"column":12701},"end":{"line":1,"column":12724}},"type":"if","locations":[{"start":{"line":1,"column":12701},"end":{"line":1,"column":12724}},{"start":{"line":1,"column":12701},"end":{"line":1,"column":12724}}],"line":1},"124":{"loc":{"start":{"line":1,"column":13114},"end":{"line":1,"column":13186}},"type":"cond-expr","locations":[{"start":{"line":1,"column":13133},"end":{"line":1,"column":13134}},{"start":{"line":1,"column":13135},"end":{"line":1,"column":13186}}],"line":1},"125":{"loc":{"start":{"line":1,"column":13676},"end":{"line":1,"column":13748}},"type":"cond-expr","locations":[{"start":{"line":1,"column":13718},"end":{"line":1,"column":13730}},{"start":{"line":1,"column":13731},"end":{"line":1,"column":13748}}],"line":1},"126":{"loc":{"start":{"line":1,"column":13676},"end":{"line":1,"column":13717}},"type":"binary-expr","locations":[{"start":{"line":1,"column":13676},"end":{"line":1,"column":13694}},{"start":{"line":1,"column":13696},"end":{"line":1,"column":13717}}],"line":1},"127":{"loc":{"start":{"line":1,"column":13914},"end":{"line":1,"column":13977}},"type":"binary-expr","locations":[{"start":{"line":1,"column":13914},"end":{"line":1,"column":13933}},{"start":{"line":1,"column":13935},"end":{"line":1,"column":13977}}],"line":1}},"s":{"0":2,"1":135,"2":135,"3":135,"4":0,"5":135,"6":38,"7":69,"8":69,"9":69,"10":135,"11":0,"12":69,"13":69,"14":19,"15":0,"16":2,"17":2,"18":28,"19":28,"20":2,"21":1,"22":1,"23":1,"24":69,"25":69,"26":69,"27":69,"28":148,"29":148,"30":1,"31":2,"32":6,"33":135,"34":0,"35":0,"36":0,"37":0,"38":0,"39":0,"40":0,"41":0,"42":0,"43":0,"44":0,"45":0,"46":0,"47":0,"48":69,"49":69,"50":135,"51":0,"52":135,"53":0,"54":0,"55":0,"56":135,"57":148,"58":148,"59":0,"60":0,"61":0,"62":0,"63":0,"64":148,"65":135,"66":13,"67":1,"68":0,"69":1,"70":12,"71":148,"72":148,"73":148,"74":147,"75":12,"76":135,"77":1,"78":0,"79":0,"80":0,"81":0,"82":0,"83":0,"84":0,"85":0,"86":0,"87":0,"88":0,"89":0,"90":20,"91":20,"92":90,"93":90,"94":69,"95":1,"96":1,"97":1,"98":1,"99":0,"100":0,"101":0,"102":0,"103":0,"104":0,"105":0,"106":0,"107":0,"108":0,"109":0,"110":0,"111":1,"112":1,"113":1,"114":1,"115":1,"116":1,"117":1,"118":1,"119":1,"120":1,"121":1,"122":1,"123":1,"124":1,"125":0,"126":1,"127":1,"128":1,"129":1,"130":1,"131":0,"132":0,"133":38,"134":0,"135":0,"136":0,"137":0,"138":0,"139":0,"140":0,"141":0,"142":0,"143":0,"144":0,"145":0,"146":0,"147":0,"148":0,"149":0,"150":69,"151":0,"152":0,"153":69,"154":69,"155":69,"156":0,"157":69,"158":1,"159":1,"160":0,"161":1,"162":1,"163":1,"164":1,"165":1,"166":1,"167":0,"168":1,"169":1,"170":1,"171":1,"172":0,"173":0,"174":0,"175":0,"176":1,"177":1,"178":1,"179":0,"180":0,"181":0,"182":0,"183":24,"184":24,"185":24,"186":24,"187":0,"188":0,"189":24,"190":24,"191":24,"192":24,"193":0,"194":24,"195":0,"196":0,"197":0,"198":0,"199":0,"200":1,"201":1,"202":1,"203":1,"204":1,"205":1,"206":1,"207":1,"208":1,"209":0,"210":0,"211":1,"212":1,"213":1,"214":1,"215":1,"216":1,"217":1,"218":42,"219":0,"220":21,"221":21,"222":0,"223":1,"224":1,"225":1,"226":1,"227":1,"228":9,"229":1,"230":9,"231":9,"232":22,"233":1,"234":22,"235":44,"236":103,"237":22,"238":20,"239":20,"240":2,"241":20,"242":19,"243":19,"244":1,"245":1,"246":1,"247":19,"248":16,"249":16,"250":3,"251":3,"252":3,"253":16,"254":22,"255":1,"256":2,"257":29,"258":29,"259":2,"260":1,"261":10,"262":10,"263":1,"264":10,"265":10,"266":3,"267":10,"268":0,"269":13,"270":9,"271":4,"272":0,"273":4,"274":1,"275":12,"276":12,"277":12,"278":14,"279":14,"280":14,"281":1,"282":3,"283":3,"284":1,"285":1,"286":1,"287":14,"288":1,"289":14,"290":14,"291":14,"292":14,"293":14,"294":14,"295":14,"296":7,"297":14,"298":14,"299":7,"300":7,"301":14,"302":7,"303":14,"304":6,"305":6,"306":6,"307":12,"308":12,"309":6,"310":6,"311":28,"312":10,"313":1,"314":10,"315":29,"316":38,"317":10,"318":9,"319":9,"320":1,"321":9,"322":9,"323":10,"324":1,"325":10,"326":3,"327":1,"328":3,"329":6,"330":6,"331":3,"332":3,"333":1,"334":20,"335":1,"336":20,"337":40,"338":106,"339":20,"340":14,"341":14,"342":6,"343":6,"344":6,"345":14,"346":13,"347":13,"348":1,"349":1,"350":1,"351":13,"352":8,"353":8,"354":5,"355":5,"356":5,"357":8,"358":0,"359":0,"360":8,"361":19,"362":19,"363":1,"364":20,"365":1,"366":1,"367":1,"368":3,"369":2,"370":9,"371":9,"372":9,"373":9,"374":9,"375":0,"376":1,"377":1,"378":0,"379":1,"380":1,"381":1,"382":1,"383":1,"384":10,"385":1},"f":{"0":2,"1":135,"2":38,"3":69,"4":69,"5":135,"6":0,"7":19,"8":2,"9":2,"10":1,"11":1,"12":1,"13":69,"14":148,"15":0,"16":0,"17":0,"18":2,"19":6,"20":135,"21":0,"22":0,"23":0,"24":0,"25":0,"26":0,"27":0,"28":0,"29":0,"30":69,"31":135,"32":0,"33":20,"34":90,"35":69,"36":1,"37":0,"38":0,"39":0,"40":0,"41":38,"42":0,"43":0,"44":0,"45":0,"46":0,"47":0,"48":0,"49":0,"50":69,"51":69,"52":1,"53":1,"54":24,"55":24,"56":0,"57":1,"58":0,"59":1,"60":1,"61":42,"62":0,"63":21,"64":21,"65":0,"66":1,"67":9,"68":9,"69":1,"70":22,"71":22,"72":44,"73":2,"74":29,"75":2,"76":1,"77":10,"78":10,"79":10,"80":3,"81":0,"82":3,"83":13,"84":12,"85":14,"86":14,"87":1,"88":3,"89":1,"90":14,"91":14,"92":14,"93":14,"94":7,"95":14,"96":7,"97":28,"98":6,"99":6,"100":6,"101":12,"102":1,"103":10,"104":10,"105":29,"106":10,"107":1,"108":3,"109":3,"110":6,"111":1,"112":20,"113":20,"114":40,"115":1,"116":1,"117":3,"118":2,"119":9,"120":9,"121":9,"122":0,"123":1,"124":0,"125":1,"126":1,"127":1,"128":10},"b":{"0":[69,66],"1":[0,19],"2":[28,28],"3":[28,26],"4":[2,2],"5":[2,0],"6":[0,1],"7":[69,0],"8":[69,69],"9":[69,49],"10":[0,0],"11":[0,0],"12":[0,0,0],"13":[0,0],"14":[0,135],"15":[0,135],"16":[0,0],"17":[0,148],"18":[0,0],"19":[0,0],"20":[135,13],"21":[1,12],"22":[0,1],"23":[12,12],"24":[147,1],"25":[12,135],"26":[69,78],"27":[1,1],"28":[0,0],"29":[0,0],"30":[0,0],"31":[0,0],"32":[0,0],"33":[0,0],"34":[0,0],"35":[0,0],"36":[20,20],"37":[20,0],"38":[90,89],"39":[1,0],"40":[1,0],"41":[0,0],"42":[0,0],"43":[0,0],"44":[1,0],"45":[1,0],"46":[1,0],"47":[1,0],"48":[1,1],"49":[1,1,1,1],"50":[0,0],"51":[0,0,0],"52":[0,0],"53":[38,0],"54":[0,0],"55":[0,0],"56":[0,0],"57":[0,0],"58":[0,69],"59":[0,0,0,0],"60":[0,69],"61":[1,1],"62":[0,1],"63":[0,1],"64":[1,0],"65":[0,1],"66":[1,1],"67":[0,0],"68":[0,0],"69":[1,0],"70":[1,0],"71":[0,0],"72":[0,0],"73":[0,24],"74":[24,0,0],"75":[24,0,0,0,0,0],"76":[0,24],"77":[0,24],"78":[0,24],"79":[0,24],"80":[24,24],"81":[24,0],"82":[0,0,0],"83":[0,0],"84":[1,0],"85":[1,0],"86":[0,0],"87":[1,0],"88":[1,1],"89":[0,0],"90":[0,0,0,0],"91":[21,0],"92":[21,21],"93":[0,0],"94":[0,0,0,0],"95":[22,20,1,19,3,16,20,22],"96":[20,2],"97":[19,1],"98":[16,3],"99":[1,9],"100":[10,1],"101":[9,4],"102":[9,1],"103":[0,4],"104":[1,3],"105":[2,10],"106":[12,12],"107":[2,10],"108":[12,12],"109":[1,1,1,1],"110":[7,7,7],"111":[6,6,6],"112":[10,9,9,0,10],"113":[9,1],"114":[9,3],"115":[10,1],"116":[3,3,3],"117":[0,3],"118":[20,6,14,1,13,5,8,19,1,20,20],"119":[14,6],"120":[13,1],"121":[8,5],"122":[13,8],"123":[0,8],"124":[2,1],"125":[0,1],"126":[1,1],"127":[10,9]},"_coverageSchema":"43e27e138ebf9cfc5966b082cf9a028302ed4184","hash":"cdce51d7dcbe1c99f8a72fdc6673ab5fb8d554c6"}
}
