{"D:\\mwc\\focus-flow\\dist\\focusFlow.es.js": {"path":"D:\\mwc\\focus-flow\\dist\\focusFlow.es.js","statementMap":{"0":{"start":{"line":4,"column":1},"end":{"line":4,"column":77}},"1":{"start":{"line":7,"column":16},"end":{"line":733,"column":2}},"2":{"start":{"line":15,"column":15},"end":{"line":717,"column":1}},"3":{"start":{"line":17,"column":11},"end":{"line":17,"column":27}},"4":{"start":{"line":18,"column":15},"end":{"line":18,"column":32}},"5":{"start":{"line":20,"column":16},"end":{"line":20,"column":58}},"6":{"start":{"line":21,"column":23},"end":{"line":21,"column":55}},"7":{"start":{"line":22,"column":28},"end":{"line":22,"column":70}},"8":{"start":{"line":23,"column":26},"end":{"line":23,"column":64}},"9":{"start":{"line":27,"column":25},"end":{"line":27,"column":96}},"10":{"start":{"line":28,"column":20},"end":{"line":28,"column":59}},"11":{"start":{"line":29,"column":18},"end":{"line":29,"column":48}},"12":{"start":{"line":33,"column":4},"end":{"line":33,"column":65}},"13":{"start":{"line":35,"column":4},"end":{"line":35,"column":21}},"14":{"start":{"line":37,"column":2},"end":{"line":37,"column":22}},"15":{"start":{"line":50,"column":4},"end":{"line":54,"column":5}},"16":{"start":{"line":51,"column":6},"end":{"line":51,"column":56}},"17":{"start":{"line":53,"column":6},"end":{"line":53,"column":41}},"18":{"start":{"line":57,"column":31},"end":{"line":57,"column":47}},"19":{"start":{"line":58,"column":31},"end":{"line":58,"column":47}},"20":{"start":{"line":59,"column":26},"end":{"line":59,"column":37}},"21":{"start":{"line":60,"column":26},"end":{"line":60,"column":37}},"22":{"start":{"line":64,"column":25},"end":{"line":64,"column":27}},"23":{"start":{"line":76,"column":26},"end":{"line":76,"column":28}},"24":{"start":{"line":77,"column":2},"end":{"line":79,"column":4}},"25":{"start":{"line":78,"column":4},"end":{"line":78,"column":16}},"26":{"start":{"line":81,"column":17},"end":{"line":81,"column":38}},"27":{"start":{"line":82,"column":32},"end":{"line":82,"column":74}},"28":{"start":{"line":83,"column":2},"end":{"line":89,"column":3}},"29":{"start":{"line":88,"column":4},"end":{"line":88,"column":48}},"30":{"start":{"line":91,"column":11},"end":{"line":92,"column":58}},"31":{"start":{"line":93,"column":2},"end":{"line":93,"column":76}},"32":{"start":{"line":94,"column":2},"end":{"line":94,"column":61}},"33":{"start":{"line":95,"column":2},"end":{"line":96,"column":56}},"34":{"start":{"line":101,"column":4},"end":{"line":105,"column":7}},"35":{"start":{"line":102,"column":6},"end":{"line":104,"column":8}},"36":{"start":{"line":103,"column":8},"end":{"line":103,"column":41}},"37":{"start":{"line":108,"column":2},"end":{"line":116,"column":4}},"38":{"start":{"line":109,"column":15},"end":{"line":109,"column":65}},"39":{"start":{"line":110,"column":4},"end":{"line":115,"column":14}},"40":{"start":{"line":118,"column":2},"end":{"line":129,"column":4}},"41":{"start":{"line":119,"column":4},"end":{"line":126,"column":5}},"42":{"start":{"line":120,"column":6},"end":{"line":120,"column":64}},"43":{"start":{"line":122,"column":6},"end":{"line":122,"column":52}},"44":{"start":{"line":123,"column":6},"end":{"line":125,"column":7}},"45":{"start":{"line":124,"column":8},"end":{"line":124,"column":56}},"46":{"start":{"line":127,"column":4},"end":{"line":127,"column":41}},"47":{"start":{"line":128,"column":4},"end":{"line":128,"column":18}},"48":{"start":{"line":135,"column":2},"end":{"line":137,"column":4}},"49":{"start":{"line":136,"column":4},"end":{"line":136,"column":28}},"50":{"start":{"line":141,"column":19},"end":{"line":141,"column":62}},"51":{"start":{"line":142,"column":6},"end":{"line":168,"column":7}},"52":{"start":{"line":143,"column":8},"end":{"line":143,"column":27}},"53":{"start":{"line":145,"column":21},"end":{"line":145,"column":31}},"54":{"start":{"line":146,"column":20},"end":{"line":146,"column":32}},"55":{"start":{"line":147,"column":8},"end":{"line":155,"column":9}},"56":{"start":{"line":150,"column":10},"end":{"line":154,"column":13}},"57":{"start":{"line":151,"column":12},"end":{"line":151,"column":51}},"58":{"start":{"line":153,"column":12},"end":{"line":153,"column":50}},"59":{"start":{"line":157,"column":8},"end":{"line":167,"column":11}},"60":{"start":{"line":161,"column":10},"end":{"line":161,"column":35}},"61":{"start":{"line":162,"column":10},"end":{"line":162,"column":26}},"62":{"start":{"line":166,"column":10},"end":{"line":166,"column":57}},"63":{"start":{"line":175,"column":8},"end":{"line":177,"column":11}},"64":{"start":{"line":176,"column":10},"end":{"line":176,"column":47}},"65":{"start":{"line":180,"column":6},"end":{"line":198,"column":41}},"66":{"start":{"line":203,"column":4},"end":{"line":203,"column":27}},"67":{"start":{"line":206,"column":2},"end":{"line":206,"column":49}},"68":{"start":{"line":207,"column":2},"end":{"line":209,"column":4}},"69":{"start":{"line":208,"column":4},"end":{"line":208,"column":16}},"70":{"start":{"line":210,"column":2},"end":{"line":210,"column":40}},"71":{"start":{"line":215,"column":2},"end":{"line":225,"column":4}},"72":{"start":{"line":216,"column":15},"end":{"line":218,"column":5}},"73":{"start":{"line":220,"column":4},"end":{"line":224,"column":11}},"74":{"start":{"line":223,"column":10},"end":{"line":223,"column":58}},"75":{"start":{"line":228,"column":16},"end":{"line":228,"column":38}},"76":{"start":{"line":230,"column":4},"end":{"line":302,"column":6}},"77":{"start":{"line":231,"column":6},"end":{"line":233,"column":7}},"78":{"start":{"line":232,"column":8},"end":{"line":232,"column":56}},"79":{"start":{"line":235,"column":6},"end":{"line":243,"column":7}},"80":{"start":{"line":236,"column":8},"end":{"line":238,"column":9}},"81":{"start":{"line":237,"column":10},"end":{"line":237,"column":20}},"82":{"start":{"line":242,"column":8},"end":{"line":242,"column":28}},"83":{"start":{"line":245,"column":6},"end":{"line":245,"column":30}},"84":{"start":{"line":246,"column":6},"end":{"line":246,"column":24}},"85":{"start":{"line":248,"column":6},"end":{"line":301,"column":7}},"86":{"start":{"line":249,"column":23},"end":{"line":249,"column":39}},"87":{"start":{"line":250,"column":8},"end":{"line":256,"column":9}},"88":{"start":{"line":251,"column":31},"end":{"line":251,"column":69}},"89":{"start":{"line":252,"column":10},"end":{"line":255,"column":11}},"90":{"start":{"line":253,"column":12},"end":{"line":253,"column":66}},"91":{"start":{"line":253,"column":55},"end":{"line":253,"column":64}},"92":{"start":{"line":254,"column":12},"end":{"line":254,"column":34}},"93":{"start":{"line":258,"column":8},"end":{"line":273,"column":9}},"94":{"start":{"line":261,"column":10},"end":{"line":261,"column":53}},"95":{"start":{"line":263,"column":15},"end":{"line":273,"column":9}},"96":{"start":{"line":264,"column":10},"end":{"line":267,"column":11}},"97":{"start":{"line":265,"column":12},"end":{"line":265,"column":38}},"98":{"start":{"line":266,"column":12},"end":{"line":266,"column":30}},"99":{"start":{"line":269,"column":10},"end":{"line":269,"column":49}},"100":{"start":{"line":271,"column":15},"end":{"line":273,"column":9}},"101":{"start":{"line":272,"column":10},"end":{"line":272,"column":48}},"102":{"start":{"line":275,"column":8},"end":{"line":275,"column":34}},"103":{"start":{"line":277,"column":21},"end":{"line":277,"column":53}},"104":{"start":{"line":278,"column":8},"end":{"line":300,"column":9}},"105":{"start":{"line":281,"column":10},"end":{"line":283,"column":37}},"106":{"start":{"line":285,"column":10},"end":{"line":287,"column":11}},"107":{"start":{"line":286,"column":12},"end":{"line":286,"column":21}},"108":{"start":{"line":289,"column":10},"end":{"line":292,"column":12}},"109":{"start":{"line":294,"column":15},"end":{"line":300,"column":9}},"110":{"start":{"line":295,"column":10},"end":{"line":295,"column":36}},"111":{"start":{"line":298,"column":10},"end":{"line":298,"column":35}},"112":{"start":{"line":299,"column":10},"end":{"line":299,"column":35}},"113":{"start":{"line":310,"column":17},"end":{"line":310,"column":50}},"114":{"start":{"line":311,"column":4},"end":{"line":338,"column":5}},"115":{"start":{"line":314,"column":6},"end":{"line":314,"column":30}},"116":{"start":{"line":316,"column":6},"end":{"line":335,"column":7}},"117":{"start":{"line":318,"column":8},"end":{"line":330,"column":9}},"118":{"start":{"line":321,"column":10},"end":{"line":321,"column":36}},"119":{"start":{"line":322,"column":10},"end":{"line":322,"column":34}},"120":{"start":{"line":323,"column":10},"end":{"line":323,"column":49}},"121":{"start":{"line":325,"column":10},"end":{"line":329,"column":11}},"122":{"start":{"line":328,"column":12},"end":{"line":328,"column":36}},"123":{"start":{"line":332,"column":8},"end":{"line":332,"column":33}},"124":{"start":{"line":333,"column":8},"end":{"line":334,"column":60}},"125":{"start":{"line":337,"column":6},"end":{"line":337,"column":30}},"126":{"start":{"line":340,"column":17},"end":{"line":340,"column":65}},"127":{"start":{"line":342,"column":4},"end":{"line":347,"column":5}},"128":{"start":{"line":343,"column":6},"end":{"line":343,"column":31}},"129":{"start":{"line":344,"column":6},"end":{"line":344,"column":31}},"130":{"start":{"line":345,"column":6},"end":{"line":345,"column":30}},"131":{"start":{"line":346,"column":6},"end":{"line":346,"column":30}},"132":{"start":{"line":349,"column":15},"end":{"line":349,"column":25}},"133":{"start":{"line":351,"column":4},"end":{"line":356,"column":5}},"134":{"start":{"line":352,"column":6},"end":{"line":352,"column":31}},"135":{"start":{"line":353,"column":6},"end":{"line":353,"column":70}},"136":{"start":{"line":354,"column":6},"end":{"line":354,"column":30}},"137":{"start":{"line":355,"column":6},"end":{"line":355,"column":30}},"138":{"start":{"line":358,"column":4},"end":{"line":380,"column":5}},"139":{"start":{"line":361,"column":6},"end":{"line":361,"column":48}},"140":{"start":{"line":364,"column":6},"end":{"line":364,"column":38}},"141":{"start":{"line":372,"column":6},"end":{"line":375,"column":7}},"142":{"start":{"line":373,"column":8},"end":{"line":373,"column":32}},"143":{"start":{"line":374,"column":8},"end":{"line":374,"column":32}},"144":{"start":{"line":379,"column":6},"end":{"line":379,"column":18}},"145":{"start":{"line":384,"column":4},"end":{"line":384,"column":28}},"146":{"start":{"line":385,"column":4},"end":{"line":385,"column":28}},"147":{"start":{"line":390,"column":2},"end":{"line":390,"column":28}},"148":{"start":{"line":392,"column":2},"end":{"line":392,"column":38}},"149":{"start":{"line":399,"column":2},"end":{"line":401,"column":4}},"150":{"start":{"line":400,"column":4},"end":{"line":400,"column":16}},"151":{"start":{"line":403,"column":2},"end":{"line":405,"column":4}},"152":{"start":{"line":404,"column":4},"end":{"line":404,"column":32}},"153":{"start":{"line":408,"column":16},"end":{"line":408,"column":35}},"154":{"start":{"line":410,"column":4},"end":{"line":412,"column":5}},"155":{"start":{"line":411,"column":6},"end":{"line":411,"column":31}},"156":{"start":{"line":414,"column":4},"end":{"line":417,"column":5}},"157":{"start":{"line":415,"column":6},"end":{"line":415,"column":33}},"158":{"start":{"line":416,"column":6},"end":{"line":416,"column":31}},"159":{"start":{"line":419,"column":4},"end":{"line":419,"column":32}},"160":{"start":{"line":423,"column":17},"end":{"line":423,"column":39}},"161":{"start":{"line":424,"column":4},"end":{"line":424,"column":27}},"162":{"start":{"line":425,"column":4},"end":{"line":425,"column":22}},"163":{"start":{"line":426,"column":4},"end":{"line":426,"column":30}},"164":{"start":{"line":433,"column":4},"end":{"line":433,"column":43}},"165":{"start":{"line":434,"column":4},"end":{"line":434,"column":44}},"166":{"start":{"line":435,"column":4},"end":{"line":435,"column":21}},"167":{"start":{"line":438,"column":2},"end":{"line":463,"column":4}},"168":{"start":{"line":439,"column":15},"end":{"line":439,"column":17}},"169":{"start":{"line":440,"column":4},"end":{"line":442,"column":5}},"170":{"start":{"line":441,"column":6},"end":{"line":441,"column":21}},"171":{"start":{"line":443,"column":4},"end":{"line":443,"column":19}},"172":{"start":{"line":447,"column":4},"end":{"line":462,"column":6}},"173":{"start":{"line":448,"column":6},"end":{"line":455,"column":7}},"174":{"start":{"line":449,"column":18},"end":{"line":449,"column":28}},"175":{"start":{"line":450,"column":8},"end":{"line":454,"column":9}},"176":{"start":{"line":451,"column":10},"end":{"line":451,"column":27}},"177":{"start":{"line":452,"column":10},"end":{"line":452,"column":28}},"178":{"start":{"line":453,"column":10},"end":{"line":453,"column":22}},"179":{"start":{"line":460,"column":6},"end":{"line":460,"column":23}},"180":{"start":{"line":461,"column":6},"end":{"line":461,"column":18}},"181":{"start":{"line":466,"column":4},"end":{"line":494,"column":5}},"182":{"start":{"line":467,"column":27},"end":{"line":467,"column":51}},"183":{"start":{"line":468,"column":6},"end":{"line":470,"column":7}},"184":{"start":{"line":469,"column":8},"end":{"line":469,"column":45}},"185":{"start":{"line":472,"column":6},"end":{"line":474,"column":7}},"186":{"start":{"line":473,"column":8},"end":{"line":473,"column":24}},"187":{"start":{"line":476,"column":6},"end":{"line":493,"column":7}},"188":{"start":{"line":477,"column":16},"end":{"line":477,"column":18}},"189":{"start":{"line":477,"column":27},"end":{"line":490,"column":9}},"190":{"start":{"line":478,"column":10},"end":{"line":484,"column":11}},"191":{"start":{"line":479,"column":12},"end":{"line":483,"column":13}},"192":{"start":{"line":480,"column":14},"end":{"line":480,"column":39}},"193":{"start":{"line":481,"column":14},"end":{"line":481,"column":32}},"194":{"start":{"line":482,"column":14},"end":{"line":482,"column":26}},"195":{"start":{"line":486,"column":10},"end":{"line":486,"column":33}},"196":{"start":{"line":487,"column":10},"end":{"line":487,"column":27}},"197":{"start":{"line":489,"column":10},"end":{"line":489,"column":22}},"198":{"start":{"line":492,"column":8},"end":{"line":492,"column":32}},"199":{"start":{"line":497,"column":4},"end":{"line":497,"column":32}},"200":{"start":{"line":499,"column":2},"end":{"line":499,"column":26}},"201":{"start":{"line":502,"column":4},"end":{"line":502,"column":44}},"202":{"start":{"line":505,"column":2},"end":{"line":703,"column":4}},"203":{"start":{"line":509,"column":6},"end":{"line":509,"column":20}},"204":{"start":{"line":510,"column":6},"end":{"line":510,"column":20}},"205":{"start":{"line":513,"column":6},"end":{"line":513,"column":41}},"206":{"start":{"line":514,"column":6},"end":{"line":514,"column":24}},"207":{"start":{"line":515,"column":6},"end":{"line":515,"column":27}},"208":{"start":{"line":517,"column":6},"end":{"line":517,"column":27}},"209":{"start":{"line":518,"column":6},"end":{"line":518,"column":27}},"210":{"start":{"line":520,"column":6},"end":{"line":520,"column":45}},"211":{"start":{"line":522,"column":6},"end":{"line":531,"column":7}},"212":{"start":{"line":523,"column":8},"end":{"line":530,"column":9}},"213":{"start":{"line":525,"column":10},"end":{"line":529,"column":11}},"214":{"start":{"line":528,"column":12},"end":{"line":528,"column":35}},"215":{"start":{"line":535,"column":6},"end":{"line":535,"column":23}},"216":{"start":{"line":537,"column":22},"end":{"line":537,"column":40}},"217":{"start":{"line":538,"column":23},"end":{"line":538,"column":43}},"218":{"start":{"line":539,"column":6},"end":{"line":541,"column":7}},"219":{"start":{"line":540,"column":8},"end":{"line":540,"column":29}},"220":{"start":{"line":543,"column":6},"end":{"line":543,"column":23}},"221":{"start":{"line":547,"column":6},"end":{"line":549,"column":7}},"222":{"start":{"line":548,"column":8},"end":{"line":548,"column":24}},"223":{"start":{"line":551,"column":20},"end":{"line":551,"column":24}},"224":{"start":{"line":553,"column":8},"end":{"line":553,"column":30}},"225":{"start":{"line":554,"column":8},"end":{"line":554,"column":31}},"226":{"start":{"line":555,"column":8},"end":{"line":555,"column":27}},"227":{"start":{"line":557,"column":8},"end":{"line":562,"column":9}},"228":{"start":{"line":560,"column":10},"end":{"line":560,"column":34}},"229":{"start":{"line":561,"column":10},"end":{"line":561,"column":34}},"230":{"start":{"line":564,"column":8},"end":{"line":564,"column":25}},"231":{"start":{"line":567,"column":6},"end":{"line":603,"column":7}},"232":{"start":{"line":567,"column":19},"end":{"line":567,"column":45}},"233":{"start":{"line":568,"column":20},"end":{"line":568,"column":38}},"234":{"start":{"line":569,"column":21},"end":{"line":569,"column":37}},"235":{"start":{"line":571,"column":8},"end":{"line":576,"column":9}},"236":{"start":{"line":575,"column":10},"end":{"line":575,"column":31}},"237":{"start":{"line":578,"column":8},"end":{"line":602,"column":9}},"238":{"start":{"line":579,"column":25},"end":{"line":579,"column":55}},"239":{"start":{"line":580,"column":27},"end":{"line":580,"column":59}},"240":{"start":{"line":582,"column":10},"end":{"line":601,"column":11}},"241":{"start":{"line":583,"column":12},"end":{"line":587,"column":13}},"242":{"start":{"line":584,"column":14},"end":{"line":584,"column":50}},"243":{"start":{"line":585,"column":19},"end":{"line":587,"column":13}},"244":{"start":{"line":586,"column":14},"end":{"line":586,"column":46}},"245":{"start":{"line":589,"column":17},"end":{"line":601,"column":11}},"246":{"start":{"line":590,"column":12},"end":{"line":592,"column":13}},"247":{"start":{"line":591,"column":14},"end":{"line":591,"column":50}},"248":{"start":{"line":594,"column":17},"end":{"line":601,"column":11}},"249":{"start":{"line":595,"column":12},"end":{"line":597,"column":13}},"250":{"start":{"line":596,"column":14},"end":{"line":596,"column":46}},"251":{"start":{"line":600,"column":12},"end":{"line":600,"column":70}},"252":{"start":{"line":607,"column":6},"end":{"line":615,"column":7}},"253":{"start":{"line":607,"column":19},"end":{"line":607,"column":45}},"254":{"start":{"line":608,"column":20},"end":{"line":608,"column":38}},"255":{"start":{"line":609,"column":8},"end":{"line":614,"column":9}},"256":{"start":{"line":612,"column":29},"end":{"line":612,"column":34}},"257":{"start":{"line":613,"column":10},"end":{"line":613,"column":16}},"258":{"start":{"line":617,"column":6},"end":{"line":625,"column":7}},"259":{"start":{"line":624,"column":8},"end":{"line":624,"column":28}},"260":{"start":{"line":627,"column":19},"end":{"line":627,"column":62}},"261":{"start":{"line":628,"column":6},"end":{"line":628,"column":25}},"262":{"start":{"line":629,"column":6},"end":{"line":629,"column":23}},"263":{"start":{"line":631,"column":6},"end":{"line":635,"column":7}},"264":{"start":{"line":632,"column":8},"end":{"line":632,"column":29}},"265":{"start":{"line":633,"column":8},"end":{"line":633,"column":44}},"266":{"start":{"line":634,"column":8},"end":{"line":634,"column":32}},"267":{"start":{"line":637,"column":6},"end":{"line":637,"column":35}},"268":{"start":{"line":641,"column":6},"end":{"line":643,"column":7}},"269":{"start":{"line":642,"column":8},"end":{"line":642,"column":25}},"270":{"start":{"line":645,"column":6},"end":{"line":654,"column":7}},"271":{"start":{"line":647,"column":8},"end":{"line":647,"column":31}},"272":{"start":{"line":648,"column":13},"end":{"line":654,"column":7}},"273":{"start":{"line":649,"column":8},"end":{"line":649,"column":42}},"274":{"start":{"line":650,"column":8},"end":{"line":650,"column":31}},"275":{"start":{"line":651,"column":8},"end":{"line":651,"column":26}},"276":{"start":{"line":652,"column":13},"end":{"line":654,"column":7}},"277":{"start":{"line":653,"column":8},"end":{"line":653,"column":29}},"278":{"start":{"line":656,"column":6},"end":{"line":656,"column":30}},"279":{"start":{"line":660,"column":6},"end":{"line":667,"column":7}},"280":{"start":{"line":660,"column":19},"end":{"line":660,"column":45}},"281":{"start":{"line":661,"column":20},"end":{"line":661,"column":38}},"282":{"start":{"line":662,"column":8},"end":{"line":666,"column":9}},"283":{"start":{"line":663,"column":10},"end":{"line":663,"column":58}},"284":{"start":{"line":664,"column":10},"end":{"line":664,"column":31}},"285":{"start":{"line":665,"column":10},"end":{"line":665,"column":34}},"286":{"start":{"line":671,"column":6},"end":{"line":681,"column":7}},"287":{"start":{"line":671,"column":19},"end":{"line":671,"column":45}},"288":{"start":{"line":672,"column":20},"end":{"line":672,"column":38}},"289":{"start":{"line":673,"column":8},"end":{"line":680,"column":9}},"290":{"start":{"line":674,"column":23},"end":{"line":674,"column":39}},"291":{"start":{"line":675,"column":10},"end":{"line":678,"column":11}},"292":{"start":{"line":676,"column":25},"end":{"line":676,"column":35}},"293":{"start":{"line":677,"column":12},"end":{"line":677,"column":33}},"294":{"start":{"line":679,"column":10},"end":{"line":679,"column":24}},"295":{"start":{"line":685,"column":6},"end":{"line":685,"column":47}},"296":{"start":{"line":689,"column":6},"end":{"line":693,"column":8}},"297":{"start":{"line":695,"column":6},"end":{"line":699,"column":7}},"298":{"start":{"line":698,"column":8},"end":{"line":698,"column":29}},"299":{"start":{"line":701,"column":6},"end":{"line":701,"column":30}},"300":{"start":{"line":709,"column":2},"end":{"line":709,"column":17}},"301":{"start":{"line":719,"column":0},"end":{"line":732,"column":1}},"302":{"start":{"line":720,"column":2},"end":{"line":720,"column":31}},"303":{"start":{"line":731,"column":2},"end":{"line":731,"column":51}},"304":{"start":{"line":735,"column":18},"end":{"line":735,"column":27}},"305":{"start":{"line":738,"column":2},"end":{"line":744,"column":3}},"306":{"start":{"line":739,"column":15},"end":{"line":739,"column":28}},"307":{"start":{"line":740,"column":16},"end":{"line":740,"column":26}},"308":{"start":{"line":742,"column":4},"end":{"line":742,"column":18}},"309":{"start":{"line":743,"column":4},"end":{"line":743,"column":11}},"310":{"start":{"line":746,"column":2},"end":{"line":750,"column":3}},"311":{"start":{"line":747,"column":4},"end":{"line":747,"column":19}},"312":{"start":{"line":749,"column":4},"end":{"line":749,"column":47}},"313":{"start":{"line":754,"column":2},"end":{"line":770,"column":4}},"314":{"start":{"line":755,"column":15},"end":{"line":755,"column":19}},"315":{"start":{"line":756,"column":15},"end":{"line":756,"column":24}},"316":{"start":{"line":757,"column":4},"end":{"line":769,"column":7}},"317":{"start":{"line":758,"column":16},"end":{"line":758,"column":36}},"318":{"start":{"line":761,"column":8},"end":{"line":761,"column":79}},"319":{"start":{"line":765,"column":8},"end":{"line":765,"column":78}},"320":{"start":{"line":768,"column":6},"end":{"line":768,"column":23}},"321":{"start":{"line":773,"column":23},"end":{"line":773,"column":40}},"322":{"start":{"line":775,"column":16},"end":{"line":793,"column":2}},"323":{"start":{"line":776,"column":25},"end":{"line":776,"column":333}},"324":{"start":{"line":776,"column":100},"end":{"line":776,"column":157}},"325":{"start":{"line":776,"column":136},"end":{"line":776,"column":154}},"326":{"start":{"line":776,"column":167},"end":{"line":776,"column":331}},"327":{"start":{"line":776,"column":203},"end":{"line":776,"column":328}},"328":{"start":{"line":776,"column":334},"end":{"line":776,"column":355}},"329":{"start":{"line":779,"column":2},"end":{"line":787,"column":3}},"330":{"start":{"line":780,"column":4},"end":{"line":782,"column":6}},"331":{"start":{"line":781,"column":6},"end":{"line":781,"column":27}},"332":{"start":{"line":784,"column":4},"end":{"line":786,"column":6}},"333":{"start":{"line":785,"column":6},"end":{"line":785,"column":134}},"334":{"start":{"line":789,"column":2},"end":{"line":789,"column":22}},"335":{"start":{"line":792,"column":0},"end":{"line":792,"column":25}},"336":{"start":{"line":796,"column":2},"end":{"line":798,"column":3}},"337":{"start":{"line":797,"column":4},"end":{"line":797,"column":61}},"338":{"start":{"line":801,"column":21},"end":{"line":801,"column":36}},"339":{"start":{"line":804,"column":2},"end":{"line":810,"column":3}},"340":{"start":{"line":804,"column":15},"end":{"line":804,"column":16}},"341":{"start":{"line":805,"column":21},"end":{"line":805,"column":29}},"342":{"start":{"line":806,"column":4},"end":{"line":806,"column":59}},"343":{"start":{"line":807,"column":4},"end":{"line":807,"column":35}},"344":{"start":{"line":808,"column":4},"end":{"line":808,"column":62}},"345":{"start":{"line":808,"column":33},"end":{"line":808,"column":60}},"346":{"start":{"line":809,"column":4},"end":{"line":809,"column":62}},"347":{"start":{"line":814,"column":2},"end":{"line":814,"column":75}},"348":{"start":{"line":814,"column":20},"end":{"line":814,"column":73}},"349":{"start":{"line":815,"column":2},"end":{"line":815,"column":67}},"350":{"start":{"line":815,"column":21},"end":{"line":815,"column":65}},"351":{"start":{"line":816,"column":2},"end":{"line":816,"column":21}},"352":{"start":{"line":819,"column":18},"end":{"line":819,"column":30}},"353":{"start":{"line":822,"column":2},"end":{"line":831,"column":3}},"354":{"start":{"line":823,"column":4},"end":{"line":828,"column":7}},"355":{"start":{"line":830,"column":4},"end":{"line":830,"column":21}},"356":{"start":{"line":833,"column":2},"end":{"line":833,"column":13}},"357":{"start":{"line":836,"column":21},"end":{"line":836,"column":36}},"358":{"start":{"line":840,"column":0},"end":{"line":974,"column":3}},"359":{"start":{"line":842,"column":4},"end":{"line":842,"column":33}},"360":{"start":{"line":844,"column":4},"end":{"line":844,"column":38}},"361":{"start":{"line":845,"column":4},"end":{"line":845,"column":38}},"362":{"start":{"line":846,"column":4},"end":{"line":846,"column":40}},"363":{"start":{"line":847,"column":4},"end":{"line":847,"column":17}},"364":{"start":{"line":848,"column":4},"end":{"line":848,"column":22}},"365":{"start":{"line":857,"column":2},"end":{"line":971,"column":6}},"366":{"start":{"line":860,"column":18},"end":{"line":866,"column":7}},"367":{"start":{"line":867,"column":6},"end":{"line":869,"column":9}},"368":{"start":{"line":870,"column":6},"end":{"line":870,"column":20}},"369":{"start":{"line":882,"column":18},"end":{"line":936,"column":9}},"370":{"start":{"line":886,"column":8},"end":{"line":935,"column":26}},"371":{"start":{"line":887,"column":10},"end":{"line":934,"column":11}},"372":{"start":{"line":888,"column":12},"end":{"line":933,"column":13}},"373":{"start":{"line":890,"column":16},"end":{"line":893,"column":17}},"374":{"start":{"line":891,"column":18},"end":{"line":891,"column":36}},"375":{"start":{"line":892,"column":18},"end":{"line":892,"column":24}},"376":{"start":{"line":895,"column":16},"end":{"line":895,"column":70}},"377":{"start":{"line":898,"column":16},"end":{"line":898,"column":40}},"378":{"start":{"line":899,"column":16},"end":{"line":899,"column":30}},"379":{"start":{"line":901,"column":16},"end":{"line":904,"column":17}},"380":{"start":{"line":902,"column":18},"end":{"line":902,"column":36}},"381":{"start":{"line":903,"column":18},"end":{"line":903,"column":24}},"382":{"start":{"line":906,"column":16},"end":{"line":906,"column":34}},"383":{"start":{"line":907,"column":16},"end":{"line":907,"column":41}},"384":{"start":{"line":910,"column":16},"end":{"line":910,"column":35}},"385":{"start":{"line":911,"column":16},"end":{"line":911,"column":22}},"386":{"start":{"line":914,"column":16},"end":{"line":917,"column":17}},"387":{"start":{"line":915,"column":18},"end":{"line":915,"column":37}},"388":{"start":{"line":916,"column":18},"end":{"line":916,"column":24}},"389":{"start":{"line":919,"column":16},"end":{"line":919,"column":35}},"390":{"start":{"line":920,"column":16},"end":{"line":920,"column":47}},"391":{"start":{"line":923,"column":16},"end":{"line":923,"column":35}},"392":{"start":{"line":924,"column":16},"end":{"line":924,"column":22}},"393":{"start":{"line":927,"column":16},"end":{"line":927,"column":35}},"394":{"start":{"line":928,"column":16},"end":{"line":928,"column":37}},"395":{"start":{"line":932,"column":16},"end":{"line":932,"column":39}},"396":{"start":{"line":939,"column":8},"end":{"line":939,"column":44}},"397":{"start":{"line":942,"column":6},"end":{"line":942,"column":18}},"398":{"start":{"line":954,"column":6},"end":{"line":954,"column":19}},"399":{"start":{"line":955,"column":6},"end":{"line":955,"column":31}},"400":{"start":{"line":956,"column":6},"end":{"line":956,"column":18}},"401":{"start":{"line":962,"column":17},"end":{"line":962,"column":31}},"402":{"start":{"line":963,"column":6},"end":{"line":963,"column":52}},"403":{"start":{"line":969,"column":6},"end":{"line":969,"column":32}},"404":{"start":{"line":973,"column":2},"end":{"line":973,"column":16}},"405":{"start":{"line":978,"column":0},"end":{"line":1554,"column":3}},"406":{"start":{"line":981,"column":18},"end":{"line":981,"column":88}},"407":{"start":{"line":983,"column":4},"end":{"line":983,"column":36}},"408":{"start":{"line":985,"column":4},"end":{"line":985,"column":19}},"409":{"start":{"line":987,"column":4},"end":{"line":987,"column":22}},"410":{"start":{"line":989,"column":4},"end":{"line":989,"column":27}},"411":{"start":{"line":990,"column":4},"end":{"line":990,"column":20}},"412":{"start":{"line":993,"column":2},"end":{"line":1551,"column":6}},"413":{"start":{"line":996,"column":21},"end":{"line":1005,"column":7}},"414":{"start":{"line":1006,"column":6},"end":{"line":1006,"column":54}},"415":{"start":{"line":1013,"column":8},"end":{"line":1013,"column":15}},"416":{"start":{"line":1017,"column":6},"end":{"line":1017,"column":22}},"417":{"start":{"line":1018,"column":6},"end":{"line":1023,"column":27}},"418":{"start":{"line":1019,"column":8},"end":{"line":1019,"column":27}},"419":{"start":{"line":1041,"column":6},"end":{"line":1050,"column":7}},"420":{"start":{"line":1042,"column":8},"end":{"line":1042,"column":42}},"421":{"start":{"line":1042,"column":24},"end":{"line":1042,"column":40}},"422":{"start":{"line":1043,"column":8},"end":{"line":1043,"column":24}},"423":{"start":{"line":1044,"column":8},"end":{"line":1044,"column":32}},"424":{"start":{"line":1045,"column":13},"end":{"line":1050,"column":7}},"425":{"start":{"line":1046,"column":8},"end":{"line":1046,"column":32}},"426":{"start":{"line":1047,"column":13},"end":{"line":1050,"column":7}},"427":{"start":{"line":1049,"column":8},"end":{"line":1049,"column":44}},"428":{"start":{"line":1052,"column":6},"end":{"line":1052,"column":47}},"429":{"start":{"line":1053,"column":6},"end":{"line":1056,"column":9}},"430":{"start":{"line":1057,"column":6},"end":{"line":1057,"column":18}},"431":{"start":{"line":1070,"column":17},"end":{"line":1070,"column":102}},"432":{"start":{"line":1071,"column":6},"end":{"line":1071,"column":92}},"433":{"start":{"line":1082,"column":18},"end":{"line":1082,"column":28}},"434":{"start":{"line":1086,"column":6},"end":{"line":1113,"column":9}},"435":{"start":{"line":1087,"column":19},"end":{"line":1108,"column":11}},"436":{"start":{"line":1090,"column":10},"end":{"line":1107,"column":22}},"437":{"start":{"line":1091,"column":12},"end":{"line":1106,"column":13}},"438":{"start":{"line":1092,"column":14},"end":{"line":1105,"column":15}},"439":{"start":{"line":1094,"column":18},"end":{"line":1094,"column":36}},"440":{"start":{"line":1095,"column":18},"end":{"line":1095,"column":53}},"441":{"start":{"line":1098,"column":18},"end":{"line":1098,"column":48}},"442":{"start":{"line":1099,"column":18},"end":{"line":1099,"column":36}},"443":{"start":{"line":1100,"column":18},"end":{"line":1100,"column":43}},"444":{"start":{"line":1104,"column":18},"end":{"line":1104,"column":41}},"445":{"start":{"line":1110,"column":8},"end":{"line":1112,"column":10}},"446":{"start":{"line":1111,"column":10},"end":{"line":1111,"column":45}},"447":{"start":{"line":1115,"column":6},"end":{"line":1115,"column":23}},"448":{"start":{"line":1116,"column":6},"end":{"line":1116,"column":18}},"449":{"start":{"line":1127,"column":6},"end":{"line":1127,"column":47}},"450":{"start":{"line":1138,"column":6},"end":{"line":1138,"column":44}},"451":{"start":{"line":1149,"column":18},"end":{"line":1149,"column":22}},"452":{"start":{"line":1151,"column":18},"end":{"line":1151,"column":28}},"453":{"start":{"line":1155,"column":6},"end":{"line":1180,"column":9}},"454":{"start":{"line":1156,"column":20},"end":{"line":1175,"column":11}},"455":{"start":{"line":1159,"column":10},"end":{"line":1174,"column":23}},"456":{"start":{"line":1160,"column":12},"end":{"line":1173,"column":13}},"457":{"start":{"line":1161,"column":14},"end":{"line":1172,"column":15}},"458":{"start":{"line":1164,"column":18},"end":{"line":1164,"column":44}},"459":{"start":{"line":1166,"column":18},"end":{"line":1166,"column":37}},"460":{"start":{"line":1167,"column":18},"end":{"line":1167,"column":46}},"461":{"start":{"line":1171,"column":18},"end":{"line":1171,"column":42}},"462":{"start":{"line":1177,"column":8},"end":{"line":1179,"column":10}},"463":{"start":{"line":1178,"column":10},"end":{"line":1178,"column":46}},"464":{"start":{"line":1182,"column":6},"end":{"line":1182,"column":21}},"465":{"start":{"line":1183,"column":6},"end":{"line":1183,"column":18}},"466":{"start":{"line":1197,"column":8},"end":{"line":1197,"column":47}},"467":{"start":{"line":1201,"column":8},"end":{"line":1218,"column":12}},"468":{"start":{"line":1204,"column":10},"end":{"line":1217,"column":23}},"469":{"start":{"line":1205,"column":12},"end":{"line":1216,"column":13}},"470":{"start":{"line":1206,"column":14},"end":{"line":1215,"column":15}},"471":{"start":{"line":1208,"column":18},"end":{"line":1208,"column":48}},"472":{"start":{"line":1209,"column":18},"end":{"line":1209,"column":37}},"473":{"start":{"line":1210,"column":18},"end":{"line":1210,"column":75}},"474":{"start":{"line":1214,"column":18},"end":{"line":1214,"column":42}},"475":{"start":{"line":1219,"column":8},"end":{"line":1219,"column":47}},"476":{"start":{"line":1222,"column":6},"end":{"line":1222,"column":45}},"477":{"start":{"line":1223,"column":6},"end":{"line":1223,"column":18}},"478":{"start":{"line":1235,"column":19},"end":{"line":1271,"column":9}},"479":{"start":{"line":1240,"column":8},"end":{"line":1270,"column":27}},"480":{"start":{"line":1241,"column":10},"end":{"line":1269,"column":11}},"481":{"start":{"line":1242,"column":12},"end":{"line":1268,"column":13}},"482":{"start":{"line":1244,"column":16},"end":{"line":1247,"column":17}},"483":{"start":{"line":1245,"column":18},"end":{"line":1245,"column":37}},"484":{"start":{"line":1246,"column":18},"end":{"line":1246,"column":24}},"485":{"start":{"line":1249,"column":16},"end":{"line":1249,"column":56}},"486":{"start":{"line":1252,"column":16},"end":{"line":1256,"column":17}},"487":{"start":{"line":1253,"column":18},"end":{"line":1253,"column":38}},"488":{"start":{"line":1254,"column":18},"end":{"line":1254,"column":33}},"489":{"start":{"line":1255,"column":18},"end":{"line":1255,"column":34}},"490":{"start":{"line":1258,"column":16},"end":{"line":1258,"column":48}},"491":{"start":{"line":1259,"column":16},"end":{"line":1259,"column":35}},"492":{"start":{"line":1260,"column":16},"end":{"line":1260,"column":41}},"493":{"start":{"line":1263,"column":16},"end":{"line":1263,"column":56}},"494":{"start":{"line":1267,"column":16},"end":{"line":1267,"column":40}},"495":{"start":{"line":1274,"column":8},"end":{"line":1274,"column":45}},"496":{"start":{"line":1277,"column":6},"end":{"line":1277,"column":19}},"497":{"start":{"line":1287,"column":6},"end":{"line":1289,"column":7}},"498":{"start":{"line":1288,"column":8},"end":{"line":1288,"column":29}},"499":{"start":{"line":1291,"column":6},"end":{"line":1291,"column":19}},"500":{"start":{"line":1303,"column":23},"end":{"line":1328,"column":9}},"501":{"start":{"line":1307,"column":8},"end":{"line":1327,"column":27}},"502":{"start":{"line":1308,"column":10},"end":{"line":1326,"column":11}},"503":{"start":{"line":1309,"column":12},"end":{"line":1325,"column":13}},"504":{"start":{"line":1311,"column":16},"end":{"line":1311,"column":44}},"505":{"start":{"line":1313,"column":16},"end":{"line":1317,"column":17}},"506":{"start":{"line":1314,"column":18},"end":{"line":1314,"column":43}},"507":{"start":{"line":1316,"column":18},"end":{"line":1316,"column":49}},"508":{"start":{"line":1319,"column":16},"end":{"line":1319,"column":35}},"509":{"start":{"line":1320,"column":16},"end":{"line":1320,"column":40}},"510":{"start":{"line":1324,"column":16},"end":{"line":1324,"column":40}},"511":{"start":{"line":1331,"column":8},"end":{"line":1331,"column":49}},"512":{"start":{"line":1334,"column":6},"end":{"line":1334,"column":23}},"513":{"start":{"line":1346,"column":17},"end":{"line":1421,"column":9}},"514":{"start":{"line":1350,"column":8},"end":{"line":1420,"column":38}},"515":{"start":{"line":1351,"column":10},"end":{"line":1419,"column":11}},"516":{"start":{"line":1352,"column":12},"end":{"line":1418,"column":13}},"517":{"start":{"line":1354,"column":16},"end":{"line":1354,"column":33}},"518":{"start":{"line":1355,"column":16},"end":{"line":1355,"column":33}},"519":{"start":{"line":1356,"column":16},"end":{"line":1356,"column":56}},"520":{"start":{"line":1357,"column":16},"end":{"line":1357,"column":35}},"521":{"start":{"line":1359,"column":16},"end":{"line":1362,"column":17}},"522":{"start":{"line":1360,"column":18},"end":{"line":1360,"column":37}},"523":{"start":{"line":1361,"column":18},"end":{"line":1361,"column":24}},"524":{"start":{"line":1364,"column":16},"end":{"line":1364,"column":35}},"525":{"start":{"line":1365,"column":16},"end":{"line":1365,"column":46}},"526":{"start":{"line":1368,"column":16},"end":{"line":1368,"column":36}},"527":{"start":{"line":1369,"column":16},"end":{"line":1369,"column":22}},"528":{"start":{"line":1372,"column":16},"end":{"line":1375,"column":17}},"529":{"start":{"line":1373,"column":18},"end":{"line":1373,"column":38}},"530":{"start":{"line":1374,"column":18},"end":{"line":1374,"column":24}},"531":{"start":{"line":1377,"column":16},"end":{"line":1377,"column":36}},"532":{"start":{"line":1378,"column":16},"end":{"line":1378,"column":47}},"533":{"start":{"line":1381,"column":16},"end":{"line":1381,"column":36}},"534":{"start":{"line":1382,"column":16},"end":{"line":1382,"column":22}},"535":{"start":{"line":1385,"column":16},"end":{"line":1388,"column":17}},"536":{"start":{"line":1386,"column":18},"end":{"line":1386,"column":38}},"537":{"start":{"line":1387,"column":18},"end":{"line":1387,"column":24}},"538":{"start":{"line":1390,"column":16},"end":{"line":1390,"column":36}},"539":{"start":{"line":1391,"column":16},"end":{"line":1391,"column":50}},"540":{"start":{"line":1394,"column":16},"end":{"line":1394,"column":36}},"541":{"start":{"line":1395,"column":16},"end":{"line":1395,"column":22}},"542":{"start":{"line":1398,"column":16},"end":{"line":1401,"column":17}},"543":{"start":{"line":1399,"column":18},"end":{"line":1399,"column":38}},"544":{"start":{"line":1400,"column":18},"end":{"line":1400,"column":24}},"545":{"start":{"line":1403,"column":16},"end":{"line":1403,"column":36}},"546":{"start":{"line":1404,"column":16},"end":{"line":1404,"column":90}},"547":{"start":{"line":1407,"column":16},"end":{"line":1407,"column":36}},"548":{"start":{"line":1408,"column":16},"end":{"line":1408,"column":22}},"549":{"start":{"line":1411,"column":16},"end":{"line":1411,"column":36}},"550":{"start":{"line":1412,"column":16},"end":{"line":1412,"column":53}},"551":{"start":{"line":1413,"column":16},"end":{"line":1413,"column":55}},"552":{"start":{"line":1417,"column":16},"end":{"line":1417,"column":40}},"553":{"start":{"line":1424,"column":8},"end":{"line":1424,"column":43}},"554":{"start":{"line":1427,"column":6},"end":{"line":1427,"column":17}},"555":{"start":{"line":1437,"column":6},"end":{"line":1437,"column":37}},"556":{"start":{"line":1438,"column":6},"end":{"line":1438,"column":18}},"557":{"start":{"line":1448,"column":6},"end":{"line":1448,"column":36}},"558":{"start":{"line":1449,"column":6},"end":{"line":1449,"column":18}},"559":{"start":{"line":1461,"column":6},"end":{"line":1463,"column":9}},"560":{"start":{"line":1462,"column":8},"end":{"line":1462,"column":33}},"561":{"start":{"line":1475,"column":19},"end":{"line":1475,"column":40}},"562":{"start":{"line":1476,"column":6},"end":{"line":1476,"column":32}},"563":{"start":{"line":1477,"column":6},"end":{"line":1477,"column":20}},"564":{"start":{"line":1488,"column":18},"end":{"line":1490,"column":8}},"565":{"start":{"line":1489,"column":8},"end":{"line":1489,"column":30}},"566":{"start":{"line":1491,"column":6},"end":{"line":1491,"column":44}},"567":{"start":{"line":1501,"column":6},"end":{"line":1501,"column":24}},"568":{"start":{"line":1502,"column":6},"end":{"line":1502,"column":18}},"569":{"start":{"line":1512,"column":19},"end":{"line":1512,"column":38}},"570":{"start":{"line":1513,"column":6},"end":{"line":1515,"column":9}},"571":{"start":{"line":1514,"column":8},"end":{"line":1514,"column":50}},"572":{"start":{"line":1516,"column":6},"end":{"line":1516,"column":42}},"573":{"start":{"line":1529,"column":19},"end":{"line":1529,"column":23}},"574":{"start":{"line":1531,"column":17},"end":{"line":1531,"column":102}},"575":{"start":{"line":1532,"column":6},"end":{"line":1534,"column":9}},"576":{"start":{"line":1533,"column":8},"end":{"line":1533,"column":56}},"577":{"start":{"line":1535,"column":6},"end":{"line":1535,"column":18}},"578":{"start":{"line":1540,"column":6},"end":{"line":1540,"column":30}},"579":{"start":{"line":1549,"column":6},"end":{"line":1549,"column":84}},"580":{"start":{"line":1553,"column":2},"end":{"line":1553,"column":19}},"581":{"start":{"line":1557,"column":0},"end":{"line":1557,"column":36}}},"fnMap":{"0":{"name":"createCommonjsModule","decl":{"start":{"line":3,"column":9},"end":{"line":3,"column":29}},"loc":{"start":{"line":3,"column":42},"end":{"line":5,"column":1}},"line":3},"1":{"name":"(anonymous_1)","decl":{"start":{"line":7,"column":37},"end":{"line":7,"column":38}},"loc":{"start":{"line":7,"column":55},"end":{"line":733,"column":1}},"line":7},"2":{"name":"(anonymous_2)","decl":{"start":{"line":15,"column":15},"end":{"line":15,"column":16}},"loc":{"start":{"line":15,"column":34},"end":{"line":711,"column":1}},"line":15},"3":{"name":"wrap","decl":{"start":{"line":25,"column":11},"end":{"line":25,"column":15}},"loc":{"start":{"line":25,"column":53},"end":{"line":36,"column":3}},"line":25},"4":{"name":"tryCatch","decl":{"start":{"line":49,"column":11},"end":{"line":49,"column":19}},"loc":{"start":{"line":49,"column":34},"end":{"line":55,"column":3}},"line":49},"5":{"name":"Generator","decl":{"start":{"line":70,"column":11},"end":{"line":70,"column":20}},"loc":{"start":{"line":70,"column":23},"end":{"line":70,"column":25}},"line":70},"6":{"name":"GeneratorFunction","decl":{"start":{"line":71,"column":11},"end":{"line":71,"column":28}},"loc":{"start":{"line":71,"column":31},"end":{"line":71,"column":33}},"line":71},"7":{"name":"GeneratorFunctionPrototype","decl":{"start":{"line":72,"column":11},"end":{"line":72,"column":37}},"loc":{"start":{"line":72,"column":40},"end":{"line":72,"column":42}},"line":72},"8":{"name":"(anonymous_8)","decl":{"start":{"line":77,"column":38},"end":{"line":77,"column":39}},"loc":{"start":{"line":77,"column":50},"end":{"line":79,"column":3}},"line":77},"9":{"name":"defineIteratorMethods","decl":{"start":{"line":100,"column":11},"end":{"line":100,"column":32}},"loc":{"start":{"line":100,"column":44},"end":{"line":106,"column":3}},"line":100},"10":{"name":"(anonymous_10)","decl":{"start":{"line":101,"column":40},"end":{"line":101,"column":41}},"loc":{"start":{"line":101,"column":57},"end":{"line":105,"column":5}},"line":101},"11":{"name":"(anonymous_11)","decl":{"start":{"line":102,"column":26},"end":{"line":102,"column":27}},"loc":{"start":{"line":102,"column":40},"end":{"line":104,"column":7}},"line":102},"12":{"name":"(anonymous_12)","decl":{"start":{"line":108,"column":32},"end":{"line":108,"column":33}},"loc":{"start":{"line":108,"column":49},"end":{"line":116,"column":3}},"line":108},"13":{"name":"(anonymous_13)","decl":{"start":{"line":118,"column":17},"end":{"line":118,"column":18}},"loc":{"start":{"line":118,"column":34},"end":{"line":129,"column":3}},"line":118},"14":{"name":"(anonymous_14)","decl":{"start":{"line":135,"column":18},"end":{"line":135,"column":19}},"loc":{"start":{"line":135,"column":32},"end":{"line":137,"column":3}},"line":135},"15":{"name":"AsyncIterator","decl":{"start":{"line":139,"column":11},"end":{"line":139,"column":24}},"loc":{"start":{"line":139,"column":36},"end":{"line":204,"column":3}},"line":139},"16":{"name":"invoke","decl":{"start":{"line":140,"column":13},"end":{"line":140,"column":19}},"loc":{"start":{"line":140,"column":50},"end":{"line":169,"column":5}},"line":140},"17":{"name":"(anonymous_17)","decl":{"start":{"line":150,"column":53},"end":{"line":150,"column":54}},"loc":{"start":{"line":150,"column":69},"end":{"line":152,"column":11}},"line":150},"18":{"name":"(anonymous_18)","decl":{"start":{"line":152,"column":13},"end":{"line":152,"column":14}},"loc":{"start":{"line":152,"column":27},"end":{"line":154,"column":11}},"line":152},"19":{"name":"(anonymous_19)","decl":{"start":{"line":157,"column":43},"end":{"line":157,"column":44}},"loc":{"start":{"line":157,"column":63},"end":{"line":163,"column":9}},"line":157},"20":{"name":"(anonymous_20)","decl":{"start":{"line":163,"column":11},"end":{"line":163,"column":12}},"loc":{"start":{"line":163,"column":27},"end":{"line":167,"column":9}},"line":163},"21":{"name":"enqueue","decl":{"start":{"line":173,"column":13},"end":{"line":173,"column":20}},"loc":{"start":{"line":173,"column":34},"end":{"line":199,"column":5}},"line":173},"22":{"name":"callInvokeWithMethodAndArg","decl":{"start":{"line":174,"column":15},"end":{"line":174,"column":41}},"loc":{"start":{"line":174,"column":44},"end":{"line":178,"column":7}},"line":174},"23":{"name":"(anonymous_23)","decl":{"start":{"line":175,"column":27},"end":{"line":175,"column":28}},"loc":{"start":{"line":175,"column":53},"end":{"line":177,"column":9}},"line":175},"24":{"name":"(anonymous_24)","decl":{"start":{"line":207,"column":49},"end":{"line":207,"column":50}},"loc":{"start":{"line":207,"column":61},"end":{"line":209,"column":3}},"line":207},"25":{"name":"(anonymous_25)","decl":{"start":{"line":215,"column":18},"end":{"line":215,"column":19}},"loc":{"start":{"line":215,"column":64},"end":{"line":225,"column":3}},"line":215},"26":{"name":"(anonymous_26)","decl":{"start":{"line":222,"column":25},"end":{"line":222,"column":26}},"loc":{"start":{"line":222,"column":42},"end":{"line":224,"column":9}},"line":222},"27":{"name":"makeInvokeMethod","decl":{"start":{"line":227,"column":11},"end":{"line":227,"column":27}},"loc":{"start":{"line":227,"column":52},"end":{"line":303,"column":3}},"line":227},"28":{"name":"invoke","decl":{"start":{"line":230,"column":20},"end":{"line":230,"column":26}},"loc":{"start":{"line":230,"column":40},"end":{"line":302,"column":5}},"line":230},"29":{"name":"maybeInvokeDelegate","decl":{"start":{"line":309,"column":11},"end":{"line":309,"column":30}},"loc":{"start":{"line":309,"column":50},"end":{"line":386,"column":3}},"line":309},"30":{"name":"(anonymous_30)","decl":{"start":{"line":399,"column":23},"end":{"line":399,"column":24}},"loc":{"start":{"line":399,"column":34},"end":{"line":401,"column":3}},"line":399},"31":{"name":"(anonymous_31)","decl":{"start":{"line":403,"column":16},"end":{"line":403,"column":17}},"loc":{"start":{"line":403,"column":27},"end":{"line":405,"column":3}},"line":403},"32":{"name":"pushTryEntry","decl":{"start":{"line":407,"column":11},"end":{"line":407,"column":23}},"loc":{"start":{"line":407,"column":30},"end":{"line":420,"column":3}},"line":407},"33":{"name":"resetTryEntry","decl":{"start":{"line":422,"column":11},"end":{"line":422,"column":24}},"loc":{"start":{"line":422,"column":32},"end":{"line":427,"column":3}},"line":422},"34":{"name":"Context","decl":{"start":{"line":429,"column":11},"end":{"line":429,"column":18}},"loc":{"start":{"line":429,"column":32},"end":{"line":436,"column":3}},"line":429},"35":{"name":"(anonymous_35)","decl":{"start":{"line":438,"column":17},"end":{"line":438,"column":18}},"loc":{"start":{"line":438,"column":34},"end":{"line":463,"column":3}},"line":438},"36":{"name":"next","decl":{"start":{"line":447,"column":20},"end":{"line":447,"column":24}},"loc":{"start":{"line":447,"column":27},"end":{"line":462,"column":5}},"line":447},"37":{"name":"values","decl":{"start":{"line":465,"column":11},"end":{"line":465,"column":17}},"loc":{"start":{"line":465,"column":28},"end":{"line":498,"column":3}},"line":465},"38":{"name":"next","decl":{"start":{"line":477,"column":36},"end":{"line":477,"column":40}},"loc":{"start":{"line":477,"column":43},"end":{"line":490,"column":9}},"line":477},"39":{"name":"doneResult","decl":{"start":{"line":501,"column":11},"end":{"line":501,"column":21}},"loc":{"start":{"line":501,"column":24},"end":{"line":503,"column":3}},"line":501},"40":{"name":"(anonymous_40)","decl":{"start":{"line":508,"column":11},"end":{"line":508,"column":12}},"loc":{"start":{"line":508,"column":35},"end":{"line":532,"column":5}},"line":508},"41":{"name":"(anonymous_41)","decl":{"start":{"line":534,"column":10},"end":{"line":534,"column":11}},"loc":{"start":{"line":534,"column":21},"end":{"line":544,"column":5}},"line":534},"42":{"name":"(anonymous_42)","decl":{"start":{"line":546,"column":23},"end":{"line":546,"column":24}},"loc":{"start":{"line":546,"column":43},"end":{"line":604,"column":5}},"line":546},"43":{"name":"handle","decl":{"start":{"line":552,"column":15},"end":{"line":552,"column":21}},"loc":{"start":{"line":552,"column":35},"end":{"line":565,"column":7}},"line":552},"44":{"name":"(anonymous_44)","decl":{"start":{"line":606,"column":12},"end":{"line":606,"column":13}},"loc":{"start":{"line":606,"column":32},"end":{"line":638,"column":5}},"line":606},"45":{"name":"(anonymous_45)","decl":{"start":{"line":640,"column":14},"end":{"line":640,"column":15}},"loc":{"start":{"line":640,"column":41},"end":{"line":657,"column":5}},"line":640},"46":{"name":"(anonymous_46)","decl":{"start":{"line":659,"column":12},"end":{"line":659,"column":13}},"loc":{"start":{"line":659,"column":33},"end":{"line":668,"column":5}},"line":659},"47":{"name":"(anonymous_47)","decl":{"start":{"line":670,"column":13},"end":{"line":670,"column":14}},"loc":{"start":{"line":670,"column":30},"end":{"line":686,"column":5}},"line":670},"48":{"name":"(anonymous_48)","decl":{"start":{"line":688,"column":19},"end":{"line":688,"column":20}},"loc":{"start":{"line":688,"column":59},"end":{"line":702,"column":5}},"line":688},"49":{"name":"asyncGeneratorStep","decl":{"start":{"line":737,"column":9},"end":{"line":737,"column":27}},"loc":{"start":{"line":737,"column":75},"end":{"line":751,"column":1}},"line":737},"50":{"name":"_asyncToGenerator","decl":{"start":{"line":753,"column":9},"end":{"line":753,"column":26}},"loc":{"start":{"line":753,"column":31},"end":{"line":771,"column":1}},"line":753},"51":{"name":"(anonymous_51)","decl":{"start":{"line":754,"column":9},"end":{"line":754,"column":10}},"loc":{"start":{"line":754,"column":21},"end":{"line":770,"column":3}},"line":754},"52":{"name":"(anonymous_52)","decl":{"start":{"line":757,"column":23},"end":{"line":757,"column":24}},"loc":{"start":{"line":757,"column":50},"end":{"line":769,"column":5}},"line":757},"53":{"name":"_next","decl":{"start":{"line":760,"column":15},"end":{"line":760,"column":20}},"loc":{"start":{"line":760,"column":28},"end":{"line":762,"column":7}},"line":760},"54":{"name":"_throw","decl":{"start":{"line":764,"column":15},"end":{"line":764,"column":21}},"loc":{"start":{"line":764,"column":27},"end":{"line":766,"column":7}},"line":764},"55":{"name":"(anonymous_55)","decl":{"start":{"line":775,"column":37},"end":{"line":775,"column":38}},"loc":{"start":{"line":775,"column":55},"end":{"line":793,"column":1}},"line":775},"56":{"name":"_typeof2","decl":{"start":{"line":776,"column":9},"end":{"line":776,"column":17}},"loc":{"start":{"line":776,"column":23},"end":{"line":776,"column":357}},"line":776},"57":{"name":"_typeof2","decl":{"start":{"line":776,"column":120},"end":{"line":776,"column":128}},"loc":{"start":{"line":776,"column":134},"end":{"line":776,"column":156}},"line":776},"58":{"name":"_typeof2","decl":{"start":{"line":776,"column":187},"end":{"line":776,"column":195}},"loc":{"start":{"line":776,"column":201},"end":{"line":776,"column":330}},"line":776},"59":{"name":"_typeof","decl":{"start":{"line":778,"column":9},"end":{"line":778,"column":16}},"loc":{"start":{"line":778,"column":22},"end":{"line":790,"column":1}},"line":778},"60":{"name":"_typeof","decl":{"start":{"line":780,"column":40},"end":{"line":780,"column":47}},"loc":{"start":{"line":780,"column":53},"end":{"line":782,"column":5}},"line":780},"61":{"name":"_typeof","decl":{"start":{"line":784,"column":40},"end":{"line":784,"column":47}},"loc":{"start":{"line":784,"column":53},"end":{"line":786,"column":5}},"line":784},"62":{"name":"_classCallCheck","decl":{"start":{"line":795,"column":9},"end":{"line":795,"column":24}},"loc":{"start":{"line":795,"column":48},"end":{"line":799,"column":1}},"line":795},"63":{"name":"_defineProperties","decl":{"start":{"line":803,"column":9},"end":{"line":803,"column":26}},"loc":{"start":{"line":803,"column":42},"end":{"line":811,"column":1}},"line":803},"64":{"name":"_createClass","decl":{"start":{"line":813,"column":9},"end":{"line":813,"column":21}},"loc":{"start":{"line":813,"column":60},"end":{"line":817,"column":1}},"line":813},"65":{"name":"_defineProperty","decl":{"start":{"line":821,"column":9},"end":{"line":821,"column":24}},"loc":{"start":{"line":821,"column":42},"end":{"line":834,"column":1}},"line":821},"66":{"name":"(anonymous_66)","decl":{"start":{"line":840,"column":0},"end":{"line":840,"column":1}},"loc":{"start":{"line":840,"column":12},"end":{"line":974,"column":1}},"line":840},"67":{"name":"Thread","decl":{"start":{"line":841,"column":11},"end":{"line":841,"column":17}},"loc":{"start":{"line":841,"column":27},"end":{"line":849,"column":3}},"line":841},"68":{"name":"initInfo","decl":{"start":{"line":859,"column":20},"end":{"line":859,"column":28}},"loc":{"start":{"line":859,"column":33},"end":{"line":871,"column":5}},"line":859},"69":{"name":"(anonymous_69)","decl":{"start":{"line":881,"column":11},"end":{"line":881,"column":12}},"loc":{"start":{"line":881,"column":23},"end":{"line":943,"column":5}},"line":881},"70":{"name":"_callee","decl":{"start":{"line":884,"column":32},"end":{"line":884,"column":39}},"loc":{"start":{"line":884,"column":50},"end":{"line":936,"column":7}},"line":884},"71":{"name":"_callee$","decl":{"start":{"line":886,"column":41},"end":{"line":886,"column":49}},"loc":{"start":{"line":886,"column":60},"end":{"line":935,"column":9}},"line":886},"72":{"name":"next","decl":{"start":{"line":938,"column":15},"end":{"line":938,"column":19}},"loc":{"start":{"line":938,"column":29},"end":{"line":940,"column":7}},"line":938},"73":{"name":"span","decl":{"start":{"line":953,"column":20},"end":{"line":953,"column":24}},"loc":{"start":{"line":953,"column":35},"end":{"line":957,"column":5}},"line":953},"74":{"name":"active","decl":{"start":{"line":961,"column":20},"end":{"line":961,"column":26}},"loc":{"start":{"line":961,"column":29},"end":{"line":964,"column":5}},"line":961},"75":{"name":"close","decl":{"start":{"line":968,"column":20},"end":{"line":968,"column":25}},"loc":{"start":{"line":968,"column":28},"end":{"line":970,"column":5}},"line":968},"76":{"name":"(anonymous_76)","decl":{"start":{"line":978,"column":0},"end":{"line":978,"column":1}},"loc":{"start":{"line":978,"column":12},"end":{"line":1554,"column":1}},"line":978},"77":{"name":"FocusFlow","decl":{"start":{"line":980,"column":11},"end":{"line":980,"column":20}},"loc":{"start":{"line":980,"column":23},"end":{"line":991,"column":3}},"line":980},"78":{"name":"defaults","decl":{"start":{"line":995,"column":20},"end":{"line":995,"column":28}},"loc":{"start":{"line":995,"column":38},"end":{"line":1007,"column":5}},"line":995},"79":{"name":"junction","decl":{"start":{"line":1011,"column":20},"end":{"line":1011,"column":28}},"loc":{"start":{"line":1011,"column":31},"end":{"line":1024,"column":5}},"line":1011},"80":{"name":"template","decl":{"start":{"line":1012,"column":15},"end":{"line":1012,"column":23}},"loc":{"start":{"line":1012,"column":35},"end":{"line":1014,"column":7}},"line":1012},"81":{"name":"(anonymous_81)","decl":{"start":{"line":1018,"column":17},"end":{"line":1018,"column":18}},"loc":{"start":{"line":1018,"column":34},"end":{"line":1020,"column":7}},"line":1018},"82":{"name":"(anonymous_82)","decl":{"start":{"line":1023,"column":11},"end":{"line":1023,"column":12}},"loc":{"start":{"line":1023,"column":23},"end":{"line":1023,"column":25}},"line":1023},"83":{"name":"use","decl":{"start":{"line":1039,"column":20},"end":{"line":1039,"column":23}},"loc":{"start":{"line":1039,"column":46},"end":{"line":1058,"column":5}},"line":1039},"84":{"name":"redirect","decl":{"start":{"line":1069,"column":20},"end":{"line":1069,"column":28}},"loc":{"start":{"line":1069,"column":39},"end":{"line":1072,"column":5}},"line":1069},"85":{"name":"error","decl":{"start":{"line":1081,"column":20},"end":{"line":1081,"column":25}},"loc":{"start":{"line":1081,"column":36},"end":{"line":1117,"column":5}},"line":1081},"86":{"name":"(anonymous_86)","decl":{"start":{"line":1086,"column":6},"end":{"line":1086,"column":7}},"loc":{"start":{"line":1086,"column":18},"end":{"line":1113,"column":7}},"line":1086},"87":{"name":"_callee","decl":{"start":{"line":1089,"column":34},"end":{"line":1089,"column":41}},"loc":{"start":{"line":1089,"column":57},"end":{"line":1108,"column":9}},"line":1089},"88":{"name":"_callee$","decl":{"start":{"line":1090,"column":43},"end":{"line":1090,"column":51}},"loc":{"start":{"line":1090,"column":62},"end":{"line":1107,"column":11}},"line":1090},"89":{"name":"fn","decl":{"start":{"line":1110,"column":24},"end":{"line":1110,"column":26}},"loc":{"start":{"line":1110,"column":36},"end":{"line":1112,"column":9}},"line":1110},"90":{"name":"success","decl":{"start":{"line":1126,"column":20},"end":{"line":1126,"column":27}},"loc":{"start":{"line":1126,"column":38},"end":{"line":1128,"column":5}},"line":1126},"91":{"name":"fail","decl":{"start":{"line":1137,"column":20},"end":{"line":1137,"column":24}},"loc":{"start":{"line":1137,"column":35},"end":{"line":1139,"column":5}},"line":1137},"92":{"name":"end","decl":{"start":{"line":1148,"column":20},"end":{"line":1148,"column":23}},"loc":{"start":{"line":1148,"column":34},"end":{"line":1184,"column":5}},"line":1148},"93":{"name":"(anonymous_93)","decl":{"start":{"line":1155,"column":6},"end":{"line":1155,"column":7}},"loc":{"start":{"line":1155,"column":18},"end":{"line":1180,"column":7}},"line":1155},"94":{"name":"_callee2","decl":{"start":{"line":1158,"column":34},"end":{"line":1158,"column":42}},"loc":{"start":{"line":1158,"column":51},"end":{"line":1175,"column":9}},"line":1158},"95":{"name":"_callee2$","decl":{"start":{"line":1159,"column":43},"end":{"line":1159,"column":52}},"loc":{"start":{"line":1159,"column":64},"end":{"line":1174,"column":11}},"line":1159},"96":{"name":"fn","decl":{"start":{"line":1177,"column":24},"end":{"line":1177,"column":26}},"loc":{"start":{"line":1177,"column":32},"end":{"line":1179,"column":9}},"line":1177},"97":{"name":"isState","decl":{"start":{"line":1195,"column":20},"end":{"line":1195,"column":27}},"loc":{"start":{"line":1195,"column":45},"end":{"line":1224,"column":5}},"line":1195},"98":{"name":"fnState","decl":{"start":{"line":1196,"column":15},"end":{"line":1196,"column":22}},"loc":{"start":{"line":1196,"column":28},"end":{"line":1198,"column":7}},"line":1196},"99":{"name":"_fnState","decl":{"start":{"line":1200,"column":15},"end":{"line":1200,"column":23}},"loc":{"start":{"line":1200,"column":26},"end":{"line":1220,"column":7}},"line":1200},"100":{"name":"_callee3","decl":{"start":{"line":1203,"column":34},"end":{"line":1203,"column":42}},"loc":{"start":{"line":1203,"column":51},"end":{"line":1218,"column":9}},"line":1203},"101":{"name":"_callee3$","decl":{"start":{"line":1204,"column":43},"end":{"line":1204,"column":52}},"loc":{"start":{"line":1204,"column":64},"end":{"line":1217,"column":11}},"line":1204},"102":{"name":"(anonymous_102)","decl":{"start":{"line":1234,"column":11},"end":{"line":1234,"column":12}},"loc":{"start":{"line":1234,"column":23},"end":{"line":1278,"column":5}},"line":1234},"103":{"name":"_callee4","decl":{"start":{"line":1237,"column":32},"end":{"line":1237,"column":40}},"loc":{"start":{"line":1237,"column":52},"end":{"line":1271,"column":7}},"line":1237},"104":{"name":"_callee4$","decl":{"start":{"line":1240,"column":41},"end":{"line":1240,"column":50}},"loc":{"start":{"line":1240,"column":62},"end":{"line":1270,"column":9}},"line":1240},"105":{"name":"start","decl":{"start":{"line":1273,"column":15},"end":{"line":1273,"column":20}},"loc":{"start":{"line":1273,"column":31},"end":{"line":1275,"column":7}},"line":1273},"106":{"name":"inspect","decl":{"start":{"line":1286,"column":20},"end":{"line":1286,"column":27}},"loc":{"start":{"line":1286,"column":30},"end":{"line":1292,"column":5}},"line":1286},"107":{"name":"(anonymous_107)","decl":{"start":{"line":1302,"column":11},"end":{"line":1302,"column":12}},"loc":{"start":{"line":1302,"column":23},"end":{"line":1335,"column":5}},"line":1302},"108":{"name":"_callee5","decl":{"start":{"line":1305,"column":32},"end":{"line":1305,"column":40}},"loc":{"start":{"line":1305,"column":55},"end":{"line":1328,"column":7}},"line":1305},"109":{"name":"_callee5$","decl":{"start":{"line":1307,"column":41},"end":{"line":1307,"column":50}},"loc":{"start":{"line":1307,"column":62},"end":{"line":1327,"column":9}},"line":1307},"110":{"name":"nextStart","decl":{"start":{"line":1330,"column":15},"end":{"line":1330,"column":24}},"loc":{"start":{"line":1330,"column":35},"end":{"line":1332,"column":7}},"line":1330},"111":{"name":"(anonymous_111)","decl":{"start":{"line":1345,"column":11},"end":{"line":1345,"column":12}},"loc":{"start":{"line":1345,"column":23},"end":{"line":1428,"column":5}},"line":1345},"112":{"name":"_callee6","decl":{"start":{"line":1348,"column":32},"end":{"line":1348,"column":40}},"loc":{"start":{"line":1348,"column":56},"end":{"line":1421,"column":7}},"line":1348},"113":{"name":"_callee6$","decl":{"start":{"line":1350,"column":41},"end":{"line":1350,"column":50}},"loc":{"start":{"line":1350,"column":62},"end":{"line":1420,"column":9}},"line":1350},"114":{"name":"run","decl":{"start":{"line":1423,"column":15},"end":{"line":1423,"column":18}},"loc":{"start":{"line":1423,"column":30},"end":{"line":1425,"column":7}},"line":1423},"115":{"name":"close","decl":{"start":{"line":1436,"column":20},"end":{"line":1436,"column":25}},"loc":{"start":{"line":1436,"column":28},"end":{"line":1439,"column":5}},"line":1436},"116":{"name":"open","decl":{"start":{"line":1447,"column":20},"end":{"line":1447,"column":24}},"loc":{"start":{"line":1447,"column":27},"end":{"line":1450,"column":5}},"line":1447},"117":{"name":"matching","decl":{"start":{"line":1460,"column":20},"end":{"line":1460,"column":28}},"loc":{"start":{"line":1460,"column":35},"end":{"line":1464,"column":5}},"line":1460},"118":{"name":"(anonymous_118)","decl":{"start":{"line":1461,"column":67},"end":{"line":1461,"column":68}},"loc":{"start":{"line":1461,"column":82},"end":{"line":1463,"column":7}},"line":1461},"119":{"name":"createThread","decl":{"start":{"line":1474,"column":20},"end":{"line":1474,"column":32}},"loc":{"start":{"line":1474,"column":38},"end":{"line":1478,"column":5}},"line":1474},"120":{"name":"closeThread","decl":{"start":{"line":1487,"column":20},"end":{"line":1487,"column":31}},"loc":{"start":{"line":1487,"column":40},"end":{"line":1492,"column":5}},"line":1487},"121":{"name":"(anonymous_121)","decl":{"start":{"line":1488,"column":41},"end":{"line":1488,"column":42}},"loc":{"start":{"line":1488,"column":56},"end":{"line":1490,"column":7}},"line":1488},"122":{"name":"closeThreads","decl":{"start":{"line":1500,"column":20},"end":{"line":1500,"column":32}},"loc":{"start":{"line":1500,"column":35},"end":{"line":1503,"column":5}},"line":1500},"123":{"name":"clean","decl":{"start":{"line":1511,"column":20},"end":{"line":1511,"column":25}},"loc":{"start":{"line":1511,"column":28},"end":{"line":1517,"column":5}},"line":1511},"124":{"name":"(anonymous_124)","decl":{"start":{"line":1513,"column":41},"end":{"line":1513,"column":42}},"loc":{"start":{"line":1513,"column":59},"end":{"line":1515,"column":7}},"line":1513},"125":{"name":"docking","decl":{"start":{"line":1528,"column":20},"end":{"line":1528,"column":27}},"loc":{"start":{"line":1528,"column":32},"end":{"line":1536,"column":5}},"line":1528},"126":{"name":"(anonymous_126)","decl":{"start":{"line":1532,"column":22},"end":{"line":1532,"column":23}},"loc":{"start":{"line":1532,"column":37},"end":{"line":1534,"column":7}},"line":1532},"127":{"name":"get","decl":{"start":{"line":1539,"column":18},"end":{"line":1539,"column":21}},"loc":{"start":{"line":1539,"column":24},"end":{"line":1541,"column":5}},"line":1539},"128":{"name":"get","decl":{"start":{"line":1548,"column":18},"end":{"line":1548,"column":21}},"loc":{"start":{"line":1548,"column":24},"end":{"line":1550,"column":5}},"line":1548}},"branchMap":{"0":{"loc":{"start":{"line":20,"column":16},"end":{"line":20,"column":58}},"type":"cond-expr","locations":[{"start":{"line":20,"column":47},"end":{"line":20,"column":53}},{"start":{"line":20,"column":56},"end":{"line":20,"column":58}}],"line":20},"1":{"loc":{"start":{"line":21,"column":23},"end":{"line":21,"column":55}},"type":"binary-expr","locations":[{"start":{"line":21,"column":23},"end":{"line":21,"column":39}},{"start":{"line":21,"column":43},"end":{"line":21,"column":55}}],"line":21},"2":{"loc":{"start":{"line":22,"column":28},"end":{"line":22,"column":70}},"type":"binary-expr","locations":[{"start":{"line":22,"column":28},"end":{"line":22,"column":49}},{"start":{"line":22,"column":53},"end":{"line":22,"column":70}}],"line":22},"3":{"loc":{"start":{"line":23,"column":26},"end":{"line":23,"column":64}},"type":"binary-expr","locations":[{"start":{"line":23,"column":26},"end":{"line":23,"column":45}},{"start":{"line":23,"column":49},"end":{"line":23,"column":64}}],"line":23},"4":{"loc":{"start":{"line":27,"column":25},"end":{"line":27,"column":96}},"type":"cond-expr","locations":[{"start":{"line":27,"column":77},"end":{"line":27,"column":84}},{"start":{"line":27,"column":87},"end":{"line":27,"column":96}}],"line":27},"5":{"loc":{"start":{"line":27,"column":25},"end":{"line":27,"column":74}},"type":"binary-expr","locations":[{"start":{"line":27,"column":25},"end":{"line":27,"column":32}},{"start":{"line":27,"column":36},"end":{"line":27,"column":74}}],"line":27},"6":{"loc":{"start":{"line":29,"column":30},"end":{"line":29,"column":47}},"type":"binary-expr","locations":[{"start":{"line":29,"column":30},"end":{"line":29,"column":41}},{"start":{"line":29,"column":45},"end":{"line":29,"column":47}}],"line":29},"7":{"loc":{"start":{"line":82,"column":32},"end":{"line":82,"column":74}},"type":"binary-expr","locations":[{"start":{"line":82,"column":32},"end":{"line":82,"column":40}},{"start":{"line":82,"column":44},"end":{"line":82,"column":74}}],"line":82},"8":{"loc":{"start":{"line":83,"column":2},"end":{"line":89,"column":3}},"type":"if","locations":[{"start":{"line":83,"column":2},"end":{"line":89,"column":3}},{"start":{"line":83,"column":2},"end":{"line":89,"column":3}}],"line":83},"9":{"loc":{"start":{"line":83,"column":6},"end":{"line":85,"column":58}},"type":"binary-expr","locations":[{"start":{"line":83,"column":6},"end":{"line":83,"column":29}},{"start":{"line":84,"column":6},"end":{"line":84,"column":36}},{"start":{"line":85,"column":6},"end":{"line":85,"column":58}}],"line":83},"10":{"loc":{"start":{"line":109,"column":15},"end":{"line":109,"column":65}},"type":"binary-expr","locations":[{"start":{"line":109,"column":15},"end":{"line":109,"column":43}},{"start":{"line":109,"column":47},"end":{"line":109,"column":65}}],"line":109},"11":{"loc":{"start":{"line":110,"column":11},"end":{"line":115,"column":13}},"type":"cond-expr","locations":[{"start":{"line":111,"column":8},"end":{"line":114,"column":63}},{"start":{"line":115,"column":8},"end":{"line":115,"column":13}}],"line":110},"12":{"loc":{"start":{"line":111,"column":8},"end":{"line":114,"column":63}},"type":"binary-expr","locations":[{"start":{"line":111,"column":8},"end":{"line":111,"column":34}},{"start":{"line":114,"column":8},"end":{"line":114,"column":63}}],"line":111},"13":{"loc":{"start":{"line":114,"column":9},"end":{"line":114,"column":38}},"type":"binary-expr","locations":[{"start":{"line":114,"column":9},"end":{"line":114,"column":25}},{"start":{"line":114,"column":29},"end":{"line":114,"column":38}}],"line":114},"14":{"loc":{"start":{"line":119,"column":4},"end":{"line":126,"column":5}},"type":"if","locations":[{"start":{"line":119,"column":4},"end":{"line":126,"column":5}},{"start":{"line":119,"column":4},"end":{"line":126,"column":5}}],"line":119},"15":{"loc":{"start":{"line":123,"column":6},"end":{"line":125,"column":7}},"type":"if","locations":[{"start":{"line":123,"column":6},"end":{"line":125,"column":7}},{"start":{"line":123,"column":6},"end":{"line":125,"column":7}}],"line":123},"16":{"loc":{"start":{"line":142,"column":6},"end":{"line":168,"column":7}},"type":"if","locations":[{"start":{"line":142,"column":6},"end":{"line":168,"column":7}},{"start":{"line":142,"column":6},"end":{"line":168,"column":7}}],"line":142},"17":{"loc":{"start":{"line":147,"column":8},"end":{"line":155,"column":9}},"type":"if","locations":[{"start":{"line":147,"column":8},"end":{"line":155,"column":9}},{"start":{"line":147,"column":8},"end":{"line":155,"column":9}}],"line":147},"18":{"loc":{"start":{"line":147,"column":12},"end":{"line":149,"column":41}},"type":"binary-expr","locations":[{"start":{"line":147,"column":12},"end":{"line":147,"column":17}},{"start":{"line":148,"column":12},"end":{"line":148,"column":37}},{"start":{"line":149,"column":12},"end":{"line":149,"column":41}}],"line":147},"19":{"loc":{"start":{"line":193,"column":8},"end":{"line":198,"column":40}},"type":"cond-expr","locations":[{"start":{"line":193,"column":26},"end":{"line":198,"column":9}},{"start":{"line":198,"column":12},"end":{"line":198,"column":40}}],"line":193},"20":{"loc":{"start":{"line":220,"column":11},"end":{"line":224,"column":10}},"type":"cond-expr","locations":[{"start":{"line":221,"column":8},"end":{"line":221,"column":12}},{"start":{"line":222,"column":8},"end":{"line":224,"column":10}}],"line":220},"21":{"loc":{"start":{"line":223,"column":17},"end":{"line":223,"column":57}},"type":"cond-expr","locations":[{"start":{"line":223,"column":31},"end":{"line":223,"column":43}},{"start":{"line":223,"column":46},"end":{"line":223,"column":57}}],"line":223},"22":{"loc":{"start":{"line":231,"column":6},"end":{"line":233,"column":7}},"type":"if","locations":[{"start":{"line":231,"column":6},"end":{"line":233,"column":7}},{"start":{"line":231,"column":6},"end":{"line":233,"column":7}}],"line":231},"23":{"loc":{"start":{"line":235,"column":6},"end":{"line":243,"column":7}},"type":"if","locations":[{"start":{"line":235,"column":6},"end":{"line":243,"column":7}},{"start":{"line":235,"column":6},"end":{"line":243,"column":7}}],"line":235},"24":{"loc":{"start":{"line":236,"column":8},"end":{"line":238,"column":9}},"type":"if","locations":[{"start":{"line":236,"column":8},"end":{"line":238,"column":9}},{"start":{"line":236,"column":8},"end":{"line":238,"column":9}}],"line":236},"25":{"loc":{"start":{"line":250,"column":8},"end":{"line":256,"column":9}},"type":"if","locations":[{"start":{"line":250,"column":8},"end":{"line":256,"column":9}},{"start":{"line":250,"column":8},"end":{"line":256,"column":9}}],"line":250},"26":{"loc":{"start":{"line":252,"column":10},"end":{"line":255,"column":11}},"type":"if","locations":[{"start":{"line":252,"column":10},"end":{"line":255,"column":11}},{"start":{"line":252,"column":10},"end":{"line":255,"column":11}}],"line":252},"27":{"loc":{"start":{"line":253,"column":12},"end":{"line":253,"column":66}},"type":"if","locations":[{"start":{"line":253,"column":12},"end":{"line":253,"column":66}},{"start":{"line":253,"column":12},"end":{"line":253,"column":66}}],"line":253},"28":{"loc":{"start":{"line":258,"column":8},"end":{"line":273,"column":9}},"type":"if","locations":[{"start":{"line":258,"column":8},"end":{"line":273,"column":9}},{"start":{"line":258,"column":8},"end":{"line":273,"column":9}}],"line":258},"29":{"loc":{"start":{"line":263,"column":15},"end":{"line":273,"column":9}},"type":"if","locations":[{"start":{"line":263,"column":15},"end":{"line":273,"column":9}},{"start":{"line":263,"column":15},"end":{"line":273,"column":9}}],"line":263},"30":{"loc":{"start":{"line":264,"column":10},"end":{"line":267,"column":11}},"type":"if","locations":[{"start":{"line":264,"column":10},"end":{"line":267,"column":11}},{"start":{"line":264,"column":10},"end":{"line":267,"column":11}}],"line":264},"31":{"loc":{"start":{"line":271,"column":15},"end":{"line":273,"column":9}},"type":"if","locations":[{"start":{"line":271,"column":15},"end":{"line":273,"column":9}},{"start":{"line":271,"column":15},"end":{"line":273,"column":9}}],"line":271},"32":{"loc":{"start":{"line":278,"column":8},"end":{"line":300,"column":9}},"type":"if","locations":[{"start":{"line":278,"column":8},"end":{"line":300,"column":9}},{"start":{"line":278,"column":8},"end":{"line":300,"column":9}}],"line":278},"33":{"loc":{"start":{"line":281,"column":18},"end":{"line":283,"column":36}},"type":"cond-expr","locations":[{"start":{"line":282,"column":14},"end":{"line":282,"column":31}},{"start":{"line":283,"column":14},"end":{"line":283,"column":36}}],"line":281},"34":{"loc":{"start":{"line":285,"column":10},"end":{"line":287,"column":11}},"type":"if","locations":[{"start":{"line":285,"column":10},"end":{"line":287,"column":11}},{"start":{"line":285,"column":10},"end":{"line":287,"column":11}}],"line":285},"35":{"loc":{"start":{"line":294,"column":15},"end":{"line":300,"column":9}},"type":"if","locations":[{"start":{"line":294,"column":15},"end":{"line":300,"column":9}},{"start":{"line":294,"column":15},"end":{"line":300,"column":9}}],"line":294},"36":{"loc":{"start":{"line":311,"column":4},"end":{"line":338,"column":5}},"type":"if","locations":[{"start":{"line":311,"column":4},"end":{"line":338,"column":5}},{"start":{"line":311,"column":4},"end":{"line":338,"column":5}}],"line":311},"37":{"loc":{"start":{"line":316,"column":6},"end":{"line":335,"column":7}},"type":"if","locations":[{"start":{"line":316,"column":6},"end":{"line":335,"column":7}},{"start":{"line":316,"column":6},"end":{"line":335,"column":7}}],"line":316},"38":{"loc":{"start":{"line":318,"column":8},"end":{"line":330,"column":9}},"type":"if","locations":[{"start":{"line":318,"column":8},"end":{"line":330,"column":9}},{"start":{"line":318,"column":8},"end":{"line":330,"column":9}}],"line":318},"39":{"loc":{"start":{"line":325,"column":10},"end":{"line":329,"column":11}},"type":"if","locations":[{"start":{"line":325,"column":10},"end":{"line":329,"column":11}},{"start":{"line":325,"column":10},"end":{"line":329,"column":11}}],"line":325},"40":{"loc":{"start":{"line":342,"column":4},"end":{"line":347,"column":5}},"type":"if","locations":[{"start":{"line":342,"column":4},"end":{"line":347,"column":5}},{"start":{"line":342,"column":4},"end":{"line":347,"column":5}}],"line":342},"41":{"loc":{"start":{"line":351,"column":4},"end":{"line":356,"column":5}},"type":"if","locations":[{"start":{"line":351,"column":4},"end":{"line":356,"column":5}},{"start":{"line":351,"column":4},"end":{"line":356,"column":5}}],"line":351},"42":{"loc":{"start":{"line":358,"column":4},"end":{"line":380,"column":5}},"type":"if","locations":[{"start":{"line":358,"column":4},"end":{"line":380,"column":5}},{"start":{"line":358,"column":4},"end":{"line":380,"column":5}}],"line":358},"43":{"loc":{"start":{"line":372,"column":6},"end":{"line":375,"column":7}},"type":"if","locations":[{"start":{"line":372,"column":6},"end":{"line":375,"column":7}},{"start":{"line":372,"column":6},"end":{"line":375,"column":7}}],"line":372},"44":{"loc":{"start":{"line":410,"column":4},"end":{"line":412,"column":5}},"type":"if","locations":[{"start":{"line":410,"column":4},"end":{"line":412,"column":5}},{"start":{"line":410,"column":4},"end":{"line":412,"column":5}}],"line":410},"45":{"loc":{"start":{"line":414,"column":4},"end":{"line":417,"column":5}},"type":"if","locations":[{"start":{"line":414,"column":4},"end":{"line":417,"column":5}},{"start":{"line":414,"column":4},"end":{"line":417,"column":5}}],"line":414},"46":{"loc":{"start":{"line":423,"column":17},"end":{"line":423,"column":39}},"type":"binary-expr","locations":[{"start":{"line":423,"column":17},"end":{"line":423,"column":33}},{"start":{"line":423,"column":37},"end":{"line":423,"column":39}}],"line":423},"47":{"loc":{"start":{"line":450,"column":8},"end":{"line":454,"column":9}},"type":"if","locations":[{"start":{"line":450,"column":8},"end":{"line":454,"column":9}},{"start":{"line":450,"column":8},"end":{"line":454,"column":9}}],"line":450},"48":{"loc":{"start":{"line":466,"column":4},"end":{"line":494,"column":5}},"type":"if","locations":[{"start":{"line":466,"column":4},"end":{"line":494,"column":5}},{"start":{"line":466,"column":4},"end":{"line":494,"column":5}}],"line":466},"49":{"loc":{"start":{"line":468,"column":6},"end":{"line":470,"column":7}},"type":"if","locations":[{"start":{"line":468,"column":6},"end":{"line":470,"column":7}},{"start":{"line":468,"column":6},"end":{"line":470,"column":7}}],"line":468},"50":{"loc":{"start":{"line":472,"column":6},"end":{"line":474,"column":7}},"type":"if","locations":[{"start":{"line":472,"column":6},"end":{"line":474,"column":7}},{"start":{"line":472,"column":6},"end":{"line":474,"column":7}}],"line":472},"51":{"loc":{"start":{"line":476,"column":6},"end":{"line":493,"column":7}},"type":"if","locations":[{"start":{"line":476,"column":6},"end":{"line":493,"column":7}},{"start":{"line":476,"column":6},"end":{"line":493,"column":7}}],"line":476},"52":{"loc":{"start":{"line":479,"column":12},"end":{"line":483,"column":13}},"type":"if","locations":[{"start":{"line":479,"column":12},"end":{"line":483,"column":13}},{"start":{"line":479,"column":12},"end":{"line":483,"column":13}}],"line":479},"53":{"loc":{"start":{"line":522,"column":6},"end":{"line":531,"column":7}},"type":"if","locations":[{"start":{"line":522,"column":6},"end":{"line":531,"column":7}},{"start":{"line":522,"column":6},"end":{"line":531,"column":7}}],"line":522},"54":{"loc":{"start":{"line":525,"column":10},"end":{"line":529,"column":11}},"type":"if","locations":[{"start":{"line":525,"column":10},"end":{"line":529,"column":11}},{"start":{"line":525,"column":10},"end":{"line":529,"column":11}}],"line":525},"55":{"loc":{"start":{"line":525,"column":14},"end":{"line":527,"column":36}},"type":"binary-expr","locations":[{"start":{"line":525,"column":14},"end":{"line":525,"column":36}},{"start":{"line":526,"column":14},"end":{"line":526,"column":37}},{"start":{"line":527,"column":14},"end":{"line":527,"column":36}}],"line":525},"56":{"loc":{"start":{"line":539,"column":6},"end":{"line":541,"column":7}},"type":"if","locations":[{"start":{"line":539,"column":6},"end":{"line":541,"column":7}},{"start":{"line":539,"column":6},"end":{"line":541,"column":7}}],"line":539},"57":{"loc":{"start":{"line":547,"column":6},"end":{"line":549,"column":7}},"type":"if","locations":[{"start":{"line":547,"column":6},"end":{"line":549,"column":7}},{"start":{"line":54
[...]
"line":779,"column":2},"end":{"line":787,"column":3}}],"line":779},"91":{"loc":{"start":{"line":779,"column":6},"end":{"line":779,"column":76}},"type":"binary-expr","locations":[{"start":{"line":779,"column":6},"end":{"line":779,"column":34}},{"start":{"line":779,"column":38},"end":{"line":779,"column":76}}],"line":779},"92":{"loc":{"start":{"line":785,"column":13},"end":{"line":785,"column":133}},"type":"cond-expr","locations":[{"start":{"line":785,"column":109},"end":{"line":785,"column":117}},{"start":{"line":785,"column":120},"end":{"line":785,"column":133}}],"line":785},"93":{"loc":{"start":{"line":785,"column":13},"end":{"line":785,"column":106}},"type":"binary-expr","locations":[{"start":{"line":785,"column":13},"end":{"line":785,"column":16}},{"start":{"line":785,"column":20},"end":{"line":785,"column":48}},{"start":{"line":785,"column":52},"end":{"line":785,"column":78}},{"start":{"line":785,"column":82},"end":{"line":785,"column":106}}],"line":785},"94":{"loc":{"start":{"line":796,"column":2},"end":{"line":798,"column":3}},"type":"if","locations":[{"start":{"line":796,"column":2},"end":{"line":798,"column":3}},{"start":{"line":796,"column":2},"end":{"line":798,"column":3}}],"line":796},"95":{"loc":{"start":{"line":806,"column":28},"end":{"line":806,"column":58}},"type":"binary-expr","locations":[{"start":{"line":806,"column":28},"end":{"line":806,"column":49}},{"start":{"line":806,"column":53},"end":{"line":806,"column":58}}],"line":806},"96":{"loc":{"start":{"line":808,"column":4},"end":{"line":808,"column":62}},"type":"if","locations":[{"start":{"line":808,"column":4},"end":{"line":808,"column":62}},{"start":{"line":808,"column":4},"end":{"line":808,"column":62}}],"line":808},"97":{"loc":{"start":{"line":814,"column":2},"end":{"line":814,"column":75}},"type":"if","locations":[{"start":{"line":814,"column":2},"end":{"line":814,"column":75}},{"start":{"line":814,"column":2},"end":{"line":814,"column":75}}],"line":814},"98":{"loc":{"start":{"line":815,"column":2},"end":{"line":815,"column":67}},"type":"if","locations":[{"start":{"line":815,"column":2},"end":{"line":815,"column":67}},{"start":{"line":815,"column":2},"end":{"line":815,"column":67}}],"line":815},"99":{"loc":{"start":{"line":822,"column":2},"end":{"line":831,"column":3}},"type":"if","locations":[{"start":{"line":822,"column":2},"end":{"line":831,"column":3}},{"start":{"line":822,"column":2},"end":{"line":831,"column":3}}],"line":822},"100":{"loc":{"start":{"line":888,"column":12},"end":{"line":933,"column":13}},"type":"switch","locations":[{"start":{"line":889,"column":14},"end":{"line":895,"column":70}},{"start":{"line":897,"column":14},"end":{"line":907,"column":41}},{"start":{"line":909,"column":14},"end":{"line":911,"column":22}},{"start":{"line":913,"column":14},"end":{"line":920,"column":47}},{"start":{"line":922,"column":14},"end":{"line":924,"column":22}},{"start":{"line":926,"column":14},"end":{"line":928,"column":37}},{"start":{"line":930,"column":14},"end":{"line":930,"column":22}},{"start":{"line":931,"column":14},"end":{"line":932,"column":39}}],"line":888},"101":{"loc":{"start":{"line":890,"column":16},"end":{"line":893,"column":17}},"type":"if","locations":[{"start":{"line":890,"column":16},"end":{"line":893,"column":17}},{"start":{"line":890,"column":16},"end":{"line":893,"column":17}}],"line":890},"102":{"loc":{"start":{"line":901,"column":16},"end":{"line":904,"column":17}},"type":"if","locations":[{"start":{"line":901,"column":16},"end":{"line":904,"column":17}},{"start":{"line":901,"column":16},"end":{"line":904,"column":17}}],"line":901},"103":{"loc":{"start":{"line":914,"column":16},"end":{"line":917,"column":17}},"type":"if","locations":[{"start":{"line":914,"column":16},"end":{"line":917,"column":17}},{"start":{"line":914,"column":16},"end":{"line":917,"column":17}}],"line":914},"104":{"loc":{"start":{"line":981,"column":18},"end":{"line":981,"column":88}},"type":"cond-expr","locations":[{"start":{"line":981,"column":71},"end":{"line":981,"column":83}},{"start":{"line":981,"column":86},"end":{"line":981,"column":88}}],"line":981},"105":{"loc":{"start":{"line":981,"column":18},"end":{"line":981,"column":68}},"type":"binary-expr","locations":[{"start":{"line":981,"column":18},"end":{"line":981,"column":38}},{"start":{"line":981,"column":42},"end":{"line":981,"column":68}}],"line":981},"106":{"loc":{"start":{"line":1041,"column":6},"end":{"line":1050,"column":7}},"type":"if","locations":[{"start":{"line":1041,"column":6},"end":{"line":1050,"column":7}},{"start":{"line":1041,"column":6},"end":{"line":1050,"column":7}}],"line":1041},"107":{"loc":{"start":{"line":1042,"column":8},"end":{"line":1042,"column":42}},"type":"if","locations":[{"start":{"line":1042,"column":8},"end":{"line":1042,"column":42}},{"start":{"line":1042,"column":8},"end":{"line":1042,"column":42}}],"line":1042},"108":{"loc":{"start":{"line":1045,"column":13},"end":{"line":1050,"column":7}},"type":"if","locations":[{"start":{"line":1045,"column":13},"end":{"line":1050,"column":7}},{"start":{"line":1045,"column":13},"end":{"line":1050,"column":7}}],"line":1045},"109":{"loc":{"start":{"line":1047,"column":13},"end":{"line":1050,"column":7}},"type":"if","locations":[{"start":{"line":1047,"column":13},"end":{"line":1050,"column":7}},{"start":{"line":1047,"column":13},"end":{"line":1050,"column":7}}],"line":1047},"110":{"loc":{"start":{"line":1070,"column":17},"end":{"line":1070,"column":102}},"type":"cond-expr","locations":[{"start":{"line":1070,"column":70},"end":{"line":1070,"column":82}},{"start":{"line":1070,"column":85},"end":{"line":1070,"column":102}}],"line":1070},"111":{"loc":{"start":{"line":1070,"column":17},"end":{"line":1070,"column":67}},"type":"binary-expr","locations":[{"start":{"line":1070,"column":17},"end":{"line":1070,"column":37}},{"start":{"line":1070,"column":41},"end":{"line":1070,"column":67}}],"line":1070},"112":{"loc":{"start":{"line":1071,"column":13},"end":{"line":1071,"column":91}},"type":"cond-expr","locations":[{"start":{"line":1071,"column":61},"end":{"line":1071,"column":80}},{"start":{"line":1071,"column":83},"end":{"line":1071,"column":91}}],"line":1071},"113":{"loc":{"start":{"line":1071,"column":13},"end":{"line":1071,"column":58}},"type":"binary-expr","locations":[{"start":{"line":1071,"column":13},"end":{"line":1071,"column":41}},{"start":{"line":1071,"column":45},"end":{"line":1071,"column":58}}],"line":1071},"114":{"loc":{"start":{"line":1092,"column":14},"end":{"line":1105,"column":15}},"type":"switch","locations":[{"start":{"line":1093,"column":16},"end":{"line":1095,"column":53}},{"start":{"line":1097,"column":16},"end":{"line":1100,"column":43}},{"start":{"line":1102,"column":16},"end":{"line":1102,"column":23}},{"start":{"line":1103,"column":16},"end":{"line":1104,"column":41}}],"line":1092},"115":{"loc":{"start":{"line":1161,"column":14},"end":{"line":1172,"column":15}},"type":"switch","locations":[{"start":{"line":1162,"column":16},"end":{"line":1167,"column":46}},{"start":{"line":1169,"column":16},"end":{"line":1169,"column":23}},{"start":{"line":1170,"column":16},"end":{"line":1171,"column":42}}],"line":1161},"116":{"loc":{"start":{"line":1206,"column":14},"end":{"line":1215,"column":15}},"type":"switch","locations":[{"start":{"line":1207,"column":16},"end":{"line":1210,"column":75}},{"start":{"line":1212,"column":16},"end":{"line":1212,"column":23}},{"start":{"line":1213,"column":16},"end":{"line":1214,"column":42}}],"line":1206},"117":{"loc":{"start":{"line":1242,"column":12},"end":{"line":1268,"column":13}},"type":"switch","locations":[{"start":{"line":1243,"column":14},"end":{"line":1249,"column":56}},{"start":{"line":1251,"column":14},"end":{"line":1260,"column":41}},{"start":{"line":1262,"column":14},"end":{"line":1263,"column":56}},{"start":{"line":1265,"column":14},"end":{"line":1265,"column":21}},{"start":{"line":1266,"column":14},"end":{"line":1267,"column":40}}],"line":1242},"118":{"loc":{"start":{"line":1244,"column":16},"end":{"line":1247,"column":17}},"type":"if","locations":[{"start":{"line":1244,"column":16},"end":{"line":1247,"column":17}},{"start":{"line":1244,"column":16},"end":{"line":1247,"column":17}}],"line":1244},"119":{"loc":{"start":{"line":1252,"column":16},"end":{"line":1256,"column":17}},"type":"if","locations":[{"start":{"line":1252,"column":16},"end":{"line":1256,"column":17}},{"start":{"line":1252,"column":16},"end":{"line":1256,"column":17}}],"line":1252},"120":{"loc":{"start":{"line":1287,"column":6},"end":{"line":1289,"column":7}},"type":"if","locations":[{"start":{"line":1287,"column":6},"end":{"line":1289,"column":7}},{"start":{"line":1287,"column":6},"end":{"line":1289,"column":7}}],"line":1287},"121":{"loc":{"start":{"line":1309,"column":12},"end":{"line":1325,"column":13}},"type":"switch","locations":[{"start":{"line":1310,"column":14},"end":{"line":1320,"column":40}},{"start":{"line":1322,"column":14},"end":{"line":1322,"column":21}},{"start":{"line":1323,"column":14},"end":{"line":1324,"column":40}}],"line":1309},"122":{"loc":{"start":{"line":1313,"column":16},"end":{"line":1317,"column":17}},"type":"if","locations":[{"start":{"line":1313,"column":16},"end":{"line":1317,"column":17}},{"start":{"line":1313,"column":16},"end":{"line":1317,"column":17}}],"line":1313},"123":{"loc":{"start":{"line":1352,"column":12},"end":{"line":1418,"column":13}},"type":"switch","locations":[{"start":{"line":1353,"column":14},"end":{"line":1365,"column":46}},{"start":{"line":1367,"column":14},"end":{"line":1369,"column":22}},{"start":{"line":1371,"column":14},"end":{"line":1378,"column":47}},{"start":{"line":1380,"column":14},"end":{"line":1382,"column":22}},{"start":{"line":1384,"column":14},"end":{"line":1391,"column":50}},{"start":{"line":1393,"column":14},"end":{"line":1395,"column":22}},{"start":{"line":1397,"column":14},"end":{"line":1404,"column":90}},{"start":{"line":1406,"column":14},"end":{"line":1408,"column":22}},{"start":{"line":1410,"column":14},"end":{"line":1413,"column":55}},{"start":{"line":1415,"column":14},"end":{"line":1415,"column":22}},{"start":{"line":1416,"column":14},"end":{"line":1417,"column":40}}],"line":1352},"124":{"loc":{"start":{"line":1359,"column":16},"end":{"line":1362,"column":17}},"type":"if","locations":[{"start":{"line":1359,"column":16},"end":{"line":1362,"column":17}},{"start":{"line":1359,"column":16},"end":{"line":1362,"column":17}}],"line":1359},"125":{"loc":{"start":{"line":1372,"column":16},"end":{"line":1375,"column":17}},"type":"if","locations":[{"start":{"line":1372,"column":16},"end":{"line":1375,"column":17}},{"start":{"line":1372,"column":16},"end":{"line":1375,"column":17}}],"line":1372},"126":{"loc":{"start":{"line":1385,"column":16},"end":{"line":1388,"column":17}},"type":"if","locations":[{"start":{"line":1385,"column":16},"end":{"line":1388,"column":17}},{"start":{"line":1385,"column":16},"end":{"line":1388,"column":17}}],"line":1385},"127":{"loc":{"start":{"line":1385,"column":22},"end":{"line":1385,"column":48}},"type":"binary-expr","locations":[{"start":{"line":1385,"column":22},"end":{"line":1385,"column":30}},{"start":{"line":1385,"column":34},"end":{"line":1385,"column":48}}],"line":1385},"128":{"loc":{"start":{"line":1398,"column":16},"end":{"line":1401,"column":17}},"type":"if","locations":[{"start":{"line":1398,"column":16},"end":{"line":1401,"column":17}},{"start":{"line":1398,"column":16},"end":{"line":1401,"column":17}}],"line":1398},"129":{"loc":{"start":{"line":1461,"column":13},"end":{"line":1463,"column":8}},"type":"cond-expr","locations":[{"start":{"line":1461,"column":40},"end":{"line":1461,"column":44}},{"start":{"line":1461,"column":47},"end":{"line":1463,"column":8}}],"line":1461},"130":{"loc":{"start":{"line":1531,"column":17},"end":{"line":1531,"column":102}},"type":"cond-expr","locations":[{"start":{"line":1531,"column":70},"end":{"line":1531,"column":82}},{"start":{"line":1531,"column":85},"end":{"line":1531,"column":102}}],"line":1531},"131":{"loc":{"start":{"line":1531,"column":17},"end":{"line":1531,"column":67}},"type":"binary-expr","locations":[{"start":{"line":1531,"column":17},"end":{"line":1531,"column":37}},{"start":{"line":1531,"column":41},"end":{"line":1531,"column":67}}],"line":1531},"132":{"loc":{"start":{"line":1549,"column":13},"end":{"line":1549,"column":83}},"type":"binary-expr","locations":[{"start":{"line":1549,"column":13},"end":{"line":1549,"column":35}},{"start":{"line":1549,"column":39},"end":{"line":1549,"column":83}}],"line":1549}},"s":{"0":2,"1":1,"2":1,"3":1,"4":1,"5":1,"6":1,"7":1,"8":1,"9":69,"10":69,"11":69,"12":69,"13":69,"14":1,"15":148,"16":148,"17":1,"18":1,"19":1,"20":1,"21":1,"22":1,"23":1,"24":1,"25":0,"26":1,"27":1,"28":1,"29":1,"30":1,"31":1,"32":1,"33":1,"34":2,"35":6,"36":135,"37":1,"38":0,"39":0,"40":1,"41":38,"42":38,"43":0,"44":0,"45":0,"46":38,"47":38,"48":1,"49":0,"50":0,"51":0,"52":0,"53":0,"54":0,"55":0,"56":0,"57":0,"58":0,"59":0,"60":0,"61":0,"62":0,"63":0,"64":0,"65":0,"66":0,"67":1,"68":1,"69":0,"70":1,"71":1,"72":0,"73":0,"74":0,"75":69,"76":69,"77":135,"78":0,"79":135,"80":0,"81":0,"82":0,"83":135,"84":135,"85":135,"86":148,"87":148,"88":0,"89":0,"90":0,"91":0,"92":0,"93":148,"94":135,"95":13,"96":1,"97":0,"98":0,"99":1,"100":12,"101":12,"102":148,"103":148,"104":148,"105":147,"106":147,"107":12,"108":135,"109":1,"110":1,"111":1,"112":1,"113":0,"114":0,"115":0,"116":0,"117":0,"118":0,"119":0,"120":0,"121":0,"122":0,"123":0,"124":0,"125":0,"126":0,"127":0,"128":0,"129":0,"130":0,"131":0,"132":0,"133":0,"134":0,"135":0,"136":0,"137":0,"138":0,"139":0,"140":0,"141":0,"142":0,"143":0,"144":0,"145":0,"146":0,"147":1,"148":1,"149":1,"150":0,"151":1,"152":0,"153":20,"154":20,"155":20,"156":20,"157":0,"158":0,"159":20,"160":90,"161":90,"162":90,"163":90,"164":69,"165":69,"166":69,"167":1,"168":0,"169":0,"170":0,"171":0,"172":0,"173":0,"174":0,"175":0,"176":0,"177":0,"178":0,"179":0,"180":0,"181":1,"182":1,"183":1,"184":1,"185":0,"186":0,"187":0,"188":0,"189":0,"190":0,"191":0,"192":0,"193":0,"194":0,"195":0,"196":0,"197":0,"198":0,"199":0,"200":1,"201":0,"202":1,"203":69,"204":69,"205":69,"206":69,"207":69,"208":69,"209":69,"210":69,"211":69,"212":0,"213":0,"214":0,"215":69,"216":69,"217":69,"218":69,"219":0,"220":69,"221":1,"222":0,"223":1,"224":1,"225":1,"226":1,"227":1,"228":1,"229":1,"230":1,"231":1,"232":1,"233":1,"234":1,"235":1,"236":0,"237":1,"238":1,"239":1,"240":1,"241":0,"242":0,"243":0,"244":0,"245":1,"246":1,"247":1,"248":0,"249":0,"250":0,"251":0,"252":24,"253":24,"254":24,"255":24,"256":0,"257":0,"258":24,"259":0,"260":24,"261":24,"262":24,"263":24,"264":0,"265":0,"266":0,"267":24,"268":24,"269":0,"270":24,"271":0,"272":24,"273":24,"274":24,"275":24,"276":0,"277":0,"278":24,"279":0,"280":0,"281":0,"282":0,"283":0,"284":0,"285":0,"286":1,"287":1,"288":1,"289":1,"290":1,"291":1,"292":1,"293":1,"294":1,"295":0,"296":0,"297":0,"298":0,"299":0,"300":1,"301":1,"302":1,"303":1,"304":1,"305":135,"306":135,"307":135,"308":0,"309":0,"310":135,"311":69,"312":66,"313":38,"314":69,"315":69,"316":69,"317":69,"318":135,"319":0,"320":69,"321":1,"322":1,"323":1,"324":1,"325":42,"326":0,"327":0,"328":1,"329":21,"330":21,"331":21,"332":0,"333":0,"334":21,"335":1,"336":19,"337":0,"338":1,"339":2,"340":2,"341":28,"342":28,"343":28,"344":28,"345":26,"346":28,"347":2,"348":2,"349":2,"350":0,"351":2,"352":1,"353":1,"354":0,"355":1,"356":1,"357":1,"358":1,"359":9,"360":9,"361":9,"362":9,"363":9,"364":9,"365":1,"366":9,"367":9,"368":9,"369":1,"370":22,"371":44,"372":103,"373":22,"374":20,"375":20,"376":2,"377":20,"378":20,"379":20,"380":19,"381":19,"382":1,"383":1,"384":1,"385":1,"386":19,"387":16,"388":16,"389":3,"390":3,"391":3,"392":3,"393":16,"394":16,"395":22,"396":22,"397":1,"398":2,"399":2,"400":2,"401":29,"402":29,"403":2,"404":1,"405":1,"406":10,"407":10,"408":10,"409":10,"410":10,"411":10,"412":1,"413":10,"414":10,"415":3,"416":10,"417":10,"418":0,"419":13,"420":9,"421":1,"422":9,"423":9,"424":4,"425":0,"426":4,"427":1,"428":12,"429":12,"430":12,"431":12,"432":12,"433":14,"434":14,"435":14,"436":1,"437":3,"438":3,"439":1,"440":1,"441":1,"442":1,"443":1,"444":1,"445":14,"446":1,"447":14,"448":14,"449":14,"450":14,"451":14,"452":14,"453":14,"454":14,"455":7,"456":14,"457":14,"458":7,"459":7,"460":7,"461":7,"462":14,"463":7,"464":14,"465":14,"466":6,"467":6,"468":6,"469":12,"470":12,"471":6,"472":6,"473":6,"474":6,"475":6,"476":28,"477":28,"478":1,"479":10,"480":29,"481":38,"482":10,"483":9,"484":9,"485":1,"486":9,"487":3,"488":3,"489":3,"490":9,"491":9,"492":9,"493":9,"494":10,"495":10,"496":1,"497":10,"498":1,"499":9,"500":1,"501":3,"502":6,"503":6,"504":3,"505":3,"506":0,"507":3,"508":3,"509":3,"510":3,"511":3,"512":1,"513":1,"514":20,"515":40,"516":106,"517":20,"518":20,"519":20,"520":20,"521":20,"522":14,"523":14,"524":6,"525":6,"526":6,"527":6,"528":14,"529":13,"530":13,"531":1,"532":1,"533":1,"534":1,"535":13,"536":8,"537":8,"538":5,"539":5,"540":5,"541":5,"542":8,"543":0,"544":0,"545":8,"546":8,"547":19,"548":19,"549":1,"550":1,"551":1,"552":20,"553":20,"554":1,"555":1,"556":1,"557":1,"558":1,"559":3,"560":2,"561":9,"562":9,"563":9,"564":9,"565":9,"566":9,"567":0,"568":0,"569":1,"570":1,"571":0,"572":1,"573":1,"574":1,"575":1,"576":1,"577":1,"578":1,"579":10,"580":1,"581":1},"f":{"0":2,"1":1,"2":1,"3":69,"4":148,"5":0,"6":0,"7":0,"8":0,"9":2,"10":6,"11":135,"12":0,"13":38,"14":0,"15":0,"16":0,"17":0,"18":0,"19":0,"20":0,"21":0,"22":0,"23":0,"24":0,"25":0,"26":0,"27":69,"28":135,"29":0,"30":0,"31":0,"32":20,"33":90,"34":69,"35":0,"36":0,"37":1,"38":0,"39":0,"40":69,"41":69,"42":1,"43":1,"44":24,"45":24,"46":0,"47":1,"48":0,"49":135,"50":38,"51":69,"52":69,"53":135,"54":0,"55":1,"56":1,"57":42,"58":0,"59":21,"60":21,"61":0,"62":19,"63":2,"64":2,"65":1,"66":1,"67":9,"68":9,"69":1,"70":22,"71":44,"72":22,"73":2,"74":29,"75":2,"76":1,"77":10,"78":10,"79":10,"80":3,"81":0,"82":3,"83":13,"84":12,"85":14,"86":14,"87":1,"88":3,"89":1,"90":14,"91":14,"92":14,"93":14,"94":7,"95":14,"96":7,"97":28,"98":6,"99":6,"100":6,"101":12,"102":1,"103":10,"104":29,"105":10,"106":10,"107":1,"108":3,"109":6,"110":3,"111":1,"112":20,"113":40,"114":20,"115":1,"116":1,"117":3,"118":2,"119":9,"120":9,"121":9,"122":0,"123":1,"124":0,"125":1,"126":1,"127":1,"128":10},"b":{"0":[1,0],"1":[1,0],"2":[1,0],"3":[1,0],"4":[69,0],"5":[69,69],"6":[69,49],"7":[1,1],"8":[1,0],"9":[1,1,1],"10":[0,0],"11":[0,0],"12":[0,0],"13":[0,0],"14":[38,0],"15":[0,0],"16":[0,0],"17":[0,0],"18":[0,0,0],"19":[0,0],"20":[0,0],"21":[0,0],"22":[0,135],"23":[0,135],"24":[0,0],"25":[0,148],"26":[0,0],"27":[0,0],"28":[135,13],"29":[1,12],"30":[0,1],"31":[12,0],"32":[147,1],"33":[69,78],"34":[12,135],"35":[1,0],"36":[0,0],"37":[0,0],"38":[0,0],"39":[0,0],"40":[0,0],"41":[0,0],"42":[0,0],"43":[0,0],"44":[20,0],"45":[0,20],"46":[90,89],"47":[0,0],"48":[1,0],"49":[1,0],"50":[0,0],"51":[0,0],"52":[0,0],"53":[0,69],"54":[0,0],"55":[0,0,0],"56":[0,69],"57":[0,1],"58":[1,0],"59":[0,1],"60":[1,0],"61":[0,1],"62":[1,1],"63":[0,0],"64":[0,0],"65":[1,0],"66":[1,0],"67":[0,0],"68":[0,0],"69":[0,24],"70":[24,0,0],"71":[0,24],"72":[24,0,0,0,0],"73":[0,24],"74":[0,24],"75":[0,24],"76":[0,24],"77":[24,24],"78":[24,0],"79":[0,0],"80":[0,0],"81":[0,0],"82":[1,0],"83":[1,0],"84":[0,0],"85":[69,66],"86":[1,0],"87":[1,1],"88":[0,0],"89":[0,0,0,0],"90":[21,0],"91":[21,21],"92":[0,0],"93":[0,0,0,0],"94":[0,19],"95":[28,28],"96":[26,2],"97":[2,0],"98":[0,2],"99":[0,1],"100":[22,20,1,19,3,16,20,22],"101":[20,2],"102":[19,1],"103":[16,3],"104":[1,9],"105":[10,1],"106":[9,4],"107":[1,8],"108":[0,4],"109":[1,3],"110":[2,10],"111":[12,12],"112":[2,10],"113":[12,12],"114":[1,1,1,1],"115":[7,7,7],"116":[6,6,6],"117":[10,9,9,0,10],"118":[9,1],"119":[3,6],"120":[1,9],"121":[3,3,3],"122":[0,3],"123":[20,6,14,1,13,5,8,19,1,20,20],"124":[14,6],"125":[13,1],"126":[8,5],"127":[13,8],"128":[0,8],"129":[2,1],"130":[0,1],"131":[1,1],"132":[10,9]},"_coverageSchema":"43e27e138ebf9cfc5966b082cf9a028302ed4184","hash":"0b2daf9298a1e660db2b8e35bbc9543b84ed15d7"}
}
