TN:
SF:F:\code\demo\npm\focus-flow\src\index.js
FN:11,(anonymous_0)
FNF:1
FNH:1
FNDA:19,(anonymous_0)
DA:5,1
DA:6,1
DA:11,1
DA:12,19
LF:4
LH:4
BRF:0
BRH:0
end_of_record
TN:
SF:F:\code\demo\npm\focus-flow\src\ff\constructor.js
FN:3,(anonymous_0)
FN:9,(anonymous_1)
FN:19,(anonymous_2)
FN:20,template
FN:26,(anonymous_4)
FN:29,(anonymous_5)
FN:34,(anonymous_6)
FN:40,(anonymous_7)
FNF:8
FNH:7
FNDA:10,(anonymous_0)
FNDA:10,(anonymous_1)
FNDA:10,(anonymous_2)
FNDA:3,template
FNDA:0,(anonymous_4)
FNDA:2,(anonymous_5)
FNDA:1,(anonymous_6)
FNDA:10,(anonymous_7)
DA:2,1
DA:4,10
DA:5,10
DA:6,10
DA:7,10
DA:10,10
DA:16,10
DA:21,3
DA:24,10
DA:25,10
DA:26,0
DA:35,1
DA:41,10
LF:13
LH:12
BRDA:3,0,0,9
BRDA:41,1,0,10
BRDA:41,1,1,9
BRF:3
BRH:3
end_of_record
TN:
SF:F:\code\demo\npm\focus-flow\src\ff\pond.js
FN:10,(anonymous_0)
FN:34,(anonymous_1)
FN:37,(anonymous_2)
FN:49,(anonymous_3)
FN:57,(anonymous_4)
FN:65,(anonymous_5)
FN:68,(anonymous_6)
FN:82,(anonymous_7)
FN:84,(anonymous_8)
FN:97,(anonymous_9)
FN:98,(anonymous_10)
FN:108,(anonymous_11)
FNF:12
FNH:12
FNDA:13,(anonymous_0)
FNDA:14,(anonymous_1)
FNDA:1,(anonymous_2)
FNDA:14,(anonymous_3)
FNDA:14,(anonymous_4)
FNDA:15,(anonymous_5)
FNDA:7,(anonymous_6)
FNDA:28,(anonymous_7)
FNDA:6,(anonymous_8)
FNDA:1,(anonymous_9)
FNDA:1,(anonymous_10)
FNDA:69,(anonymous_11)
DA:11,13
DA:12,9
DA:13,9
DA:14,9
DA:15,4
DA:16,0
DA:17,0
DA:18,4
DA:20,1
DA:22,12
DA:23,12
DA:27,12
DA:35,14
DA:36,14
DA:37,14
DA:38,1
DA:39,1
DA:40,1
DA:42,14
DA:50,14
DA:58,14
DA:66,15
DA:67,15
DA:68,15
DA:70,7
DA:71,7
DA:73,15
DA:83,28
DA:84,28
DA:85,6
DA:86,6
DA:88,28
DA:98,1
DA:99,1
DA:109,69
LF:35
LH:33
BRDA:11,0,0,9
BRDA:11,0,1,4
BRDA:12,1,0,1
BRDA:12,1,1,8
BRDA:15,2,0,0
BRDA:15,2,1,4
BRDA:18,3,0,1
BRDA:18,3,1,3
BRDA:97,4,0,1
BRDA:108,5,0,66
BRDA:109,6,0,7
BRDA:109,6,1,62
BRDA:109,7,0,69
BRDA:109,7,1,69
BRF:14
BRH:13
end_of_record
TN:
SF:F:\code\demo\npm\focus-flow\src\ff\threads.js
FN:7,(anonymous_0)
FN:17,(anonymous_1)
FN:25,(anonymous_2)
FN:35,(anonymous_3)
FN:38,(anonymous_4)
FN:46,(anonymous_5)
FN:56,(anonymous_6)
FN:57,(anonymous_7)
FN:64,(anonymous_8)
FN:72,(anonymous_9)
FN:74,(anonymous_10)
FNF:11
FNH:9
FNDA:10,(anonymous_0)
FNDA:1,(anonymous_1)
FNDA:1,(anonymous_2)
FNDA:3,(anonymous_3)
FNDA:2,(anonymous_4)
FNDA:9,(anonymous_5)
FNDA:9,(anonymous_6)
FNDA:9,(anonymous_7)
FNDA:0,(anonymous_8)
FNDA:1,(anonymous_9)
FNDA:0,(anonymous_10)
DA:8,10
DA:9,1
DA:11,9
DA:18,1
DA:19,1
DA:26,1
DA:27,1
DA:36,3
DA:38,2
DA:47,9
DA:48,9
DA:49,9
DA:57,9
DA:58,9
DA:65,0
DA:66,0
DA:73,1
DA:74,1
DA:75,1
LF:19
LH:17
BRDA:8,0,0,1
BRDA:8,0,1,9
BRDA:36,1,0,2
BRDA:36,1,1,1
BRF:4
BRH:4
end_of_record
TN:
SF:F:\code\demo\npm\focus-flow\src\ff\transfer.js
FN:8,(anonymous_0)
FN:23,(anonymous_1)
FN:38,(anonymous_2)
FNF:3
FNH:3
FNDA:10,(anonymous_0)
FNDA:3,(anonymous_1)
FNDA:20,(anonymous_2)
DA:9,10
DA:10,9
DA:11,3
DA:13,9
DA:14,9
DA:15,9
DA:24,3
DA:25,3
DA:26,0
DA:28,3
DA:30,3
DA:39,20
DA:40,20
DA:41,20
DA:42,20
DA:43,20
DA:45,6
DA:46,14
DA:48,1
DA:49,13
DA:51,5
DA:52,8
DA:54,8
DA:57,1
LF:24
LH:23
BRDA:9,0,0,1
BRDA:9,0,1,9
BRDA:10,1,0,3
BRDA:10,1,1,6
BRDA:25,2,0,0
BRDA:25,2,1,3
BRDA:43,3,0,6
BRDA:43,3,1,14
BRDA:46,4,0,1
BRDA:46,4,1,13
BRDA:49,5,0,5
BRDA:49,5,1,8
BRDA:49,6,0,13
BRDA:49,6,1,8
BRDA:52,7,0,8
BRDA:52,7,1,0
BRF:16
BRH:14
end_of_record
TN:
SF:F:\code\demo\npm\focus-flow\src\plugin\thread.js
FN:3,(anonymous_0)
FN:15,(anonymous_1)
FN:32,(anonymous_2)
FN:51,(anonymous_3)
FN:57,(anonymous_4)
FN:62,(anonymous_5)
FNF:6
FNH:6
FNDA:9,(anonymous_0)
FNDA:9,(anonymous_1)
FNDA:22,(anonymous_2)
FNDA:2,(anonymous_3)
FNDA:29,(anonymous_4)
FNDA:2,(anonymous_5)
DA:4,9
DA:5,9
DA:6,9
DA:7,9
DA:8,9
DA:16,9
DA:21,9
DA:24,9
DA:33,22
DA:34,20
DA:35,20
DA:37,20
DA:38,1
DA:39,19
DA:40,3
DA:42,16
DA:52,2
DA:53,2
DA:54,2
DA:58,29
DA:59,29
DA:63,2
LF:22
LH:22
BRDA:33,0,0,2
BRDA:33,0,1,20
BRDA:37,1,0,1
BRDA:37,1,1,19
BRDA:39,2,0,3
BRDA:39,2,1,16
BRF:6
BRH:6
end_of_record
