TN:
SF:F:\code\demo\npm\focus-flow\dist\focusFlow.es.js
FN:1,createCommonjsModule
FN:1,asyncGeneratorStep
FN:1,_asyncToGenerator
FN:1,(anonymous_3)
FN:1,(anonymous_4)
FN:1,i
FN:1,a
FN:1,_classCallCheck
FN:1,_defineProperties
FN:1,_createClass
FN:1,_defineProperty
FN:1,(anonymous_11)
FN:1,(anonymous_12)
FN:1,e
FN:1,r
FN:1,n
FN:1,o
FN:1,i
FN:1,a
FN:1,(anonymous_19)
FN:1,(anonymous_20)
FN:1,c
FN:1,e
FN:1,(anonymous_23)
FN:1,(anonymous_24)
FN:1,(anonymous_25)
FN:1,(anonymous_26)
FN:1,n
FN:1,n
FN:1,(anonymous_29)
FN:1,s
FN:1,(anonymous_31)
FN:1,u
FN:1,f
FN:1,h
FN:1,l
FN:1,p
FN:1,e
FN:1,y
FN:1,(anonymous_39)
FN:1,(anonymous_40)
FN:1,(anonymous_41)
FN:1,(anonymous_42)
FN:1,(anonymous_43)
FN:1,(anonymous_44)
FN:1,(anonymous_45)
FN:1,(anonymous_46)
FN:1,(anonymous_47)
FN:1,(anonymous_48)
FN:1,r
FN:1,(anonymous_50)
FN:1,(anonymous_51)
FN:1,(anonymous_52)
FN:1,e
FN:1,(anonymous_54)
FN:1,(anonymous_55)
FN:1,(anonymous_56)
FN:1,(anonymous_57)
FN:1,(anonymous_58)
FN:1,(anonymous_59)
FN:1,e
FN:1,(anonymous_61)
FN:1,(anonymous_62)
FN:1,r
FN:1,(anonymous_64)
FN:1,(anonymous_65)
FN:1,(anonymous_66)
FN:1,t
FN:1,(anonymous_68)
FN:1,(anonymous_69)
FN:1,t
FN:1,t
FN:1,(anonymous_72)
FN:1,(anonymous_73)
FN:1,(anonymous_74)
FN:1,(anonymous_75)
FN:1,(anonymous_76)
FN:1,t
FN:1,(anonymous_78)
FN:1,(anonymous_79)
FN:1,t
FN:1,(anonymous_81)
FN:1,(anonymous_82)
FN:1,(anonymous_83)
FN:1,(anonymous_84)
FN:1,(anonymous_85)
FN:1,(anonymous_86)
FN:1,r
FN:1,(anonymous_88)
FN:1,(anonymous_89)
FN:1,(anonymous_90)
FN:1,(anonymous_91)
FN:1,(anonymous_92)
FN:1,(anonymous_93)
FN:1,r
FN:1,(anonymous_95)
FN:1,(anonymous_96)
FN:1,(anonymous_97)
FN:1,r
FN:1,n
FN:1,t
FN:1,(anonymous_101)
FN:1,(anonymous_102)
FN:1,t
FN:1,t
FN:1,(anonymous_105)
FN:1,(anonymous_106)
FN:1,(anonymous_107)
FN:1,t
FN:1,t
FN:1,(anonymous_110)
FN:1,(anonymous_111)
FN:1,t
FN:1,t
FN:1,(anonymous_114)
FN:1,(anonymous_115)
FN:1,(anonymous_116)
FN:1,(anonymous_117)
FN:1,(anonymous_118)
FN:1,(anonymous_119)
FN:1,(anonymous_120)
FN:1,(anonymous_121)
FN:1,(anonymous_122)
FN:1,(anonymous_123)
FN:1,(anonymous_124)
FN:1,(anonymous_125)
FN:1,(anonymous_126)
FN:1,(anonymous_127)
FN:1,(anonymous_128)
FNF:129
FNH:96
FNDA:2,createCommonjsModule
FNDA:135,asyncGeneratorStep
FNDA:38,_asyncToGenerator
FNDA:69,(anonymous_3)
FNDA:69,(anonymous_4)
FNDA:135,i
FNDA:0,a
FNDA:19,_classCallCheck
FNDA:2,_defineProperties
FNDA:2,_createClass
FNDA:1,_defineProperty
FNDA:1,(anonymous_11)
FNDA:1,(anonymous_12)
FNDA:69,e
FNDA:148,r
FNDA:0,n
FNDA:0,o
FNDA:0,i
FNDA:2,a
FNDA:6,(anonymous_19)
FNDA:135,(anonymous_20)
FNDA:0,c
FNDA:0,e
FNDA:0,(anonymous_23)
FNDA:0,(anonymous_24)
FNDA:0,(anonymous_25)
FNDA:0,(anonymous_26)
FNDA:0,n
FNDA:0,n
FNDA:0,(anonymous_29)
FNDA:69,s
FNDA:135,(anonymous_31)
FNDA:0,u
FNDA:20,f
FNDA:90,h
FNDA:69,l
FNDA:1,p
FNDA:0,e
FNDA:0,y
FNDA:0,(anonymous_39)
FNDA:0,(anonymous_40)
FNDA:38,(anonymous_41)
FNDA:0,(anonymous_42)
FNDA:0,(anonymous_43)
FNDA:0,(anonymous_44)
FNDA:0,(anonymous_45)
FNDA:0,(anonymous_46)
FNDA:0,(anonymous_47)
FNDA:0,(anonymous_48)
FNDA:0,r
FNDA:69,(anonymous_50)
FNDA:69,(anonymous_51)
FNDA:1,(anonymous_52)
FNDA:1,e
FNDA:24,(anonymous_54)
FNDA:24,(anonymous_55)
FNDA:0,(anonymous_56)
FNDA:1,(anonymous_57)
FNDA:0,(anonymous_58)
FNDA:1,(anonymous_59)
FNDA:1,e
FNDA:42,(anonymous_61)
FNDA:0,(anonymous_62)
FNDA:21,r
FNDA:21,(anonymous_64)
FNDA:0,(anonymous_65)
FNDA:1,(anonymous_66)
FNDA:9,t
FNDA:9,(anonymous_68)
FNDA:1,(anonymous_69)
FNDA:22,t
FNDA:22,t
FNDA:44,(anonymous_72)
FNDA:2,(anonymous_73)
FNDA:29,(anonymous_74)
FNDA:2,(anonymous_75)
FNDA:1,(anonymous_76)
FNDA:10,t
FNDA:10,(anonymous_78)
FNDA:10,(anonymous_79)
FNDA:3,t
FNDA:0,(anonymous_81)
FNDA:3,(anonymous_82)
FNDA:13,(anonymous_83)
FNDA:12,(anonymous_84)
FNDA:14,(anonymous_85)
FNDA:14,(anonymous_86)
FNDA:1,r
FNDA:3,(anonymous_88)
FNDA:1,(anonymous_89)
FNDA:14,(anonymous_90)
FNDA:14,(anonymous_91)
FNDA:14,(anonymous_92)
FNDA:14,(anonymous_93)
FNDA:7,r
FNDA:14,(anonymous_95)
FNDA:7,(anonymous_96)
FNDA:28,(anonymous_97)
FNDA:6,r
FNDA:6,n
FNDA:6,t
FNDA:12,(anonymous_101)
FNDA:1,(anonymous_102)
FNDA:10,t
FNDA:10,t
FNDA:29,(anonymous_105)
FNDA:10,(anonymous_106)
FNDA:1,(anonymous_107)
FNDA:3,t
FNDA:3,t
FNDA:6,(anonymous_110)
FNDA:1,(anonymous_111)
FNDA:20,t
FNDA:20,t
FNDA:40,(anonymous_114)
FNDA:1,(anonymous_115)
FNDA:1,(anonymous_116)
FNDA:3,(anonymous_117)
FNDA:2,(anonymous_118)
FNDA:9,(anonymous_119)
FNDA:9,(anonymous_120)
FNDA:9,(anonymous_121)
FNDA:0,(anonymous_122)
FNDA:1,(anonymous_123)
FNDA:0,(anonymous_124)
FNDA:1,(anonymous_125)
FNDA:1,(anonymous_126)
FNDA:1,(anonymous_127)
FNDA:10,(anonymous_128)
DA:1,148
LF:1
LH:1
BRDA:1,0,0,69
BRDA:1,0,1,66
BRDA:1,1,0,0
BRDA:1,1,1,19
BRDA:1,2,0,28
BRDA:1,2,1,28
BRDA:1,3,0,28
BRDA:1,3,1,26
BRDA:1,4,0,2
BRDA:1,4,1,2
BRDA:1,5,0,2
BRDA:1,5,1,0
BRDA:1,6,0,0
BRDA:1,6,1,1
BRDA:1,7,0,69
BRDA:1,7,1,0
BRDA:1,8,0,69
BRDA:1,8,1,69
BRDA:1,9,0,69
BRDA:1,9,1,49
BRDA:1,10,0,0
BRDA:1,10,1,0
BRDA:1,11,0,0
BRDA:1,11,1,0
BRDA:1,12,0,0
BRDA:1,12,1,0
BRDA:1,12,2,0
BRDA:1,13,0,0
BRDA:1,13,1,0
BRDA:1,14,0,0
BRDA:1,14,1,135
BRDA:1,15,0,0
BRDA:1,15,1,135
BRDA:1,16,0,0
BRDA:1,16,1,0
BRDA:1,17,0,0
BRDA:1,17,1,148
BRDA:1,18,0,0
BRDA:1,18,1,0
BRDA:1,19,0,0
BRDA:1,19,1,0
BRDA:1,20,0,135
BRDA:1,20,1,13
BRDA:1,21,0,1
BRDA:1,21,1,12
BRDA:1,22,0,0
BRDA:1,22,1,1
BRDA:1,23,0,12
BRDA:1,23,1,12
BRDA:1,24,0,147
BRDA:1,24,1,1
BRDA:1,25,0,12
BRDA:1,25,1,135
BRDA:1,26,0,69
BRDA:1,26,1,78
BRDA:1,27,0,1
BRDA:1,27,1,1
BRDA:1,28,0,0
BRDA:1,28,1,0
BRDA:1,29,0,0
BRDA:1,29,1,0
BRDA:1,30,0,0
BRDA:1,30,1,0
BRDA:1,31,0,0
BRDA:1,31,1,0
BRDA:1,32,0,0
BRDA:1,32,1,0
BRDA:1,33,0,0
BRDA:1,33,1,0
BRDA:1,34,0,0
BRDA:1,34,1,0
BRDA:1,35,0,0
BRDA:1,35,1,0
BRDA:1,36,0,20
BRDA:1,36,1,20
BRDA:1,37,0,20
BRDA:1,37,1,0
BRDA:1,38,0,90
BRDA:1,38,1,89
BRDA:1,39,0,1
BRDA:1,39,1,0
BRDA:1,40,0,1
BRDA:1,40,1,0
BRDA:1,41,0,0
BRDA:1,41,1,0
BRDA:1,42,0,0
BRDA:1,42,1,0
BRDA:1,43,0,0
BRDA:1,43,1,0
BRDA:1,44,0,1
BRDA:1,44,1,0
BRDA:1,45,0,1
BRDA:1,45,1,0
BRDA:1,46,0,1
BRDA:1,46,1,0
BRDA:1,47,0,1
BRDA:1,47,1,0
BRDA:1,48,0,1
BRDA:1,48,1,1
BRDA:1,49,0,1
BRDA:1,49,1,1
BRDA:1,49,2,1
BRDA:1,49,3,1
BRDA:1,50,0,0
BRDA:1,50,1,0
BRDA:1,51,0,0
BRDA:1,51,1,0
BRDA:1,51,2,0
BRDA:1,52,0,0
BRDA:1,52,1,0
BRDA:1,53,0,38
BRDA:1,53,1,0
BRDA:1,54,0,0
BRDA:1,54,1,0
BRDA:1,55,0,0
BRDA:1,55,1,0
BRDA:1,56,0,0
BRDA:1,56,1,0
BRDA:1,57,0,0
BRDA:1,57,1,0
BRDA:1,58,0,0
BRDA:1,58,1,69
BRDA:1,59,0,0
BRDA:1,59,1,0
BRDA:1,59,2,0
BRDA:1,59,3,0
BRDA:1,60,0,0
BRDA:1,60,1,69
BRDA:1,61,0,1
BRDA:1,61,1,1
BRDA:1,62,0,0
BRDA:1,62,1,1
BRDA:1,63,0,0
BRDA:1,63,1,1
BRDA:1,64,0,1
BRDA:1,64,1,0
BRDA:1,65,0,0
BRDA:1,65,1,1
BRDA:1,66,0,1
BRDA:1,66,1,1
BRDA:1,67,0,0
BRDA:1,67,1,0
BRDA:1,68,0,0
BRDA:1,68,1,0
BRDA:1,69,0,1
BRDA:1,69,1,0
BRDA:1,70,0,1
BRDA:1,70,1,0
BRDA:1,71,0,0
BRDA:1,71,1,0
BRDA:1,72,0,0
BRDA:1,72,1,0
BRDA:1,73,0,0
BRDA:1,73,1,24
BRDA:1,74,0,24
BRDA:1,74,1,0
BRDA:1,74,2,0
BRDA:1,75,0,24
BRDA:1,75,1,0
BRDA:1,75,2,0
BRDA:1,75,3,0
BRDA:1,75,4,0
BRDA:1,75,5,0
BRDA:1,76,0,0
BRDA:1,76,1,24
BRDA:1,77,0,0
BRDA:1,77,1,24
BRDA:1,78,0,0
BRDA:1,78,1,24
BRDA:1,79,0,0
BRDA:1,79,1,24
BRDA:1,80,0,24
BRDA:1,80,1,24
BRDA:1,81,0,24
BRDA:1,81,1,0
BRDA:1,82,0,0
BRDA:1,82,1,0
BRDA:1,82,2,0
BRDA:1,83,0,0
BRDA:1,83,1,0
BRDA:1,84,0,1
BRDA:1,84,1,0
BRDA:1,85,0,1
BRDA:1,85,1,0
BRDA:1,86,0,0
BRDA:1,86,1,0
BRDA:1,87,0,1
BRDA:1,87,1,0
BRDA:1,88,0,1
BRDA:1,88,1,1
BRDA:1,89,0,0
BRDA:1,89,1,0
BRDA:1,90,0,0
BRDA:1,90,1,0
BRDA:1,90,2,0
BRDA:1,90,3,0
BRDA:1,91,0,21
BRDA:1,91,1,0
BRDA:1,92,0,21
BRDA:1,92,1,21
BRDA:1,93,0,0
BRDA:1,93,1,0
BRDA:1,94,0,0
BRDA:1,94,1,0
BRDA:1,94,2,0
BRDA:1,94,3,0
BRDA:1,95,0,22
BRDA:1,95,1,20
BRDA:1,95,2,1
BRDA:1,95,3,19
BRDA:1,95,4,3
BRDA:1,95,5,16
BRDA:1,95,6,20
BRDA:1,95,7,22
BRDA:1,96,0,20
BRDA:1,96,1,2
BRDA:1,97,0,19
BRDA:1,97,1,1
BRDA:1,98,0,16
BRDA:1,98,1,3
BRDA:1,99,0,1
BRDA:1,99,1,9
BRDA:1,100,0,10
BRDA:1,100,1,1
BRDA:1,101,0,9
BRDA:1,101,1,4
BRDA:1,102,0,9
BRDA:1,102,1,1
BRDA:1,103,0,0
BRDA:1,103,1,4
BRDA:1,104,0,1
BRDA:1,104,1,3
BRDA:1,105,0,2
BRDA:1,105,1,10
BRDA:1,106,0,12
BRDA:1,106,1,12
BRDA:1,107,0,2
BRDA:1,107,1,10
BRDA:1,108,0,12
BRDA:1,108,1,12
BRDA:1,109,0,1
BRDA:1,109,1,1
BRDA:1,109,2,1
BRDA:1,109,3,1
BRDA:1,110,0,7
BRDA:1,110,1,7
BRDA:1,110,2,7
BRDA:1,111,0,6
BRDA:1,111,1,6
BRDA:1,111,2,6
BRDA:1,112,0,10
BRDA:1,112,1,9
BRDA:1,112,2,9
BRDA:1,112,3,0
BRDA:1,112,4,10
BRDA:1,113,0,9
BRDA:1,113,1,1
BRDA:1,114,0,9
BRDA:1,114,1,3
BRDA:1,115,0,10
BRDA:1,115,1,1
BRDA:1,116,0,3
BRDA:1,116,1,3
BRDA:1,116,2,3
BRDA:1,117,0,0
BRDA:1,117,1,3
BRDA:1,118,0,20
BRDA:1,118,1,6
BRDA:1,118,2,14
BRDA:1,118,3,1
BRDA:1,118,4,13
BRDA:1,118,5,5
BRDA:1,118,6,8
BRDA:1,118,7,19
BRDA:1,118,8,1
BRDA:1,118,9,20
BRDA:1,118,10,20
BRDA:1,119,0,14
BRDA:1,119,1,6
BRDA:1,120,0,13
BRDA:1,120,1,1
BRDA:1,121,0,8
BRDA:1,121,1,5
BRDA:1,122,0,13
BRDA:1,122,1,8
BRDA:1,123,0,0
BRDA:1,123,1,8
BRDA:1,124,0,2
BRDA:1,124,1,1
BRDA:1,125,0,0
BRDA:1,125,1,1
BRDA:1,126,0,1
BRDA:1,126,1,1
BRDA:1,127,0,10
BRDA:1,127,1,9
BRF:295
BRH:166
end_of_record
